TN:
SF:/home/runner/work/dlt-daemon/dlt-daemon/src/console/dlt-control-common.c
FN:102,get_verbosity
FN:107,set_verbosity
FN:112,get_ecuid
FN:117,set_ecuid
FN:144,set_conf
FN:156,get_timeout
FN:161,set_timeout
FN:172,set_send_serial_header
FN:177,set_resync_serial_header
FN:182,dlt_parse_config_param
FN:263,prepare_extra_headers
FN:310,prepare_headers
FN:366,dlt_control_prepare_message
FN:433,dlt_control_init_connection
FN:475,dlt_control_listen_to_daemon
FN:499,dlt_control_callback
FN:549,dlt_control_send_message
FN:618,dlt_control_init
FN:655,dlt_control_deinit
FNDA:2,dlt_control_callback
FNDA:2,dlt_control_listen_to_daemon
FNDA:2,set_ecuid
FNDA:2,prepare_extra_headers
FNDA:2,set_send_serial_header
FNDA:2,prepare_headers
FNDA:2,dlt_control_init
FNDA:4,get_ecuid
FNDA:2,dlt_parse_config_param
FNDA:2,dlt_control_send_message
FNDA:18,get_verbosity
FNDA:2,get_timeout
FNDA:2,dlt_control_init_connection
FNDA:2,set_resync_serial_header
FNDA:2,set_conf
FNDA:2,set_timeout
FNDA:0,set_verbosity
FNDA:2,dlt_control_deinit
FNDA:2,dlt_control_prepare_message
FNF:19
FNH:18
DA:102,18
DA:104,46
DA:107,0
DA:109,2
DA:110,0
DA:112,4
DA:114,4
DA:117,2
DA:119,2
DA:121,2
DA:123,0
DA:124,0
DA:126,0
DA:127,0
DA:129,0
DA:132,0
DA:139,0
DA:142,2
DA:144,2
DA:146,2
DA:149,2
DA:152,0
DA:154,2
DA:156,2
DA:158,2
DA:161,2
DA:163,2
DA:165,2
DA:166,2
DA:168,0
DA:170,2
DA:172,2
DA:174,2
DA:175,2
DA:177,2
DA:179,2
DA:180,2
DA:182,2
DA:186,2
DA:187,2
DA:188,2
DA:192,2
DA:193,0
DA:196,2
DA:201,2
DA:203,2
DA:206,14
DA:207,12
DA:208,2
DA:209,2
DA:210,2
DA:212,4
DA:213,4
DA:215,2
DA:219,2
DA:220,2
DA:223,2
DA:226,2
DA:227,2
DA:228,2
DA:229,2
DA:242,2
DA:245,0
DA:248,2
DA:249,0
DA:263,2
DA:267,2
DA:269,2
DA:272,2
DA:274,2
DA:277,2
DA:279,2
DA:282,2
DA:283,0
DA:284,0
DA:288,2
DA:290,2
DA:292,2
DA:295,2
DA:296,2
DA:298,2
DA:310,2
DA:314,2
DA:316,2
DA:319,2
DA:321,2
DA:322,0
DA:323,0
DA:327,2
DA:328,2
DA:330,2
DA:337,2
DA:340,2
DA:345,2
DA:347,2
DA:348,0
DA:349,0
DA:352,2
DA:354,2
DA:366,2
DA:370,2
DA:372,2
DA:373,0
DA:374,0
DA:377,2
DA:379,2
DA:380,0
DA:381,0
DA:384,2
DA:385,0
DA:386,0
DA:387,0
DA:391,2
DA:394,2
DA:396,2
DA:397,0
DA:398,0
DA:399,0
DA:403,2
DA:406,2
DA:407,0
DA:408,0
DA:409,0
DA:413,2
DA:414,0
DA:415,0
DA:416,0
DA:433,2
DA:435,2
DA:437,2
DA:438,0
DA:439,0
DA:442,2
DA:444,2
DA:445,0
DA:446,0
DA:449,2
DA:451,2
DA:453,2
DA:455,0
DA:456,0
DA:457,0
DA:461,2
DA:463,2
DA:475,2
DA:477,2
DA:478,2
DA:479,2
DA:499,2
DA:501,2
DA:504,2
DA:505,0
DA:506,0
DA:510,2
DA:511,2
DA:513,0
DA:515,2
DA:518,2
DA:526,2
DA:527,4
DA:528,2
DA:529,2
DA:530,2
DA:531,2
DA:533,2
DA:549,2
DA:554,2
DA:555,0
DA:556,0
DA:559,2
DA:560,0
DA:561,0
DA:564,2
DA:567,2
DA:569,2
DA:570,0
DA:571,0
DA:574,2
DA:577,2
DA:579,2
DA:581,0
DA:582,0
DA:583,0
DA:586,0
DA:587,0
DA:594,2
DA:595,2
DA:598,2
DA:599,2
DA:604,2
DA:618,2
DA:622,2
DA:623,0
DA:624,0
DA:627,2
DA:628,2
DA:631,2
DA:632,0
DA:633,0
DA:634,0
DA:638,2
DA:642,0
DA:643,0
DA:655,2
DA:661,2
DA:662,2
DA:663,2
DA:664,2
DA:668,2
DA:669,0
DA:672,2
DA:673,0
DA:678,2
LF:213
LH:147
end_of_record
TN:
SF:/home/runner/work/dlt-daemon/dlt-daemon/src/console/dlt-convert.c
FN:100,usage
FN:129,empty_dir
FN:182,main
FNDA:35,main
FNDA:0,usage
FNDA:0,empty_dir
FNF:3
FNH:1
DA:100,0
DA:104,0
DA:127,0
DA:129,0
DA:131,0
DA:134,0
DA:137,0
DA:138,0
DA:139,0
DA:142,0
DA:143,0
DA:144,0
DA:147,0
DA:148,0
DA:149,0
DA:150,0
DA:153,0
DA:155,0
DA:157,0
DA:158,0
DA:159,0
DA:161,0
DA:162,0
DA:163,0
DA:164,0
DA:165,0
DA:167,0
DA:173,0
DA:176,0
DA:182,35
DA:207,35
DA:210,35
DA:213,35
DA:221,35
DA:223,70
DA:224,35
DA:231,0
DA:234,0
DA:236,35
DA:239,35
DA:241,0
DA:244,0
DA:246,0
DA:249,0
DA:251,0
DA:254,0
DA:256,0
DA:259,0
DA:261,0
DA:264,0
DA:266,0
DA:268,0
DA:269,0
DA:271,0
DA:273,0
DA:274,0
DA:276,0
DA:278,0
DA:279,0
DA:281,0
DA:283,0
DA:284,0
DA:286,0
DA:288,0
DA:289,0
DA:291,0
DA:293,0
DA:294,0
DA:295,0
DA:296,0
DA:298,0
DA:301,0
DA:302,0
DA:312,35
DA:315,35
DA:316,0
DA:317,0
DA:318,0
DA:321,0
DA:324,35
DA:327,0
DA:328,0
DA:329,0
DA:330,0
DA:334,35
DA:336,0
DA:337,0
DA:338,0
DA:339,0
DA:340,0
DA:342,0
DA:346,0
DA:347,0
DA:349,0
DA:352,0
DA:356,0
DA:357,0
DA:358,0
DA:359,0
DA:360,0
DA:363,0
DA:364,0
DA:365,0
DA:366,0
DA:371,0
DA:372,0
DA:373,0
DA:374,0
DA:375,0
DA:377,0
DA:381,0
DA:384,70
DA:385,35
DA:388,0
DA:390,0
DA:394,35
DA:395,739
DA:399,35
DA:400,35
DA:405,35
DA:408,35
DA:410,35
DA:411,0
DA:412,0
DA:413,0
DA:415,0
DA:418,35
DA:419,0
DA:420,0
DA:421,0
DA:423,0
DA:426,739
DA:427,704
DA:428,0
DA:430,704
DA:432,0
DA:433,0
DA:435,704
DA:438,704
DA:439,0
DA:443,704
DA:444,0
DA:448,0
DA:450,0
DA:451,0
DA:453,0
DA:456,0
DA:457,0
DA:463,704
DA:464,0
DA:465,0
DA:466,0
DA:467,0
DA:469,0
DA:471,0
DA:473,0
DA:474,0
DA:475,0
DA:480,704
DA:482,0
DA:485,0
DA:488,0
DA:489,0
DA:490,0
DA:502,35
DA:503,0
DA:505,0
DA:506,0
DA:510,35
DA:511,0
DA:513,35
DA:514,0
DA:515,0
DA:516,0
DA:517,0
DA:518,0
DA:520,0
DA:522,0
DA:524,35
DA:526,0
DA:527,0
DA:528,0
DA:531,35
DA:533,35
LF:184
LH:37
end_of_record
TN:
SF:/home/runner/work/dlt-daemon/dlt-daemon/src/console/dlt-receive.c
FN:95,signal_handler
FN:148,usage
FN:184,convert_arg_to_byte_size
FN:238,dlt_receive_open_output_file
FN:312,dlt_receive_close_output_file
FN:324,main
FN:660,dlt_receive_message_callback
FNDA:206,dlt_receive_message_callback
FNDA:0,dlt_receive_open_output_file
FNDA:1,signal_handler
FNDA:0,dlt_receive_close_output_file
FNDA:1,main
FNDA:0,convert_arg_to_byte_size
FNDA:0,usage
FNF:7
FNH:3
DA:95,1
DA:97,1
DA:98,1
DA:103,1
DA:104,1
DA:105,1
DA:111,1
DA:148,0
DA:152,0
DA:181,0
DA:184,0
DA:191,0
DA:192,0
DA:198,0
DA:204,0
DA:210,0
DA:214,0
DA:223,0
DA:224,0
DA:238,0
DA:243,0
DA:248,0
DA:249,0
DA:251,0
DA:253,0
DA:254,0
DA:264,0
DA:272,0
DA:276,0
DA:278,0
DA:279,0
DA:283,0
DA:285,0
DA:290,0
DA:292,0
DA:295,0
DA:296,0
DA:297,0
DA:298,0
DA:299,0
DA:301,0
DA:305,0
DA:307,0
DA:308,0
DA:312,0
DA:314,0
DA:315,0
DA:316,0
DA:318,0
DA:324,1
DA:332,1
DA:333,1
DA:334,1
DA:335,1
DA:342,1
DA:343,1
DA:344,1
DA:345,1
DA:346,1
DA:347,1
DA:350,1
DA:352,2
DA:353,1
DA:354,0
DA:356,0
DA:357,0
DA:359,0
DA:361,0
DA:362,0
DA:364,0
DA:366,0
DA:367,0
DA:369,0
DA:371,0
DA:372,0
DA:374,0
DA:376,0
DA:377,0
DA:379,0
DA:381,0
DA:382,0
DA:384,0
DA:386,0
DA:387,0
DA:389,0
DA:391,0
DA:392,0
DA:394,0
DA:396,0
DA:397,0
DA:399,0
DA:401,0
DA:402,0
DA:404,0
DA:406,0
DA:407,0
DA:409,0
DA:411,0
DA:412,0
DA:414,0
DA:420,0
DA:422,0
DA:425,0
DA:426,0
DA:427,0
DA:428,0
DA:430,1
DA:432,1
DA:433,1
DA:435,1
DA:438,1
DA:440,1
DA:441,0
DA:442,0
DA:445,1
DA:446,1
DA:449,0
DA:451,0
DA:452,0
DA:454,0
DA:456,0
DA:457,0
DA:459,0
DA:461,0
DA:462,0
DA:465,0
DA:467,0
DA:469,0
DA:470,0
DA:472,0
DA:473,0
DA:478,0
DA:480,0
DA:481,0
DA:482,0
DA:483,0
DA:485,0
DA:488,0
DA:489,0
DA:491,0
DA:493,0
DA:499,1
DA:502,1
DA:505,1
DA:506,0
DA:509,1
DA:512,1
DA:513,1
DA:516,2
DA:517,1
DA:518,1
DA:519,0
DA:522,1
DA:523,1
DA:524,1
DA:526,1
DA:528,0
DA:531,1
DA:532,1
DA:534,1
DA:535,0
DA:536,0
DA:540,1
DA:542,0
DA:543,0
DA:544,0
DA:545,0
DA:548,1
DA:549,0
DA:550,0
DA:551,0
DA:556,0
DA:557,0
DA:558,0
DA:559,0
DA:562,0
DA:564,0
DA:565,0
DA:566,0
DA:569,0
DA:573,1
DA:574,1
DA:577,1
DA:580,1
DA:582,1
DA:583,0
DA:584,0
DA:585,0
DA:588,0
DA:605,1
DA:606,1
DA:607,0
DA:609,0
DA:612,1
DA:615,1
DA:616,0
DA:617,0
DA:618,0
DA:622,1
DA:623,0
DA:625,1
DA:629,1
DA:632,1
DA:634,1
DA:635,0
DA:636,0
DA:639,1
DA:640,1
DA:648,1
DA:649,1
DA:651,1
DA:653,1
DA:655,1
DA:657,1
DA:660,206
DA:668,206
DA:674,206
DA:675,206
DA:677,0
DA:679,206
DA:680,0
DA:682,206
DA:683,0
DA:685,206
DA:688,0
DA:692,0
DA:696,206
DA:698,0
DA:700,206
DA:703,0
DA:709,206
DA:710,206
DA:711,206
DA:712,206
DA:713,206
DA:715,206
DA:716,0
DA:718,0
DA:721,0
DA:724,0
DA:727,0
DA:731,206
DA:733,206
DA:735,206
DA:737,0
LF:245
LH:87
end_of_record
TN:
SF:/home/runner/work/dlt-daemon/dlt-daemon/src/console/logstorage/dlt-logstorage-common.c
FN:87,get_handler_type
FN:92,set_handler_type
FN:100,get_default_event_type
FN:105,set_default_event_type
FN:110,get_default_path
FN:115,set_default_path
FN:126,get_logstorage_control
FN:131,dlt_logstorage_get_handler_cb
FN:136,dlt_logstorage_get_handler_fd
FN:145,dlt_logstorage_init_handler
FN:164,dlt_logstorage_deinit_handler
FN:188,dlt_logstorage_check_config_file
FN:233,dlt_logstorage_check_directory_permission
FN:254,prepare_message_body
FN:306,dlt_logstorage_send_event
FNDA:0,dlt_logstorage_check_config_file
FNDA:4,get_handler_type
FNDA:2,set_default_event_type
FNDA:6,get_default_event_type
FNDA:2,prepare_message_body
FNDA:2,dlt_logstorage_send_event
FNDA:0,dlt_logstorage_init_handler
FNDA:0,set_handler_type
FNDA:0,dlt_logstorage_get_handler_cb
FNDA:0,dlt_logstorage_check_directory_permission
FNDA:2,get_default_path
FNDA:0,dlt_logstorage_deinit_handler
FNDA:0,get_logstorage_control
FNDA:0,dlt_logstorage_get_handler_fd
FNDA:2,set_default_path
FNF:15
FNH:7
DA:87,4
DA:89,4
DA:92,0
DA:94,0
DA:98,0
DA:100,6
DA:102,6
DA:105,2
DA:107,2
DA:108,2
DA:110,2
DA:112,2
DA:115,2
DA:119,2
DA:121,2
DA:126,0
DA:128,0
DA:131,0
DA:133,0
DA:136,0
DA:138,0
DA:145,0
DA:147,0
DA:150,0
DA:155,0
DA:164,0
DA:166,0
DA:169,0
DA:174,0
DA:188,0
DA:195,0
DA:196,0
DA:197,0
DA:200,0
DA:202,0
DA:204,0
DA:205,0
DA:206,0
DA:210,0
DA:212,0
DA:214,0
DA:218,0
DA:220,0
DA:221,0
DA:223,0
DA:224,0
DA:233,0
DA:235,0
DA:236,0
DA:237,0
DA:240,0
DA:241,0
DA:254,2
DA:260,2
DA:261,0
DA:262,0
DA:265,2
DA:267,2
DA:269,2
DA:270,0
DA:271,0
DA:274,2
DA:276,2
DA:277,0
DA:278,0
DA:279,0
DA:280,0
DA:283,2
DA:287,2
DA:288,2
DA:292,2
DA:294,2
DA:296,2
DA:306,2
DA:309,2
DA:312,2
DA:313,0
DA:314,0
DA:317,2
DA:319,2
DA:320,2
DA:322,2
LF:82
LH:32
end_of_record
TN:
SF:/home/runner/work/dlt-daemon/dlt-daemon/src/console/logstorage/dlt-logstorage-ctrl.c
FN:90,dlt_logstorage_exit
FN:99,dlt_logstorage_must_exit
FN:110,catch_signal
FN:123,install_signal_handler
FN:153,analyze_response
FN:212,dlt_logstorage_ctrl_add_event
FN:236,dlt_logstorage_ctrl_execute_event_loop
FN:293,dlt_logstorage_ctrl_setup_event_loop
FN:349,dlt_logstorage_ctrl_single_request
FN:391,usage
FN:439,parse_args
FN:540,sd_notify
FN:558,main
FNDA:0,sd_notify
FNDA:2,analyze_response
FNDA:2,main
FNDA:0,dlt_logstorage_ctrl_add_event
FNDA:0,dlt_logstorage_must_exit
FNDA:0,usage
FNDA:2,dlt_logstorage_ctrl_single_request
FNDA:0,catch_signal
FNDA:2,parse_args
FNDA:0,dlt_logstorage_ctrl_setup_event_loop
FNDA:0,dlt_logstorage_exit
FNDA:0,install_signal_handler
FNDA:0,dlt_logstorage_ctrl_execute_event_loop
FNF:13
FNH:4
DA:90,0
DA:92,0
DA:93,0
DA:99,0
DA:101,0
DA:110,0
DA:112,0
DA:113,0
DA:116,0
DA:123,0
DA:125,0
DA:129,0
DA:132,0
DA:134,0
DA:136,0
DA:137,0
DA:140,0
DA:153,2
DA:156,2
DA:157,2
DA:158,2
DA:160,2
DA:182,2
DA:185,2
DA:186,0
DA:190,2
DA:191,0
DA:195,2
DA:196,2
DA:212,0
DA:216,0
DA:217,0
DA:218,0
DA:221,0
DA:223,0
DA:224,0
DA:226,0
DA:236,0
DA:239,0
DA:241,0
DA:243,0
DA:244,0
DA:247,0
DA:248,0
DA:250,0
DA:253,0
DA:256,0
DA:257,0
DA:261,0
DA:262,0
DA:263,0
DA:265,0
DA:268,0
DA:269,0
DA:271,0
DA:274,0
DA:276,0
DA:277,0
DA:279,0
DA:293,0
DA:296,0
DA:303,0
DA:305,0
DA:308,0
DA:310,0
DA:311,0
DA:312,0
DA:315,0
DA:316,0
DA:317,0
DA:320,0
DA:322,0
DA:323,0
DA:324,0
DA:325,0
DA:328,0
DA:331,0
DA:335,0
DA:336,0
DA:339,0
DA:340,0
DA:342,0
DA:349,2
DA:354,2
DA:356,0
DA:357,0
DA:360,0
DA:363,0
DA:364,0
DA:365,0
DA:370,2
DA:372,0
DA:373,0
DA:374,0
DA:377,2
DA:381,2
DA:384,2
DA:386,2
DA:391,0
DA:411,0
DA:414,0
DA:439,2
DA:442,2
DA:444,6
DA:448,6
DA:449,4
DA:450,2
DA:451,2
DA:453,2
DA:454,0
DA:455,0
DA:458,2
DA:459,2
DA:460,0
DA:461,0
DA:462,0
DA:464,0
DA:466,0
DA:467,0
DA:469,0
DA:471,0
DA:472,0
DA:474,0
DA:475,0
DA:476,0
DA:477,0
DA:478,0
DA:479,0
DA:480,0
DA:481,0
DA:482,0
DA:483,0
DA:485,0
DA:487,0
DA:488,0
DA:489,0
DA:492,0
DA:493,0
DA:494,0
DA:495,0
DA:496,0
DA:498,0
DA:499,0
DA:500,0
DA:502,2
DA:503,2
DA:504,2
DA:506,0
DA:507,0
DA:508,0
DA:509,0
DA:510,0
DA:512,0
DA:513,0
DA:515,0
DA:517,0
DA:518,0
DA:519,0
DA:520,0
DA:521,0
DA:526,4
DA:527,2
DA:528,0
DA:529,0
DA:533,2
DA:534,0
DA:540,0
DA:545,0
DA:558,2
DA:562,2
DA:563,2
DA:564,2
DA:567,2
DA:572,2
DA:573,2
DA:575,2
DA:577,2
DA:578,0
DA:581,0
DA:585,0
DA:590,0
DA:591,0
DA:592,0
DA:596,0
DA:597,0
DA:600,2
LF:186
LH:43
end_of_record
TN:
SF:/home/runner/work/dlt-daemon/dlt-daemon/src/console/logstorage/dlt-logstorage-list.c
FN:79,print_list
FN:103,logstorage_find_dev_info
FN:135,logstorage_store_dev_info
FN:200,logstorage_delete_dev_info
FNDA:0,logstorage_find_dev_info
FNDA:0,print_list
FNDA:0,logstorage_store_dev_info
FNDA:0,logstorage_delete_dev_info
FNF:4
FNH:0
DA:79,0
DA:81,0
DA:82,0
DA:84,0
DA:85,0
DA:86,0
DA:89,0
DA:91,0
DA:103,0
DA:105,0
DA:107,0
DA:110,0
DA:112,0
DA:113,0
DA:114,0
DA:118,0
DA:135,0
DA:140,0
DA:141,0
DA:142,0
DA:145,0
DA:146,0
DA:147,0
DA:148,0
DA:151,0
DA:153,0
DA:154,0
DA:155,0
DA:158,0
DA:159,0
DA:164,0
DA:166,0
DA:167,0
DA:168,0
DA:170,0
DA:173,0
DA:174,0
DA:177,0
DA:179,0
DA:180,0
DA:182,0
DA:184,0
DA:185,0
DA:187,0
DA:200,0
DA:205,0
DA:207,0
DA:208,0
DA:209,0
DA:210,0
DA:214,0
DA:216,0
DA:217,0
DA:219,0
DA:220,0
DA:222,0
DA:223,0
DA:225,0
DA:226,0
DA:228,0
DA:229,0
DA:231,0
LF:62
LH:0
end_of_record
TN:
SF:/home/runner/work/dlt-daemon/dlt-daemon/src/daemon/dlt-daemon.c
FN:194,usage
FN:239,option_handling
FN:382,option_file_parser
FN:1311,dlt_mkdir_recursive
FN:1360,dlt_daemon_create_pipes_dir
FN:1405,main
FN:1649,dlt_daemon_local_init_p1
FN:1710,dlt_daemon_local_init_p2
FN:1812,dlt_daemon_init_serial
FN:1870,dlt_daemon_init_fifo
FN:2044,dlt_daemon_initialize_control_socket
FN:2091,dlt_daemon_local_connection_init
FN:2207,file_read_everything
FN:2261,file_read_field
FN:2317,dlt_daemon_local_ecu_version_init
FN:2346,dlt_daemon_local_cleanup
FN:2406,dlt_daemon_exit_trigger
FN:2430,dlt_daemon_signal_handler
FN:2479,dlt_daemon_daemonize
FN:2549,dlt_daemon_log_internal
FN:2628,dlt_daemon_check_numeric_setting
FN:2644,dlt_daemon_process_client_connect
FN:2760,dlt_daemon_process_client_messages
FN:2837,dlt_daemon_process_client_messages_serial
FN:2906,dlt_daemon_process_control_connect
FN:3002,dlt_daemon_process_control_messages
FN:3070,dlt_daemon_process_user_message_not_sup
FN:3111,dlt_daemon_process_user_messages
FN:3204,dlt_daemon_process_user_message_overflow
FN:3242,dlt_daemon_send_message_overflow
FN:3262,dlt_daemon_process_user_message_register_application
FN:3385,dlt_daemon_process_user_message_register_context
FN:3595,dlt_daemon_process_user_message_unregister_application
FN:3692,dlt_daemon_process_user_message_unregister_context
FN:3769,dlt_daemon_process_user_message_log
FN:3926,enforce_context_ll_and_ts_keep_message
FN:4004,dlt_daemon_process_user_message_set_app_ll_ts
FN:4080,dlt_daemon_process_user_message_log_mode
FN:4113,dlt_daemon_process_user_message_marker
FN:4143,dlt_daemon_send_ringbuffer_to_client
FN:4232,create_timer_fd
FN:4324,dlt_daemon_close_socket
FNDA:0,dlt_daemon_process_client_messages_serial
FNDA:9,option_handling
FNDA:0,file_read_field
FNDA:2,dlt_daemon_send_ringbuffer_to_client
FNDA:4,dlt_daemon_process_client_connect
FNDA:0,dlt_daemon_process_user_message_marker
FNDA:9,dlt_daemon_init_serial
FNDA:4,dlt_daemon_process_control_messages
FNDA:38,dlt_daemon_process_user_message_register_context
FNDA:0,dlt_daemon_process_user_message_log_mode
FNDA:5809,dlt_daemon_process_user_message_log
FNDA:0,dlt_daemon_process_user_message_overflow
FNDA:0,dlt_daemon_process_user_message_not_sup
FNDA:7,dlt_daemon_process_client_messages
FNDA:10,create_timer_fd
FNDA:0,file_read_everything
FNDA:7,dlt_daemon_process_user_message_register_application
FNDA:6,dlt_daemon_process_user_message_unregister_application
FNDA:9,dlt_daemon_local_ecu_version_init
FNDA:1228,dlt_daemon_process_user_messages
FNDA:9,dlt_daemon_init_fifo
FNDA:2,dlt_daemon_process_control_connect
FNDA:9,option_file_parser
FNDA:9,dlt_daemon_local_init_p2
FNDA:0,enforce_context_ll_and_ts_keep_message
FNDA:9,dlt_mkdir_recursive
FNDA:9,dlt_daemon_local_cleanup
FNDA:9,dlt_daemon_signal_handler
FNDA:9,dlt_daemon_local_init_p1
FNDA:0,dlt_daemon_process_user_message_set_app_ll_ts
FNDA:3,dlt_daemon_check_numeric_setting
FNDA:9,main
FNDA:9,dlt_daemon_exit_trigger
FNDA:9,dlt_daemon_create_pipes_dir
FNDA:0,usage
FNDA:0,dlt_daemon_send_message_overflow
FNDA:9,dlt_daemon_local_connection_init
FNDA:37,dlt_daemon_process_user_message_unregister_context
FNDA:5,dlt_daemon_close_socket
FNDA:2,dlt_daemon_daemonize
FNDA:9,dlt_daemon_initialize_control_socket
FNDA:40,dlt_daemon_log_internal
FNF:42
FNH:31
DA:194,0
DA:197,0
DA:234,0
DA:239,9
DA:247,9
DA:248,0
DA:249,0
DA:256,9
DA:259,9
DA:266,9
DA:277,20
DA:278,11
DA:279,2
DA:281,2
DA:282,2
DA:284,8
DA:286,8
DA:304,0
DA:306,0
DA:307,0
DA:318,1
DA:320,1
DA:322,1
DA:323,0
DA:324,0
DA:329,0
DA:331,0
DA:332,0
DA:335,0
DA:337,0
DA:345,0
DA:346,0
DA:347,0
DA:349,0
DA:352,0
DA:353,0
DA:355,0
DA:357,0
DA:358,0
DA:365,9
DA:367,9
DA:375,9
DA:382,9
DA:383,9
DA:385,9
DA:386,9
DA:387,9
DA:393,9
DA:394,9
DA:395,9
DA:396,9
DA:397,9
DA:398,9
DA:399,9
DA:400,9
DA:407,9
DA:412,9
DA:413,0
DA:416,9
DA:417,9
DA:418,9
DA:420,9
DA:421,9
DA:422,9
DA:423,9
DA:424,9
DA:425,9
DA:426,9
DA:427,9
DA:428,9
DA:429,9
DA:430,9
DA:431,9
DA:432,9
DA:433,9
DA:434,9
DA:435,9
DA:436,9
DA:437,9
DA:439,9
DA:450,9
DA:452,9
DA:453,9
DA:456,9
DA:457,9
DA:458,9
DA:459,9
DA:465,9
DA:466,9
DA:469,9
DA:470,8
DA:475,9
DA:477,9
DA:480,112
DA:481,49
DA:482,49
DA:483,49
DA:485,92
DA:486,86
DA:489,86
DA:490,43
DA:491,43
DA:494,43
DA:495,43
DA:496,43
DA:499,43
DA:502,49
DA:504,43
DA:505,0
DA:508,43
DA:510,0
DA:513,43
DA:515,0
DA:518,43
DA:520,0
DA:523,43
DA:525,0
DA:528,43
DA:530,1
DA:533,42
DA:535,0
DA:538,42
DA:540,0
DA:543,42
DA:545,0
DA:548,42
DA:550,0
DA:553,42
DA:555,0
DA:556,0
DA:559,42
DA:561,0
DA:562,0
DA:565,42
DA:567,1
DA:568,1
DA:571,41
DA:573,0
DA:574,0
DA:577,41
DA:579,1
DA:582,40
DA:584,1
DA:587,39
DA:592,1
DA:595,38
DA:597,0
DA:599,38
DA:601,0
DA:603,38
DA:605,0
DA:607,38
DA:609,1
DA:612,37
DA:614,1
DA:616,0
DA:617,0
DA:620,36
DA:622,1
DA:624,0
DA:625,0
DA:628,35
DA:630,1
DA:632,0
DA:633,0
DA:636,34
DA:638,1
DA:641,33
DA:643,0
DA:646,0
DA:649,33
DA:651,0
DA:654,33
DA:656,0
DA:659,33
DA:661,0
DA:664,33
DA:666,0
DA:669,33
DA:674,0
DA:677,33
DA:681,0
DA:684,33
DA:686,0
DA:689,33
DA:691,6
DA:693,27
DA:695,6
DA:699,21
DA:702,6
DA:703,6
DA:705,15
DA:708,0
DA:709,0
DA:711,15
DA:713,0
DA:714,0
DA:715,15
DA:716,6
DA:718,9
DA:720,0
DA:721,0
DA:722,0
DA:725,9
DA:736,2
DA:738,1
DA:741,1
DA:752,0
DA:756,0
DA:757,0
DA:761,0
DA:768,0
DA:772,0
DA:773,0
DA:777,0
DA:784,0
DA:788,0
DA:789,0
DA:793,0
DA:800,0
DA:802,0
DA:804,0
DA:805,0
DA:811,0
DA:814,0
DA:844,0
DA:849,0
DA:851,0
DA:852,0
DA:854,0
DA:855,0
DA:856,0
DA:857,0
DA:860,0
DA:863,0
DA:866,0
DA:868,0
DA:869,0
DA:871,0
DA:872,0
DA:873,0
DA:874,0
DA:877,0
DA:880,0
DA:882,0
DA:887,0
DA:890,0
DA:891,0
DA:894,0
DA:903,7
DA:906,2
DA:1311,9
DA:1320,9
DA:1322,9
DA:1323,0
DA:1325,9
DA:1327,36
DA:1328,27
DA:1329,0
DA:1331,0
DA:1332,0
DA:1340,0
DA:1345,9
DA:1346,9
DA:1353,9
DA:1356,9
DA:1360,9
DA:1364,9
DA:1365,0
DA:1366,0
DA:1370,9
DA:1373,9
DA:1374,0
DA:1379,0
DA:1383,9
DA:1387,9
DA:1388,0
DA:1391,0
DA:1393,0
DA:1405,9
DA:1417,9
DA:1418,0
DA:1419,0
DA:1421,0
DA:1425,9
DA:1426,0
DA:1427,0
DA:1429,0
DA:1433,9
DA:1434,9
DA:1436,9
DA:1437,9
DA:1441,9
DA:1442,0
DA:1459,9
DA:1461,9
DA:1463,9
DA:1468,9
DA:1469,0
DA:1470,0
DA:1482,9
DA:1483,0
DA:1484,0
DA:1489,9
DA:1491,0
DA:1492,0
DA:1496,9
DA:1497,0
DA:1498,0
DA:1503,9
DA:1504,0
DA:1505,0
DA:1512,9
DA:1515,9
DA:1516,0
DA:1517,0
DA:1539,9
DA:1540,6
DA:1545,0
DA:1568,9
DA:1571,9
DA:1572,9
DA:1573,0
DA:1576,9
DA:1577,1
DA:1578,0
DA:1579,0
DA:1583,1
DA:1592,9
DA:1593,0
DA:1595,9
DA:1597,9
DA:1606,9
DA:1607,0
DA:1608,0
DA:1610,0
DA:1612,9
DA:1618,1277
DA:1619,1268
DA:1623,9
DA:1625,9
DA:1628,9
DA:1630,9
DA:1636,9
DA:1638,9
DA:1640,9
DA:1642,9
DA:1644,9
DA:1649,9
DA:1651,9
DA:1654,9
DA:1655,0
DA:1656,0
DA:1678,9
DA:1684,9
DA:1685,2
DA:1688,9
DA:1690,9
DA:1691,0
DA:1693,0
DA:1694,0
DA:1697,9
DA:1699,9
DA:1700,9
DA:1701,9
DA:1702,9
DA:1707,9
DA:1710,9
DA:1712,9
DA:1714,9
DA:1715,0
DA:1716,0
DA:1720,9
DA:1721,9
DA:1725,0
DA:1726,0
DA:1730,9
DA:1731,0
DA:1732,0
DA:1733,0
DA:1736,0
DA:1740,0
DA:1741,0
DA:1746,9
DA:1747,6
DA:1749,6
DA:1750,0
DA:1751,0
DA:1758,9
DA:1759,1
DA:1761,8
DA:1764,9
DA:1785,9
DA:1786,0
DA:1787,0
DA:1791,9
DA:1792,0
DA:1795,9
DA:1796,9
DA:1798,9
DA:1799,0
DA:1800,0
DA:1803,9
DA:1807,9
DA:1809,9
DA:1812,9
DA:1818,9
DA:1821,0
DA:1823,0
DA:1824,0
DA:1827,0
DA:1828,0
DA:1831,0
DA:1834,0
DA:1835,0
DA:1837,0
DA:1839,0
DA:1840,0
DA:1841,0
DA:1843,0
DA:1844,0
DA:1846,0
DA:1849,0
DA:1850,0
DA:1853,0
DA:1854,0
DA:1857,0
DA:1858,0
DA:1859,0
DA:1862,0
DA:1870,9
DA:1877,9
DA:1880,9
DA:1881,9
DA:1883,9
DA:1885,9
DA:1886,0
DA:1887,0
DA:1888,0
DA:1892,9
DA:1893,0
DA:1894,0
DA:1896,0
DA:1897,0
DA:1899,0
DA:1900,0
DA:1904,0
DA:1906,0
DA:1911,0
DA:1919,9
DA:1920,0
DA:1921,0
DA:1922,0
DA:1929,9
DA:1931,0
DA:1932,0
DA:1936,9
DA:1937,0
DA:1939,9
DA:1946,9
DA:2044,9
DA:2049,9
DA:2051,9
DA:2052,0
DA:2053,0
DA:2072,9
DA:2073,9
DA:2077,9
DA:2078,9
DA:2083,0
DA:2091,9
DA:2095,9
DA:2097,9
DA:2099,9
DA:2100,0
DA:2101,0
DA:2104,9
DA:2115,9
DA:2116,0
DA:2117,0
DA:2130,9
DA:2132,9
DA:2134,9
DA:2135,9
DA:2140,0
DA:2141,0
DA:2145,0
DA:2146,0
DA:2151,0
DA:2153,0
DA:2154,0
DA:2159,0
DA:2165,0
DA:2168,0
DA:2171,0
DA:2172,0
DA:2173,0
DA:2193,9
DA:2194,0
DA:2195,0
DA:2199,9
DA:2200,0
DA:2201,0
DA:2207,0
DA:2209,0
DA:2214,0
DA:2215,0
DA:2216,0
DA:2217,0
DA:2218,0
DA:2219,0
DA:2223,0
DA:2224,0
DA:2225,0
DA:2226,0
DA:2227,0
DA:2230,0
DA:2231,0
DA:2232,0
DA:2233,0
DA:2234,0
DA:2238,0
DA:2239,0
DA:2241,0
DA:2242,0
DA:2243,0
DA:2244,0
DA:2245,0
DA:2248,0
DA:2249,0
DA:2250,0
DA:2251,0
DA:2252,0
DA:2256,0
DA:2258,0
DA:2261,0
DA:2263,0
DA:2268,0
DA:2272,0
DA:2273,0
DA:2277,0
DA:2285,0
DA:2286,0
DA:2287,0
DA:2291,0
DA:2292,0
DA:2293,0
DA:2299,0
DA:2302,0
DA:2303,0
DA:2307,0
DA:2308,0
DA:2312,0
DA:2314,0
DA:2317,9
DA:2321,9
DA:2324,9
DA:2327,9
DA:2329,9
DA:2331,9
DA:2332,9
DA:2335,0
DA:2336,0
DA:2338,0
DA:2341,0
DA:2343,0
DA:2346,9
DA:2348,9
DA:2350,9
DA:2351,0
DA:2352,0
DA:2356,9
DA:2358,9
DA:2361,9
DA:2362,0
DA:2365,9
DA:2369,9
DA:2385,9
DA:2387,6
DA:2391,6
DA:2394,9
DA:2395,9
DA:2397,9
DA:2398,1
DA:2399,1
DA:2403,9
DA:2406,9
DA:2409,9
DA:2412,9
DA:2415,9
DA:2416,9
DA:2417,0
DA:2421,9
DA:2428,9
DA:2430,9
DA:2432,9
DA:2434,9
DA:2435,9
DA:2441,9
DA:2443,9
DA:2444,9
DA:2453,9
DA:2479,2
DA:2484,2
DA:2486,2
DA:2489,2
DA:2491,4
DA:2492,0
DA:2493,0
DA:2496,4
DA:2497,2
DA:2504,2
DA:2505,0
DA:2506,0
DA:2512,2
DA:2514,2
DA:2515,0
DA:2518,2
DA:2519,0
DA:2521,2
DA:2524,0
DA:2525,0
DA:2529,2
DA:2532,2
DA:2533,0
DA:2536,2
DA:2537,2
DA:2538,2
DA:2539,2
DA:2541,2
DA:2549,40
DA:2553,40
DA:2560,40
DA:2563,40
DA:2564,40
DA:2567,40
DA:2568,40
DA:2570,40
DA:2574,40
DA:2579,40
DA:2580,40
DA:2581,40
DA:2584,40
DA:2585,40
DA:2586,40
DA:2587,40
DA:2588,40
DA:2589,40
DA:2590,40
DA:2591,40
DA:2594,40
DA:2595,40
DA:2596,40
DA:2598,40
DA:2599,40
DA:2601,40
DA:2602,0
DA:2603,0
DA:2608,40
DA:2609,40
DA:2610,40
DA:2611,40
DA:2612,40
DA:2615,40
DA:2617,40
DA:2620,40
DA:2621,40
DA:2623,40
DA:2625,40
DA:2628,3
DA:2631,3
DA:2632,3
DA:2633,3
DA:2634,3
DA:2635,3
DA:2636,0
DA:2639,0
DA:2644,4
DA:2653,4
DA:2655,4
DA:2657,4
DA:2658,0
DA:2661,0
DA:2665,4
DA:2667,4
DA:2668,0
DA:2670,0
DA:2671,0
DA:2677,4
DA:2678,4
DA:2682,4
DA:2683,4
DA:2685,4
DA:2690,0
DA:2692,4
DA:2697,0
DA:2698,0
DA:2699,0
DA:2703,4
DA:2711,4
DA:2713,0
DA:2718,0
DA:2719,0
DA:2725,4
DA:2729,4
DA:2732,4
DA:2734,4
DA:2735,2
DA:2736,0
DA:2738,2
DA:2740,2
DA:2741,0
DA:2742,0
DA:2744,0
DA:2748,2
DA:2749,2
DA:2760,7
DA:2768,7
DA:2770,7
DA:2771,0
DA:2774,0
DA:2777,7
DA:2779,7
DA:2780,0
DA:2784,0
DA:2788,17
DA:2789,17
DA:2790,17
DA:2792,17
DA:2794,10
DA:2795,10
DA:2796,10
DA:2802,10
DA:2803,10
DA:2806,10
DA:2809,10
DA:2810,0
DA:2812,10
DA:2813,0
DA:2815,0
DA:2819,7
DA:2820,0
DA:2822,0
DA:2825,7
DA:2829,1
DA:2837,0
DA:2844,0
DA:2846,0
DA:2847,0
DA:2850,0
DA:2853,0
DA:2854,0
DA:2857,0
DA:2861,0
DA:2862,0
DA:2863,0
DA:2865,0
DA:2867,0
DA:2868,0
DA:2874,0
DA:2875,0
DA:2879,0
DA:2880,0
DA:2883,0
DA:2886,0
DA:2887,0
DA:2889,0
DA:2890,0
DA:2892,0
DA:2896,0
DA:2897,0
DA:2900,0
DA:2906,2
DA:2916,2
DA:2918,2
DA:2919,0
DA:2922,0
DA:2926,2
DA:2928,2
DA:2929,0
DA:2930,0
DA:2936,2
DA:2937,2
DA:2939,2
DA:2944,0
DA:2946,0
DA:2949,2
DA:2950,0
DA:3002,4
DA:3010,4
DA:3012,4
DA:3013,0
DA:3016,0
DA:3019,4
DA:3020,2
DA:3027,2
DA:3031,4
DA:3033,4
DA:3034,4
DA:3036,4
DA:3038,2
DA:3039,2
DA:3040,2
DA:3045,2
DA:3046,2
DA:3049,2
DA:3052,2
DA:3053,0
DA:3055,2
DA:3056,0
DA:3058,0
DA:3062,2
DA:3063,0
DA:3064,0
DA:3070,0
DA:3075,0
DA:3079,0
DA:3081,0
DA:3085,0
DA:3086,0
DA:3089,0
DA:3111,1228
DA:3122,1228
DA:3124,1228
DA:3125,0
DA:3128,0
DA:3131,1228
DA:3133,1228
DA:3134,0
DA:3138,0
DA:3140,1228
DA:3141,0
DA:3143,0
DA:3155,7125
DA:3159,5897
DA:3161,5897
DA:3162,0
DA:3164,0
DA:3165,0
DA:3169,5897
DA:3173,5897
DA:3174,0
DA:3175,0
DA:3177,0
DA:3181,5897
DA:3184,5897
DA:3186,5897
DA:3194,1228
DA:3195,0
DA:3198,0
DA:3204,0
DA:3212,0
DA:3214,0
DA:3215,0
DA:3217,0
DA:3220,0
DA:3229,0
DA:3237,0
DA:3242,0
DA:3245,0
DA:3247,0
DA:3248,0
DA:3249,0
DA:3253,0
DA:3254,0
DA:3257,0
DA:3262,7
DA:3272,7
DA:3277,7
DA:3279,7
DA:3280,0
DA:3282,0
DA:3286,7
DA:3292,7
DA:3297,7
DA:3301,7
DA:3304,7
DA:3306,7
DA:3308,0
DA:3312,7
DA:3314,7
DA:3315,0
DA:3326,7
DA:3328,7
DA:3331,7
DA:3332,0
DA:3333,0
DA:3336,7
DA:3338,7
DA:3339,0
DA:3341,7
DA:3342,0
DA:3344,7
DA:3353,7
DA:3355,7
DA:3356,0
DA:3358,0
DA:3360,7
DA:3362,7
DA:3364,7
DA:3367,7
DA:3370,7
DA:3373,7
DA:3385,38
DA:3393,38
DA:3401,38
DA:3403,38
DA:3404,0
DA:3406,0
DA:3410,38
DA:3415,38
DA:3420,38
DA:3424,38
DA:3427,38
DA:3429,38
DA:3430,0
DA:3435,38
DA:3437,38
DA:3438,0
DA:3449,38
DA:3451,38
DA:3454,38
DA:3455,0
DA:3456,0
DA:3459,38
DA:3461,38
DA:3464,38
DA:3465,0
DA:3471,0
DA:3475,38
DA:3476,38
DA:3479,0
DA:3486,38
DA:3487,38
DA:3490,0
DA:3496,38
DA:3499,38
DA:3500,38
DA:3507,38
DA:3508,0
DA:3511,0
DA:3514,38
DA:3516,38
DA:3519,38
DA:3520,38
DA:3523,38
DA:3524,0
DA:3528,38
DA:3531,38
DA:3533,33
DA:3534,33
DA:3535,33
DA:3539,5
DA:3542,38
DA:3544,0
DA:3545,0
DA:3546,0
DA:3549,0
DA:3551,0
DA:3552,0
DA:3553,0
DA:3556,0
DA:3557,0
DA:3558,0
DA:3561,0
DA:3562,0
DA:3563,0
DA:3568,0
DA:3569,0
DA:3570,0
DA:3571,0
DA:3572,0
DA:3574,0
DA:3576,0
DA:3579,38
DA:3580,38
DA:3582,38
DA:3583,0
DA:3587,0
DA:3595,6
DA:3607,6
DA:3609,6
DA:3610,0
DA:3613,0
DA:3616,6
DA:3623,6
DA:3625,6
DA:3628,6
DA:3632,6
DA:3637,6
DA:3641,6
DA:3642,0
DA:3644,6
DA:3645,0
DA:3647,0
DA:3649,0
DA:3653,0
DA:3655,0
DA:3656,0
DA:3658,0
DA:3664,6
DA:3668,0
DA:3670,0
DA:3672,0
DA:3675,6
DA:3681,6
DA:3684,6
DA:3692,37
DA:3701,37
DA:3703,37
DA:3704,0
DA:3708,0
DA:3711,37
DA:3718,37
DA:3721,37
DA:3728,37
DA:3730,37
DA:3731,0
DA:3736,0
DA:3739,37
DA:3747,37
DA:3748,0
DA:3752,37
DA:3757,37
DA:3758,0
DA:3769,5809
DA:3777,5809
DA:3779,5809
DA:3780,0
DA:3781,0
DA:3855,5809
DA:3856,5809
DA:3857,5809
DA:3861,5809
DA:3862,0
DA:3870,0
DA:3872,0
DA:3880,0
DA:3883,0
DA:3892,0
DA:3905,0
DA:3906,5809
DA:3909,5809
DA:3910,5809
DA:3913,5809
DA:3916,5809
DA:3917,0
DA:3918,0
DA:3926,0
DA:3932,5809
DA:3933,0
DA:3943,0
DA:3954,0
DA:4004,0
DA:4017,0
DA:4019,0
DA:4020,0
DA:4023,0
DA:4026,0
DA:4028,0
DA:4033,0
DA:4040,0
DA:4042,0
DA:4047,0
DA:4051,0
DA:4052,0
DA:4054,0
DA:4055,0
DA:4057,0
DA:4058,0
DA:4059,0
DA:4061,0
DA:4062,0
DA:4065,0
DA:4066,0
DA:4069,0
DA:4070,0
DA:4080,0
DA:4088,0
DA:4090,0
DA:4091,0
DA:4092,0
DA:4097,0
DA:4105,0
DA:4108,0
DA:4110,0
DA:4113,0
DA:4120,0
DA:4122,0
DA:4123,0
DA:4125,0
DA:4130,0
DA:4138,0
DA:4140,0
DA:4143,2
DA:4152,2
DA:4154,2
DA:4155,0
DA:4156,0
DA:4159,2
DA:4160,0
DA:4161,0
DA:4164,4
DA:4169,4
DA:4170,4
DA:4172,0
DA:4174,4
DA:4176,4
DA:4177,0
DA:4179,4
DA:4180,2
DA:4181,2
DA:4232,10
DA:4240,10
DA:4241,0
DA:4242,0
DA:4245,10
DA:4247,10
DA:4248,0
DA:4249,0
DA:4252,10
DA:4254,0
DA:4260,10
DA:4262,10
DA:4263,0
DA:4264,0
DA:4266,10
DA:4267,10
DA:4268,10
DA:4269,10
DA:4271,10
DA:4272,0
DA:4273,0
DA:4316,10
DA:4320,10
DA:4324,5
DA:4326,5
DA:4328,5
DA:4330,5
DA:4331,0
DA:4332,0
DA:4336,5
DA:4340,5
DA:4342,3
DA:4343,3
DA:4348,3
DA:4349,3
DA:4352,5
DA:4359,5
DA:4363,5
DA:4366,5
DA:4368,5
LF:1152
LH:606
end_of_record
TN:
SF:/home/runner/work/dlt-daemon/dlt-daemon/src/daemon/dlt_daemon_client.c
FN:104,dlt_daemon_client_send_all_multiple
FN:172,dlt_daemon_client_send
FN:324,dlt_daemon_client_send_message_to_all_client
FN:398,dlt_daemon_client_send_control_message
FN:482,dlt_daemon_client_process_control
FN:744,dlt_daemon_control_get_software_version
FN:805,dlt_daemon_control_get_default_log_level
FN:860,dlt_daemon_control_get_log_info
FN:1228,dlt_daemon_control_message_buffer_overflow
FN:1289,dlt_daemon_control_service_response
FN:1335,dlt_daemon_control_message_unregister_context
FN:1390,dlt_daemon_control_message_connection_info
FN:1443,dlt_daemon_control_message_timezone
FN:1498,dlt_daemon_control_message_marker
FN:1544,dlt_daemon_control_callsw_cinjection
FN:1669,dlt_daemon_send_log_level
FN:1695,dlt_daemon_find_multiple_context_and_send_log_level
FN:1743,dlt_daemon_control_set_log_level
FN:1842,dlt_daemon_send_trace_status
FN:1868,dlt_daemon_find_multiple_context_and_send_trace_status
FN:1916,dlt_daemon_control_set_trace_status
FN:2014,dlt_daemon_control_set_default_log_level
FN:2051,dlt_daemon_control_set_all_log_level
FN:2092,dlt_daemon_control_set_default_trace_status
FN:2130,dlt_daemon_control_set_all_trace_status
FN:2170,dlt_daemon_control_set_timing_packets
FN:2199,dlt_daemon_control_message_time
FN:2273,dlt_daemon_process_one_s_timer
FN:2318,dlt_daemon_process_sixty_s_timer
FN:2409,dlt_daemon_process_systemd_timer
FN:2425,dlt_daemon_control_service_logstorage
FN:2662,dlt_daemon_control_passive_node_connect
FN:2719,dlt_daemon_control_passive_node_connect_status
FNDA:0,dlt_daemon_control_set_default_trace_status
FNDA:0,dlt_daemon_control_set_default_log_level
FNDA:12,dlt_daemon_client_process_control
FNDA:0,dlt_daemon_process_systemd_timer
FNDA:4,dlt_daemon_control_get_log_info
FNDA:2,dlt_daemon_control_service_logstorage
FNDA:0,dlt_daemon_control_passive_node_connect
FNDA:0,dlt_daemon_control_set_all_trace_status
FNDA:21,dlt_daemon_client_send_control_message
FNDA:0,dlt_daemon_control_message_time
FNDA:0,dlt_daemon_find_multiple_context_and_send_log_level
FNDA:0,dlt_daemon_control_passive_node_connect_status
FNDA:0,dlt_daemon_process_sixty_s_timer
FNDA:9,dlt_daemon_control_message_connection_info
FNDA:0,dlt_daemon_control_message_timezone
FNDA:0,dlt_daemon_control_message_marker
FNDA:0,dlt_daemon_find_multiple_context_and_send_trace_status
FNDA:214,dlt_daemon_client_send_all_multiple
FNDA:0,dlt_daemon_control_message_buffer_overflow
FNDA:5809,dlt_daemon_client_send_message_to_all_client
FNDA:5885,dlt_daemon_client_send
FNDA:11,dlt_daemon_process_one_s_timer
FNDA:1,dlt_daemon_control_get_default_log_level
FNDA:0,dlt_daemon_send_trace_status
FNDA:0,dlt_daemon_control_set_trace_status
FNDA:0,dlt_daemon_control_set_all_log_level
FNDA:0,dlt_daemon_control_callsw_cinjection
FNDA:0,dlt_daemon_control_set_timing_packets
FNDA:0,dlt_daemon_control_message_unregister_context
FNDA:0,dlt_daemon_send_log_level
FNDA:1,dlt_daemon_control_set_log_level
FNDA:4,dlt_daemon_control_get_software_version
FNDA:3,dlt_daemon_control_service_response
FNF:33
FNH:13
DA:81,0
DA:104,214
DA:119,214
DA:121,214
DA:122,0
DA:123,0
DA:126,1286
DA:128,1072
DA:129,1072
DA:131,1072
DA:132,1072
DA:133,856
DA:134,856
DA:137,216
DA:144,216
DA:145,0
DA:146,0
DA:152,216
DA:153,0
DA:172,5885
DA:187,5885
DA:188,0
DA:189,0
DA:192,5885
DA:194,16
DA:195,0
DA:196,0
DA:197,0
DA:198,0
DA:199,0
DA:202,16
DA:203,16
DA:204,16
DA:205,0
DA:206,0
DA:210,16
DA:217,5869
DA:218,5865
DA:219,0
DA:220,0
DA:224,0
DA:225,0
DA:226,0
DA:236,5865
DA:237,5839
DA:248,5869
DA:263,5869
DA:265,415
DA:266,214
DA:274,214
DA:282,5869
DA:283,5865
DA:285,5454
DA:287,5454
DA:288,5454
DA:289,0
DA:292,5454
DA:293,0
DA:294,0
DA:295,0
DA:297,0
DA:300,415
DA:301,0
DA:302,0
DA:303,0
DA:304,0
DA:307,0
DA:309,0
DA:313,0
DA:314,0
DA:324,5809
DA:331,5809
DA:333,5809
DA:334,0
DA:335,0
DA:339,5809
DA:340,0
DA:343,0
DA:346,0
DA:347,0
DA:349,0
DA:353,0
DA:354,0
DA:358,5809
DA:359,5809
DA:361,0
DA:364,5809
DA:365,0
DA:367,0
DA:368,0
DA:372,5809
DA:373,0
DA:374,0
DA:376,0
DA:377,5809
DA:378,0
DA:379,0
DA:381,0
DA:382,5809
DA:383,0
DA:384,0
DA:386,0
DA:390,5809
DA:391,5809
DA:393,5809
DA:394,5809
DA:398,21
DA:409,21
DA:411,21
DA:415,21
DA:417,21
DA:421,21
DA:422,21
DA:428,21
DA:431,21
DA:435,21
DA:437,21
DA:440,21
DA:441,21
DA:442,21
DA:443,21
DA:445,21
DA:447,21
DA:448,21
DA:450,0
DA:452,21
DA:453,21
DA:455,0
DA:458,21
DA:459,21
DA:461,21
DA:463,21
DA:464,0
DA:465,0
DA:468,21
DA:470,21
DA:471,21
DA:473,21
DA:474,21
DA:475,0
DA:476,0
DA:482,12
DA:491,12
DA:493,12
DA:496,12
DA:499,12
DA:502,12
DA:503,0
DA:504,0
DA:511,12
DA:512,12
DA:514,12
DA:516,12
DA:517,1
DA:519,1
DA:520,1
DA:522,0
DA:524,0
DA:525,0
DA:527,4
DA:529,4
DA:530,4
DA:532,1
DA:534,1
DA:535,1
DA:537,0
DA:539,0
DA:540,0
DA:541,0
DA:546,0
DA:553,0
DA:562,0
DA:568,0
DA:570,0
DA:571,0
DA:572,0
DA:577,0
DA:578,0
DA:580,0
DA:582,0
DA:588,0
DA:590,0
DA:592,0
DA:598,0
DA:600,0
DA:602,0
DA:608,0
DA:610,0
DA:612,0
DA:618,0
DA:620,0
DA:622,0
DA:623,0
DA:625,0
DA:628,0
DA:629,0
DA:631,0
DA:633,0
DA:639,0
DA:641,0
DA:643,0
DA:649,0
DA:651,0
DA:653,0
DA:659,0
DA:661,0
DA:663,0
DA:669,0
DA:671,0
DA:673,0
DA:674,0
DA:676,0
DA:678,0
DA:679,0
DA:681,4
DA:683,4
DA:684,4
DA:686,0
DA:688,0
DA:690,0
DA:692,2
DA:694,2
DA:695,2
DA:697,0
DA:699,0
DA:704,0
DA:706,0
DA:708,0
DA:712,0
DA:714,0
DA:716,0
DA:717,0
DA:719,0
DA:721,0
DA:722,0
DA:724,0
DA:726,0
DA:732,0
DA:738,0
DA:744,4
DA:750,4
DA:752,4
DA:753,0
DA:756,4
DA:757,0
DA:763,0
DA:767,4
DA:770,4
DA:772,4
DA:773,0
DA:774,0
DA:777,4
DA:778,4
DA:779,4
DA:782,4
DA:783,0
DA:789,0
DA:793,4
DA:794,4
DA:795,4
DA:796,4
DA:799,4
DA:802,4
DA:805,1
DA:810,1
DA:812,1
DA:813,0
DA:816,1
DA:817,0
DA:823,0
DA:826,1
DA:828,1
DA:829,0
DA:830,0
DA:833,1
DA:834,1
DA:835,1
DA:838,1
DA:839,0
DA:845,0
DA:849,1
DA:850,1
DA:851,1
DA:854,1
DA:857,1
DA:860,4
DA:872,4
DA:891,4
DA:893,4
DA:894,0
DA:896,4
DA:899,4
DA:901,4
DA:905,4
DA:908,4
DA:909,0
DA:915,0
DA:919,4
DA:920,0
DA:926,0
DA:929,4
DA:930,0
DA:931,0
DA:935,0
DA:938,0
DA:939,0
DA:941,0
DA:945,0
DA:948,0
DA:958,4
DA:959,4
DA:970,4
DA:974,4
DA:975,4
DA:977,4
DA:978,4
DA:980,4
DA:983,4
DA:984,4
DA:985,0
DA:988,0
DA:989,0
DA:991,0
DA:992,0
DA:997,0
DA:1001,0
DA:1002,0
DA:1005,0
DA:1007,0
DA:1009,0
DA:1010,0
DA:1012,0
DA:1013,0
DA:1019,0
DA:1020,0
DA:1022,0
DA:1023,0
DA:1028,4
DA:1029,0
DA:1031,0
DA:1032,0
DA:1033,0
DA:1036,4
DA:1037,0
DA:1039,0
DA:1040,0
DA:1045,4
DA:1046,0
DA:1051,4
DA:1052,4
DA:1054,4
DA:1055,0
DA:1061,0
DA:1068,4
DA:1072,4
DA:1074,4
DA:1077,4
DA:1079,4
DA:1080,0
DA:1087,0
DA:1088,0
DA:1089,0
DA:1092,0
DA:1093,0
DA:1099,0
DA:1104,0
DA:1108,0
DA:1109,0
DA:1111,0
DA:1112,0
DA:1119,0
DA:1120,0
DA:1122,0
DA:1124,0
DA:1125,0
DA:1131,0
DA:1136,0
DA:1137,0
DA:1138,0
DA:1143,0
DA:1144,0
DA:1145,0
DA:1147,0
DA:1148,0
DA:1156,0
DA:1157,0
DA:1158,0
DA:1159,0
DA:1163,0
DA:1164,0
DA:1165,0
DA:1166,0
DA:1170,0
DA:1171,0
DA:1172,0
DA:1173,0
DA:1174,0
DA:1175,0
DA:1176,0
DA:1177,0
DA:1180,0
DA:1181,0
DA:1182,0
DA:1198,0
DA:1199,0
DA:1200,0
DA:1201,0
DA:1202,0
DA:1203,0
DA:1204,0
DA:1205,0
DA:1208,0
DA:1209,0
DA:1210,0
DA:1219,4
DA:1222,4
DA:1225,4
DA:1228,0
DA:1239,0
DA:1241,0
DA:1245,0
DA:1246,0
DA:1252,0
DA:1256,0
DA:1258,0
DA:1259,0
DA:1260,0
DA:1263,0
DA:1264,0
DA:1265,0
DA:1268,0
DA:1272,0
DA:1273,0
DA:1274,0
DA:1275,0
DA:1278,0
DA:1279,0
DA:1280,0
DA:1284,0
DA:1286,0
DA:1289,3
DA:1299,3
DA:1301,3
DA:1302,0
DA:1305,3
DA:1309,3
DA:1311,3
DA:1312,0
DA:1313,0
DA:1316,3
DA:1317,3
DA:1318,3
DA:1321,3
DA:1325,3
DA:1326,3
DA:1329,3
DA:1332,3
DA:1335,0
DA:1346,0
DA:1348,0
DA:1352,0
DA:1356,0
DA:1358,0
DA:1359,0
DA:1360,0
DA:1363,0
DA:1364,0
DA:1365,0
DA:1368,0
DA:1372,0
DA:1373,0
DA:1374,0
DA:1375,0
DA:1376,0
DA:1379,0
DA:1380,0
DA:1381,0
DA:1385,0
DA:1387,0
DA:1390,9
DA:1400,9
DA:1402,9
DA:1406,9
DA:1410,9
DA:1412,9
DA:1413,0
DA:1414,0
DA:1417,9
DA:1418,9
DA:1419,9
DA:1422,9
DA:1426,9
DA:1427,9
DA:1428,9
DA:1429,9
DA:1432,9
DA:1433,0
DA:1434,0
DA:1438,9
DA:1440,9
DA:1443,0
DA:1448,0
DA:1450,0
DA:1454,0
DA:1458,0
DA:1460,0
DA:1461,0
DA:1462,0
DA:1465,0
DA:1466,0
DA:1467,0
DA:1470,0
DA:1474,0
DA:1475,0
DA:1477,0
DA:1479,0
DA:1480,0
DA:1482,0
DA:1484,0
DA:1487,0
DA:1488,0
DA:1489,0
DA:1493,0
DA:1495,0
DA:1498,0
DA:1503,0
DA:1505,0
DA:1509,0
DA:1513,0
DA:1515,0
DA:1516,0
DA:1517,0
DA:1520,0
DA:1521,0
DA:1522,0
DA:1525,0
DA:1529,0
DA:1530,0
DA:1533,0
DA:1534,0
DA:1535,0
DA:1539,0
DA:1541,0
DA:1544,0
DA:1563,0
DA:1565,0
DA:1566,0
DA:1568,0
DA:1571,0
DA:1572,0
DA:1575,0
DA:1576,0
DA:1577,0
DA:1581,0
DA:1586,0
DA:1587,0
DA:1591,0
DA:1592,0
DA:1593,0
DA:1597,0
DA:1598,0
DA:1602,0
DA:1605,0
DA:1608,0
DA:1610,0
DA:1611,0
DA:1615,0
DA:1616,0
DA:1617,0
DA:1620,0
DA:1622,0
DA:1623,0
DA:1624,0
DA:1627,0
DA:1629,0
DA:1630,0
DA:1631,0
DA:1634,0
DA:1635,0
DA:1641,0
DA:1645,0
DA:1646,0
DA:1648,0
DA:1649,0
DA:1652,0
DA:1655,0
DA:1658,0
DA:1664,0
DA:1669,0
DA:1676,0
DA:1681,0
DA:1682,0
DA:1684,0
DA:1685,0
DA:1686,0
DA:1689,0
DA:1690,0
DA:1691,0
DA:1693,0
DA:1695,0
DA:1704,0
DA:1708,0
DA:1712,0
DA:1713,0
DA:1714,0
DA:1717,0
DA:1719,0
DA:1722,0
DA:1723,0
DA:1725,0
DA:1726,0
DA:1727,0
DA:1729,0
DA:1731,0
DA:1733,0
DA:1734,0
DA:1735,0
DA:1738,0
DA:1743,1
DA:1749,1
DA:1751,1
DA:1752,1
DA:1758,1
DA:1759,0
DA:1761,1
DA:1764,1
DA:1766,1
DA:1767,0
DA:1769,1
DA:1770,1
DA:1771,1
DA:1772,1
DA:1774,1
DA:1775,0
DA:1780,0
DA:1781,0
DA:1784,1
DA:1786,0
DA:1791,0
DA:1792,0
DA:1795,1
DA:1797,0
DA:1803,0
DA:1806,1
DA:1808,0
DA:1814,0
DA:1818,1
DA:1821,1
DA:1825,1
DA:1826,0
DA:1829,1
DA:1831,1
DA:1842,0
DA:1849,0
DA:1854,0
DA:1855,0
DA:1857,0
DA:1858,0
DA:1859,0
DA:1862,0
DA:1863,0
DA:1864,0
DA:1866,0
DA:1868,0
DA:1877,0
DA:1881,0
DA:1885,0
DA:1886,0
DA:1887,0
DA:1890,0
DA:1892,0
DA:1895,0
DA:1896,0
DA:1898,0
DA:1899,0
DA:1900,0
DA:1902,0
DA:1904,0
DA:1906,0
DA:1907,0
DA:1908,0
DA:1911,0
DA:1916,0
DA:1922,0
DA:1924,0
DA:1925,0
DA:1931,0
DA:1932,0
DA:1934,0
DA:1937,0
DA:1939,0
DA:1940,0
DA:1942,0
DA:1943,0
DA:1944,0
DA:1945,0
DA:1947,0
DA:1948,0
DA:1953,0
DA:1954,0
DA:1957,0
DA:1960,0
DA:1965,0
DA:1966,0
DA:1969,0
DA:1971,0
DA:1977,0
DA:1980,0
DA:1982,0
DA:1988,0
DA:1992,0
DA:1995,0
DA:1996,0
DA:1999,0
DA:2001,0
DA:2004,0
DA:2014,0
DA:2020,0
DA:2025,0
DA:2028,0
DA:2031,0
DA:2034,0
DA:2035,0
DA:2036,0
DA:2037,0
DA:2039,0
DA:2042,0
DA:2044,0
DA:2047,0
DA:2051,0
DA:2057,0
DA:2063,0
DA:2064,0
DA:2065,0
DA:2068,0
DA:2071,0
DA:2074,0
DA:2075,0
DA:2078,0
DA:2081,0
DA:2085,0
DA:2088,0
DA:2092,0
DA:2098,0
DA:2104,0
DA:2107,0
DA:2110,0
DA:2113,0
DA:2115,0
DA:2116,0
DA:2118,0
DA:2121,0
DA:2123,0
DA:2126,0
DA:2130,0
DA:2136,0
DA:2142,0
DA:2143,0
DA:2144,0
DA:2147,0
DA:2150,0
DA:2153,0
DA:2154,0
DA:2155,0
DA:2156,0
DA:2158,0
DA:2161,0
DA:2163,0
DA:2166,0
DA:2170,0
DA:2176,0
DA:2181,0
DA:2184,0
DA:2187,0
DA:2189,0
DA:2190,0
DA:2192,0
DA:2195,0
DA:2199,0
DA:2204,0
DA:2206,0
DA:2207,0
DA:2210,0
DA:2216,0
DA:2217,0
DA:2220,0
DA:2221,0
DA:2227,0
DA:2230,0
DA:2231,0
DA:2233,0
DA:2236,0
DA:2237,0
DA:2238,0
DA:2239,0
DA:2241,0
DA:2242,0
DA:2243,0
DA:2246,0
DA:2247,0
DA:2249,0
DA:2251,0
DA:2252,0
DA:2255,0
DA:2257,0
DA:2260,0
DA:2263,0
DA:2267,0
DA:2270,0
DA:2273,11
DA:2278,11
DA:2281,11
DA:2283,11
DA:2284,0
DA:2285,0
DA:2288,11
DA:2290,11
DA:2291,0
DA:2292,0
DA:2297,11
DA:2299,0
DA:2302,0
DA:2306,11
DA:2307,0
DA:2308,0
DA:2313,11
DA:2315,11
DA:2318,0
DA:2323,0
DA:2326,0
DA:2328,0
DA:2329,0
DA:2330,0
DA:2333,0
DA:2335,0
DA:2336,0
DA:2337,0
DA:2342,0
DA:2343,0
DA:2348,0
DA:2350,0
DA:2355,0
DA:2356,0
DA:2358,0
DA:2364,0
DA:2366,0
DA:2409,0
DA:2419,0
DA:2421,0
DA:2425,2
DA:2440,2
DA:2443,2
DA:2446,2
DA:2448,2
DA:2449,0
DA:2452,0
DA:2455,2
DA:2456,0
DA:2463,0
DA:2465,0
DA:2468,2
DA:2471,2
DA:2473,2
DA:2474,0
DA:2475,0
DA:2476,0
DA:2477,0
DA:2484,0
DA:2487,0
DA:2491,4
DA:2492,2
DA:2495,2
DA:2496,0
DA:2498,0
DA:2500,0
DA:2501,0
DA:2507,0
DA:2509,0
DA:2511,0
DA:2515,0
DA:2516,0
DA:2517,0
DA:2518,0
DA:2523,2
DA:2524,2
DA:2525,0
DA:2529,2
DA:2530,2
DA:2534,0
DA:2535,0
DA:2541,0
DA:2542,0
DA:2546,2
DA:2548,2
DA:2549,0
DA:2551,0
DA:2552,0
DA:2558,0
DA:2560,0
DA:2562,0
DA:2568,0
DA:2571,0
DA:2579,0
DA:2581,0
DA:2585,0
DA:2592,2
DA:2595,0
DA:2602,0
DA:2605,0
DA:2614,2
DA:2618,2
DA:2620,4
DA:2621,2
DA:2623,2
DA:2626,2
DA:2631,0
DA:2633,0
DA:2637,2
DA:2638,2
DA:2645,0
DA:2653,0
DA:2662,0
DA:2668,0
DA:2673,0
DA:2674,0
DA:2678,0
DA:2679,0
DA:2683,0
DA:2691,0
DA:2694,0
DA:2697,0
DA:2699,0
DA:2701,0
DA:2702,0
DA:2704,0
DA:2711,0
DA:2719,0
DA:2729,0
DA:2731,0
DA:2732,0
DA:2734,0
DA:2738,0
DA:2739,0
DA:2743,0
DA:2751,0
DA:2755,0
DA:2757,0
DA:2758,0
DA:2760,0
DA:2761,0
DA:2763,0
DA:2764,0
DA:2765,0
DA:2768,0
DA:2771,0
DA:2773,0
DA:2775,0
DA:2777,0
DA:2778,0
DA:2779,0
DA:2781,0
DA:2784,0
DA:2786,0
DA:2787,0
DA:2790,0
DA:2798,0
LF:966
LH:261
end_of_record
TN:
SF:/home/runner/work/dlt-daemon/dlt-daemon/src/daemon/dlt_daemon_common.c
FN:96,dlt_daemon_cmp_apid
FN:107,dlt_daemon_cmp_apid_ctid
FN:128,dlt_daemon_find_users_list
FN:302,dlt_daemon_init_runtime_configuration
FN:359,dlt_daemon_init
FN:417,dlt_daemon_free
FN:462,dlt_daemon_init_user_information
FN:508,dlt_daemon_applications_invalidate_fd
FN:534,dlt_daemon_applications_clear
FN:576,dlt_daemon_application_reset_user_handle
FN:603,dlt_daemon_application_add
FN:829,dlt_daemon_application_del
FN:881,dlt_daemon_application_find
FN:915,dlt_daemon_applications_load
FN:1007,dlt_daemon_applications_save
FN:1056,dlt_daemon_context_add
FN:1275,dlt_daemon_context_del
FN:1328,dlt_daemon_context_find
FN:1365,dlt_daemon_contexts_invalidate_fd
FN:1391,dlt_daemon_contexts_clear
FN:1425,dlt_daemon_contexts_load
FN:1535,dlt_daemon_contexts_save
FN:1589,dlt_daemon_configuration_save
FN:1610,dlt_daemon_configuration_load
FN:1677,dlt_daemon_user_send_log_level
FN:1738,dlt_daemon_user_send_log_state
FN:1767,dlt_daemon_control_reset_to_factory_default
FN:1823,dlt_daemon_user_send_default_update
FN:1857,dlt_daemon_user_send_all_log_level_update
FN:1913,dlt_daemon_user_send_all_trace_status_update
FN:1949,dlt_daemon_user_send_all_log_state
FN:1978,dlt_daemon_change_state
FNDA:474,dlt_daemon_find_users_list
FNDA:0,dlt_daemon_cmp_apid
FNDA:10,dlt_daemon_application_add
FNDA:9,dlt_daemon_init_runtime_configuration
FNDA:15,dlt_daemon_applications_invalidate_fd
FNDA:9,dlt_daemon_user_send_log_state
FNDA:41,dlt_daemon_user_send_log_level
FNDA:0,dlt_daemon_configuration_save
FNDA:9,dlt_daemon_free
FNDA:16,dlt_daemon_change_state
FNDA:0,dlt_daemon_user_send_all_trace_status_update
FNDA:0,dlt_daemon_contexts_load
FNDA:9,dlt_daemon_applications_load
FNDA:10,dlt_daemon_contexts_clear
FNDA:15,dlt_daemon_application_reset_user_handle
FNDA:9,dlt_daemon_configuration_load
FNDA:18,dlt_daemon_init_user_information
FNDA:10,dlt_daemon_applications_clear
FNDA:0,dlt_daemon_applications_save
FNDA:0,dlt_daemon_user_send_default_update
FNDA:41,dlt_daemon_context_add
FNDA:17,dlt_daemon_init
FNDA:15,dlt_daemon_contexts_invalidate_fd
FNDA:5,dlt_daemon_user_send_all_log_state
FNDA:471,dlt_daemon_cmp_apid_ctid
FNDA:37,dlt_daemon_context_del
FNDA:0,dlt_daemon_contexts_save
FNDA:0,dlt_daemon_user_send_all_log_level_update
FNDA:157,dlt_daemon_context_find
FNDA:149,dlt_daemon_application_find
FNDA:0,dlt_daemon_control_reset_to_factory_default
FNDA:6,dlt_daemon_application_del
FNF:32
FNH:23
DA:96,0
DA:98,132
DA:104,132
DA:107,471
DA:109,471
DA:116,471
DA:118,471
DA:120,471
DA:121,471
DA:128,474
DA:132,474
DA:136,474
DA:137,0
DA:138,0
DA:141,476
DA:142,444
DA:143,442
DA:145,32
DA:146,32
DA:302,9
DA:304,9
DA:307,9
DA:311,9
DA:313,9
DA:319,9
DA:320,0
DA:321,0
DA:324,9
DA:325,9
DA:328,9
DA:332,9
DA:333,0
DA:334,0
DA:337,9
DA:338,9
DA:341,9
DA:345,9
DA:346,0
DA:347,0
DA:350,9
DA:351,9
DA:354,9
DA:356,9
DA:359,17
DA:369,17
DA:371,17
DA:374,17
DA:375,17
DA:377,17
DA:378,17
DA:379,17
DA:381,17
DA:383,17
DA:385,17
DA:387,17
DA:395,17
DA:396,17
DA:398,17
DA:401,17
DA:404,17
DA:410,17
DA:414,17
DA:417,9
DA:422,9
DA:424,9
DA:428,19
DA:429,10
DA:431,10
DA:433,10
DA:434,10
DA:438,9
DA:453,9
DA:454,9
DA:457,9
DA:459,9
DA:462,18
DA:470,18
DA:472,18
DA:475,18
DA:477,17
DA:479,17
DA:480,0
DA:481,0
DA:484,17
DA:485,17
DA:488,1
DA:491,1
DA:493,1
DA:494,0
DA:495,0
DA:498,1
DA:499,1
DA:501,2
DA:502,1
DA:508,15
DA:516,15
DA:518,15
DA:521,15
DA:523,15
DA:524,26
DA:525,11
DA:526,0
DA:534,10
DA:539,10
DA:541,10
DA:544,10
DA:546,10
DA:549,11
DA:550,1
DA:563,1
DA:564,1
DA:567,10
DA:568,7
DA:570,10
DA:571,10
DA:573,10
DA:576,15
DA:584,15
DA:587,6
DA:588,6
DA:589,6
DA:590,0
DA:591,0
DA:592,0
DA:596,6
DA:597,6
DA:599,6
DA:600,6
DA:603,10
DA:622,10
DA:625,10
DA:627,10
DA:630,10
DA:631,10
DA:632,10
DA:634,10
DA:641,10
DA:643,10
DA:644,10
DA:646,10
DA:647,10
DA:649,0
DA:650,0
DA:651,0
DA:652,0
DA:655,0
DA:656,0
DA:657,0
DA:658,0
DA:661,0
DA:663,0
DA:664,0
DA:668,10
DA:670,10
DA:671,10
DA:672,10
DA:673,10
DA:674,10
DA:675,10
DA:684,0
DA:687,0
DA:695,10
DA:696,0
DA:697,0
DA:700,10
DA:701,10
DA:703,10
DA:704,10
DA:706,0
DA:707,0
DA:708,0
DA:712,10
DA:713,9
DA:714,9
DA:718,10
DA:738,9
DA:739,0
DA:740,0
DA:748,9
DA:749,9
DA:751,9
DA:752,9
DA:753,9
DA:757,10
DA:758,10
DA:759,10
DA:764,10
DA:829,6
DA:837,6
DA:839,6
DA:842,6
DA:844,6
DA:847,6
DA:848,6
DA:851,6
DA:852,6
DA:853,6
DA:863,6
DA:866,6
DA:867,6
DA:868,6
DA:871,6
DA:875,6
DA:881,149
DA:889,149
DA:891,149
DA:892,149
DA:895,149
DA:897,149
DA:901,132
DA:902,132
DA:903,132
DA:907,132
DA:908,132
DA:909,132
DA:910,132
DA:915,9
DA:923,9
DA:925,9
DA:928,9
DA:930,9
DA:931,9
DA:935,9
DA:937,9
DA:940,0
DA:947,0
DA:950,0
DA:951,0
DA:954,0
DA:955,0
DA:956,0
DA:958,0
DA:960,0
DA:961,0
DA:964,0
DA:967,0
DA:968,0
DA:972,0
DA:974,0
DA:976,0
DA:977,0
DA:978,0
DA:980,0
DA:983,0
DA:988,0
DA:990,0
DA:994,0
DA:995,0
DA:1002,0
DA:1004,0
DA:1007,0
DA:1015,0
DA:1017,0
DA:1022,0
DA:1024,0
DA:1027,0
DA:1028,0
DA:1030,0
DA:1031,0
DA:1032,0
DA:1034,0
DA:1035,0
DA:1044,0
DA:1047,0
DA:1056,41
DA:1073,41
DA:1075,41
DA:1076,41
DA:1079,41
DA:1082,41
DA:1085,41
DA:1087,41
DA:1090,41
DA:1091,10
DA:1093,10
DA:1098,41
DA:1100,41
DA:1104,41
DA:1106,41
DA:1107,41
DA:1109,41
DA:1110,41
DA:1112,0
DA:1113,0
DA:1114,0
DA:1115,0
DA:1118,0
DA:1119,0
DA:1120,0
DA:1121,0
DA:1124,0
DA:1126,0
DA:1127,0
DA:1131,41
DA:1134,41
DA:1135,41
DA:1137,41
DA:1142,41
DA:1143,0
DA:1144,0
DA:1147,41
DA:1148,41
DA:1150,41
DA:1151,41
DA:1185,41
DA:1189,0
DA:1193,0
DA:1196,0
DA:1207,41
DA:1208,0
DA:1209,41
DA:1210,41
DA:1213,41
DA:1214,41
DA:1219,41
DA:1220,0
DA:1222,41
DA:1225,41
DA:1226,41
DA:1227,41
DA:1232,41
DA:1275,37
DA:1284,37
DA:1286,37
DA:1289,37
DA:1291,37
DA:1294,37
DA:1295,37
DA:1301,37
DA:1302,37
DA:1303,37
DA:1306,37
DA:1309,37
DA:1310,37
DA:1311,37
DA:1314,37
DA:1318,37
DA:1321,37
DA:1322,37
DA:1328,157
DA:1337,157
DA:1339,157
DA:1340,157
DA:1343,157
DA:1345,157
DA:1349,112
DA:1350,112
DA:1351,112
DA:1355,112
DA:1356,112
DA:1358,112
DA:1359,112
DA:1360,112
DA:1365,15
DA:1373,15
DA:1375,15
DA:1378,15
DA:1380,15
DA:1381,39
DA:1382,24
DA:1383,0
DA:1391,10
DA:1396,10
DA:1398,10
DA:1401,10
DA:1403,10
DA:1406,11
DA:1407,1
DA:1408,1
DA:1409,1
DA:1412,10
DA:1413,7
DA:1414,7
DA:1417,11
DA:1418,1
DA:1420,10
DA:1422,10
DA:1425,0
DA:1434,0
DA:1436,0
DA:1439,0
DA:1441,0
DA:1442,0
DA:1445,0
DA:1447,0
DA:1450,0
DA:1457,0
DA:1460,0
DA:1461,0
DA:1464,0
DA:1465,0
DA:1466,0
DA:1468,0
DA:1470,0
DA:1471,0
DA:1474,0
DA:1477,0
DA:1478,0
DA:1482,0
DA:1484,0
DA:1486,0
DA:1487,0
DA:1488,0
DA:1490,0
DA:1491,0
DA:1492,0
DA:1494,0
DA:1495,0
DA:1496,0
DA:1498,0
DA:1499,0
DA:1500,0
DA:1502,0
DA:1506,0
DA:1509,0
DA:1510,0
DA:1514,0
DA:1516,0
DA:1519,0
DA:1520,0
DA:1530,0
DA:1532,0
DA:1535,0
DA:1543,0
DA:1545,0
DA:1548,0
DA:1550,0
DA:1556,0
DA:1557,0
DA:1559,0
DA:1560,0
DA:1561,0
DA:1562,0
DA:1564,0
DA:1565,0
DA:1566,0
DA:1567,0
DA:1568,0
DA:1571,0
DA:1572,0
DA:1573,0
DA:1576,0
DA:1579,0
DA:1589,0
DA:1593,0
DA:1595,0
DA:1598,0
DA:1600,0
DA:1602,0
DA:1604,0
DA:1610,9
DA:1612,9
DA:1621,9
DA:1623,9
DA:1625,9
DA:1628,18
DA:1629,9
DA:1630,9
DA:1631,9
DA:1633,18
DA:1634,9
DA:1637,9
DA:1639,9
DA:1643,0
DA:1644,0
DA:1647,9
DA:1650,9
DA:1652,0
DA:1653,0
DA:1654,0
DA:1658,0
DA:1668,9
DA:1671,0
DA:1677,41
DA:1684,41
DA:1686,41
DA:1687,0
DA:1688,0
DA:1691,41
DA:1692,0
DA:1693,0
DA:1696,41
DA:1697,34
DA:1698,32
DA:1701,9
DA:1702,9
DA:1704,41
DA:1705,41
DA:1707,41
DA:1709,41
DA:1710,41
DA:1711,41
DA:1712,41
DA:1713,41
DA:1718,41
DA:1719,41
DA:1723,41
DA:1724,0
DA:1726,0
DA:1728,0
DA:1729,0
DA:1730,0
DA:1731,0
DA:1735,41
DA:1738,9
DA:1744,9
DA:1746,9
DA:1749,9
DA:1752,9
DA:1755,9
DA:1759,9
DA:1760,0
DA:1761,0
DA:1764,9
DA:1767,0
DA:1777,0
DA:1779,0
DA:1780,0
DA:1781,0
DA:1784,0
DA:1785,0
DA:1786,0
DA:1790,0
DA:1792,0
DA:1794,0
DA:1795,0
DA:1796,0
DA:1797,0
DA:1801,0
DA:1803,0
DA:1805,0
DA:1806,0
DA:1807,0
DA:1808,0
DA:1812,0
DA:1813,0
DA:1814,0
DA:1820,0
DA:1823,0
DA:1829,0
DA:1831,0
DA:1832,0
DA:1833,0
DA:1836,0
DA:1838,0
DA:1841,0
DA:1842,0
DA:1844,0
DA:1845,0
DA:1846,0
DA:1847,0
DA:1848,0
DA:1851,0
DA:1857,0
DA:1867,0
DA:1869,0
DA:1872,0
DA:1874,0
DA:1877,0
DA:1878,0
DA:1880,0
DA:1881,0
DA:1882,0
DA:1884,0
DA:1895,0
DA:1896,0
DA:1900,0
DA:1903,0
DA:1905,0
DA:1906,0
DA:1907,0
DA:1913,0
DA:1919,0
DA:1921,0
DA:1924,0
DA:1926,0
DA:1929,0
DA:1931,0
DA:1932,0
DA:1934,0
DA:1935,0
DA:1936,0
DA:1938,0
DA:1939,0
DA:1941,0
DA:1942,0
DA:1943,0
DA:1949,5
DA:1955,5
DA:1957,5
DA:1958,0
DA:1959,0
DA:1962,5
DA:1964,5
DA:1967,7
DA:1968,2
DA:1970,2
DA:1971,2
DA:1972,2
DA:1973,0
DA:1978,16
DA:1980,16
DA:1981,0
DA:1982,0
DA:1983,0
DA:1984,0
DA:1985,12
DA:1986,12
DA:1987,12
DA:1988,12
DA:1989,0
DA:1990,0
DA:1991,0
DA:1992,0
DA:1993,2
DA:1994,2
DA:1995,2
DA:1996,2
DA:1997,2
DA:1998,2
DA:1999,2
DA:2000,2
DA:2002,16
LF:623
LH:351
end_of_record
TN:
SF:/home/runner/work/dlt-daemon/dlt-daemon/src/daemon/dlt_daemon_connection.c
FN:69,dlt_connection_send
FN:111,dlt_connection_send_multiple
FN:149,dlt_connection_get_next
FN:157,dlt_connection_destroy_receiver
FN:193,dlt_connection_get_receiver
FN:280,dlt_connection_get_callback
FN:345,dlt_connection_destroy
FN:368,dlt_connection_create
FNDA:48,dlt_connection_get_receiver
FNDA:48,dlt_connection_destroy
FNDA:219,dlt_connection_send_multiple
FNDA:436,dlt_connection_send
FNDA:47,dlt_connection_create
FNDA:1259,dlt_connection_get_callback
FNDA:2,dlt_connection_get_next
FNDA:49,dlt_connection_destroy_receiver
FNF:8
FNH:8
DA:69,436
DA:76,436
DA:77,436
DA:79,436
DA:80,1
DA:82,1
DA:83,1
DA:87,434
DA:88,434
DA:91,434
DA:111,219
DA:120,219
DA:123,218
DA:124,1
DA:128,218
DA:129,218
DA:131,218
DA:132,214
DA:149,2
DA:151,3
DA:152,1
DA:154,2
DA:157,49
DA:159,49
DA:162,49
DA:166,9
DA:167,9
DA:168,9
DA:169,9
DA:170,9
DA:171,36
DA:172,36
DA:173,36
DA:174,36
DA:175,36
DA:193,48
DA:201,48
DA:202,25
DA:209,25
DA:211,25
DA:212,25
DA:215,1
DA:216,1
DA:218,1
DA:219,1
DA:222,9
DA:223,9
DA:227,9
DA:228,9
DA:231,0
DA:235,9
DA:236,9
DA:243,10
DA:252,10
DA:254,10
DA:255,10
DA:258,3
DA:260,3
DA:261,3
DA:266,48
DA:280,1259
DA:285,1259
DA:286,1259
DA:288,1259
DA:292,7
DA:294,7
DA:295,0
DA:297,0
DA:303,1228
DA:305,1228
DA:306,11
DA:308,11
DA:309,0
DA:311,0
DA:317,2
DA:319,2
DA:320,4
DA:322,4
DA:323,3
DA:325,3
DA:326,0
DA:328,0
DA:329,0
DA:333,1259
DA:345,48
DA:347,48
DA:348,48
DA:349,48
DA:350,48
DA:351,48
DA:368,47
DA:376,47
DA:380,47
DA:388,47
DA:390,47
DA:391,0
DA:392,0
DA:397,47
DA:399,47
DA:400,0
DA:402,0
DA:403,0
DA:407,47
DA:408,47
DA:417,47
DA:418,20
DA:421,20
DA:422,1
DA:423,1
DA:428,46
DA:430,46
DA:432,10
DA:434,46
DA:435,46
DA:440,46
LF:115
LH:102
end_of_record
TN:
SF:/home/runner/work/dlt-daemon/dlt-daemon/src/daemon/dlt_daemon_event_handler.c
FN:79,dlt_daemon_prepare_event_handling
FN:111,dlt_event_handler_enable_fd
FN:144,dlt_event_handler_disable_fd
FN:184,dlt_daemon_handle_event
FN:289,dlt_event_handler_find_connection
FN:312,dlt_daemon_remove_connection
FN:352,dlt_event_handler_cleanup_connections
FN:377,dlt_daemon_add_connection
FN:402,dlt_connection_check_activate
FN:463,dlt_event_handler_register_connection
FN:504,dlt_event_handler_unregister_connection
FNDA:7,dlt_event_handler_disable_fd
FNDA:16,dlt_daemon_prepare_event_handling
FNDA:47,dlt_daemon_remove_connection
FNDA:6,dlt_daemon_add_connection
FNDA:7,dlt_event_handler_unregister_connection
FNDA:49,dlt_event_handler_register_connection
FNDA:49,dlt_event_handler_enable_fd
FNDA:10,dlt_event_handler_cleanup_connections
FNDA:1122,dlt_event_handler_find_connection
FNDA:57,dlt_connection_check_activate
FNDA:1270,dlt_daemon_handle_event
FNF:11
FNH:11
DA:66,293
DA:67,293
DA:68,293
DA:69,7
DA:79,16
DA:83,16
DA:86,15
DA:88,15
DA:89,0
DA:90,0
DA:93,255
DA:94,240
DA:96,15
DA:97,15
DA:99,15
DA:111,49
DA:113,49
DA:114,2
DA:115,2
DA:116,2
DA:118,2
DA:119,0
DA:121,0
DA:124,2
DA:125,2
DA:127,2
DA:128,0
DA:131,49
DA:132,49
DA:133,49
DA:144,7
DA:148,7
DA:150,36
DA:151,29
DA:153,7
DA:154,7
DA:157,29
DA:158,22
DA:161,7
DA:162,0
DA:163,0
DA:164,0
DA:170,7
DA:184,1270
DA:192,1270
DA:195,1269
DA:197,1269
DA:201,10
DA:204,1
DA:205,0
DA:207,10
DA:214,6536
DA:219,5277
DA:220,4016
DA:222,1261
DA:224,1261
DA:225,1261
DA:226,1261
DA:229,0
DA:230,0
DA:234,1261
DA:237,2
DA:242,2
DA:244,0
DA:248,2
DA:252,1259
DA:254,1259
DA:255,0
DA:258,0
DA:262,1259
DA:266,0
DA:268,0
DA:289,1122
DA:291,2388
DA:293,4762
DA:294,4714
DA:295,1074
DA:296,2374
DA:312,47
DA:315,47
DA:318,47
DA:322,70
DA:324,23
DA:327,47
DA:329,0
DA:330,0
DA:332,47
DA:334,41
DA:337,6
DA:341,47
DA:343,47
DA:352,10
DA:356,10
DA:360,50
DA:362,40
DA:364,49
DA:365,39
DA:367,10
DA:377,6
DA:381,50
DA:383,143
DA:384,93
DA:386,50
DA:387,6
DA:402,57
DA:406,57
DA:407,1
DA:408,1
DA:411,56
DA:412,7
DA:414,7
DA:415,7
DA:417,7
DA:419,7
DA:420,0
DA:422,7
DA:426,49
DA:428,49
DA:429,49
DA:431,49
DA:432,49
DA:435,49
DA:439,0
DA:440,0
DA:441,0
DA:463,49
DA:468,49
DA:469,1
DA:470,1
DA:473,4
DA:475,48
DA:477,4
DA:480,48
DA:482,48
DA:483,48
DA:485,48
DA:504,7
DA:508,7
DA:514,2
DA:516,7
DA:517,1
DA:518,1
DA:521,6
DA:523,3
DA:525,3
DA:526,0
DA:527,0
DA:531,6
DA:534,0
DA:537,6
LF:150
LH:125
end_of_record
TN:
SF:/home/runner/work/dlt-daemon/dlt-daemon/src/daemon/dlt_daemon_offline_logstorage.c
FN:43,dlt_logstorage_split_ecuid
FN:71,dlt_logstorage_split_ctid
FN:96,dlt_logstorage_split_apid
FN:121,dlt_logstorage_split_apid_ctid
FN:161,dlt_logstorage_split_ecuid_apid
FN:205,dlt_logstorage_split_multi
FN:263,dlt_logstorage_split_key
FN:309,dlt_daemon_logstorage_update_passive_node_context
FN:371,dlt_daemon_logstorage_send_log_level
FN:433,dlt_daemon_logstorage_reset_log_level
FN:485,dlt_daemon_logstorage_force_reset_level
FN:547,dlt_logstorage_update_all_contexts
FN:618,dlt_logstorage_update_context
FN:691,dlt_logstorage_update_context_loglevel
FN:786,dlt_daemon_logstorage_reset_application_loglevel
FN:873,dlt_daemon_logstorage_update_application_loglevel
FN:946,dlt_daemon_logstorage_get_loglevel
FN:1014,dlt_daemon_logstorage_write
FN:1093,dlt_daemon_logstorage_setup_internal_storage
FN:1133,dlt_daemon_logstorage_set_logstorage_cache_size
FN:1139,dlt_daemon_logstorage_cleanup
FN:1174,dlt_daemon_logstorage_sync_cache
FN:1236,dlt_daemon_logstorage_get_device
FNDA:5841,dlt_daemon_logstorage_write
FNDA:8,dlt_daemon_logstorage_setup_internal_storage
FNDA:10,dlt_daemon_logstorage_set_logstorage_cache_size
FNDA:0,dlt_daemon_logstorage_update_passive_node_context
FNDA:0,dlt_logstorage_split_ctid
FNDA:37,dlt_logstorage_update_context_loglevel
FNDA:38,dlt_logstorage_update_context
FNDA:1,dlt_daemon_logstorage_reset_log_level
FNDA:2,dlt_daemon_logstorage_send_log_level
FNDA:0,dlt_logstorage_split_ecuid
FNDA:8,dlt_daemon_logstorage_cleanup
FNDA:4,dlt_logstorage_update_all_contexts
FNDA:0,dlt_daemon_logstorage_force_reset_level
FNDA:5,dlt_daemon_logstorage_get_device
FNDA:4,dlt_daemon_logstorage_sync_cache
FNDA:2,dlt_daemon_logstorage_reset_application_loglevel
FNDA:1,dlt_logstorage_split_apid
FNDA:42,dlt_logstorage_split_key
FNDA:1,dlt_logstorage_split_apid_ctid
FNDA:34,dlt_logstorage_split_multi
FNDA:10,dlt_daemon_logstorage_update_application_loglevel
FNDA:35,dlt_daemon_logstorage_get_loglevel
FNDA:1,dlt_logstorage_split_ecuid_apid
FNF:23
FNH:19
DA:43,0
DA:49,0
DA:52,0
DA:56,0
DA:71,0
DA:76,0
DA:79,0
DA:82,0
DA:96,1
DA:101,1
DA:104,1
DA:107,1
DA:121,1
DA:128,1
DA:132,1
DA:134,1
DA:139,1
DA:141,1
DA:146,1
DA:161,1
DA:169,1
DA:173,1
DA:175,1
DA:180,1
DA:182,1
DA:189,1
DA:205,34
DA:213,34
DA:216,34
DA:218,34
DA:221,34
DA:223,34
DA:226,0
DA:228,0
DA:235,34
DA:237,34
DA:240,34
DA:242,34
DA:263,42
DA:269,42
DA:272,37
DA:274,37
DA:276,37
DA:280,37
DA:281,0
DA:283,37
DA:284,0
DA:286,37
DA:287,1
DA:289,36
DA:290,1
DA:292,35
DA:293,1
DA:296,34
DA:309,0
DA:317,0
DA:318,0
DA:321,0
DA:323,0
DA:324,0
DA:325,0
DA:326,0
DA:329,0
DA:331,0
DA:332,0
DA:335,0
DA:338,0
DA:339,0
DA:341,0
DA:342,0
DA:344,0
DA:346,0
DA:347,0
DA:351,0
DA:371,2
DA:381,2
DA:382,2
DA:383,0
DA:384,0
DA:387,2
DA:388,2
DA:390,2
DA:393,2
DA:394,2
DA:395,0
DA:396,0
DA:402,0
DA:404,0
DA:406,0
DA:407,0
DA:408,0
DA:409,0
DA:433,1
DA:440,1
DA:441,1
DA:442,0
DA:443,0
DA:447,1
DA:449,1
DA:450,1
DA:451,1
DA:454,0
DA:455,0
DA:459,0
DA:460,0
DA:461,0
DA:485,0
DA:496,0
DA:498,0
DA:499,0
DA:500,0
DA:501,0
DA:504,0
DA:505,0
DA:507,0
DA:511,0
DA:512,0
DA:515,0
DA:518,0
DA:519,0
DA:521,0
DA:523,0
DA:547,4
DA:557,4
DA:559,4
DA:560,3
DA:562,1
DA:563,1
DA:566,3
DA:568,3
DA:571,3
DA:572,0
DA:573,0
DA:574,0
DA:575,0
DA:578,0
DA:580,0
DA:581,0
DA:582,0
DA:584,0
DA:589,0
DA:591,0
DA:618,38
DA:628,38
DA:629,37
DA:630,1
DA:631,1
DA:634,37
DA:636,37
DA:637,3
DA:638,2
DA:645,1
DA:653,34
DA:656,0
DA:665,34
DA:671,34
DA:691,37
DA:698,37
DA:699,37
DA:700,37
DA:702,37
DA:704,37
DA:707,36
DA:708,0
DA:710,0
DA:713,36
DA:714,2
DA:717,36
DA:720,0
DA:727,0
DA:729,36
DA:732,1
DA:739,0
DA:742,35
DA:746,0
DA:753,0
DA:757,35
DA:765,34
DA:786,2
DA:795,2
DA:799,2
DA:801,2
DA:802,1
DA:803,2
DA:806,2
DA:809,0
DA:811,0
DA:812,0
DA:817,0
DA:818,0
DA:820,0
DA:824,0
DA:825,0
DA:833,0
DA:840,0
DA:844,0
DA:845,0
DA:847,0
DA:848,0
DA:850,0
DA:851,0
DA:873,10
DA:880,10
DA:884,10
DA:886,10
DA:888,1
DA:891,1
DA:894,9
DA:896,9
DA:897,9
DA:902,9
DA:903,44
DA:905,70
DA:909,35
DA:910,35
DA:914,35
DA:915,35
DA:917,0
DA:918,0
DA:922,35
DA:928,35
DA:946,35
DA:951,35
DA:958,35
DA:961,68
DA:962,34
DA:964,34
DA:968,34
DA:970,34
DA:971,1
DA:972,1
DA:975,66
DA:977,33
DA:978,0
DA:982,33
DA:983,0
DA:984,0
DA:987,33
DA:988,33
DA:994,34
DA:1014,5841
DA:1027,5841
DA:1028,5840
DA:1029,5840
DA:1030,1
DA:1033,1
DA:1038,5840
DA:1039,5840
DA:1040,5840
DA:1041,5840
DA:1042,5840
DA:1043,5840
DA:1045,11680
DA:1046,5840
DA:1048,5840
DA:1049,5840
DA:1058,0
DA:1063,0
DA:1064,0
DA:1067,5840
DA:1068,5840
DA:1072,0
DA:1093,8
DA:1100,8
DA:1102,8
DA:1107,7
DA:1109,7
DA:1110,0
DA:1111,0
DA:1115,7
DA:1120,7
DA:1122,0
DA:1125,0
DA:1133,10
DA:1136,10
DA:1137,10
DA:1139,8
DA:1145,8
DA:1147,8
DA:1150,14
DA:1152,7
DA:1155,6
DA:1156,6
DA:1157,6
DA:1158,6
DA:1159,6
DA:1160,6
DA:1161,6
DA:1162,6
DA:1163,6
DA:1164,6
DA:1166,6
DA:1174,4
DA:1182,4
DA:1184,4
DA:1187,3
DA:1188,3
DA:1193,3
DA:1197,3
DA:1198,3
DA:1199,3
DA:1200,3
DA:1201,3
DA:1202,3
DA:1203,3
DA:1204,3
DA:1205,3
DA:1206,3
DA:1208,3
DA:1209,0
DA:1214,0
DA:1215,0
DA:1217,0
DA:1218,0
DA:1219,0
DA:1220,0
DA:1221,0
DA:1222,0
DA:1223,0
DA:1224,0
DA:1225,0
DA:1226,0
DA:1228,0
DA:1236,5
DA:1246,5
DA:1248,5
DA:1251,4
DA:1253,4
DA:1254,4
DA:1259,4
DA:1261,4
DA:1262,4
LF:332
LH:205
end_of_record
TN:
SF:/home/runner/work/dlt-daemon/dlt-daemon/src/daemon/dlt_daemon_serial.c
FN:69,dlt_daemon_serial_send
FNDA:0,dlt_daemon_serial_send
FNF:1
FNH:0
DA:69,0
DA:77,0
DA:78,0
DA:85,0
DA:86,0
DA:91,0
DA:92,0
DA:93,0
LF:8
LH:0
end_of_record
TN:
SF:/home/runner/work/dlt-daemon/dlt-daemon/src/daemon/dlt_daemon_socket.c
FN:63,dlt_daemon_socket_open
FN:163,dlt_daemon_socket_close
FN:170,dlt_daemon_socket_send
FN:206,dlt_daemon_socket_get_send_qeue_max_size
FN:219,dlt_daemon_socket_sendreliable
FNDA:466,dlt_daemon_socket_sendreliable
FNDA:0,dlt_daemon_socket_close
FNDA:9,dlt_daemon_socket_open
FNDA:9,dlt_daemon_socket_get_send_qeue_max_size
FNDA:16,dlt_daemon_socket_send
FNF:5
FNH:4
DA:63,9
DA:65,9
DA:72,9
DA:73,0
DA:74,0
DA:76,0
DA:90,9
DA:93,9
DA:94,0
DA:95,0
DA:100,0
DA:107,9
DA:108,9
DA:110,9
DA:111,9
DA:113,0
DA:125,0
DA:126,0
DA:127,0
DA:133,0
DA:136,9
DA:137,0
DA:138,0
DA:139,0
DA:141,0
DA:145,9
DA:148,9
DA:151,9
DA:152,0
DA:153,0
DA:157,0
DA:163,0
DA:165,0
DA:167,0
DA:170,16
DA:180,16
DA:181,0
DA:185,0
DA:191,16
DA:192,16
DA:194,16
DA:199,16
DA:200,16
DA:206,9
DA:208,9
DA:209,9
DA:210,9
DA:211,0
DA:213,0
DA:216,9
DA:219,466
DA:223,932
DA:224,466
DA:226,466
DA:229,466
DA:230,0
DA:231,0
DA:240,0
DA:242,466
LF:59
LH:31
end_of_record
TN:
SF:/home/runner/work/dlt-daemon/dlt-daemon/src/daemon/dlt_daemon_unix_socket.c
FN:87,dlt_daemon_unix_socket_open
FN:179,dlt_daemon_unix_socket_close
FNDA:0,dlt_daemon_unix_socket_close
FNDA:9,dlt_daemon_unix_socket_open
FNF:2
FNH:1
DA:87,9
DA:92,9
DA:93,0
DA:94,0
DA:139,9
DA:140,0
DA:141,0
DA:145,9
DA:148,9
DA:149,8
DA:150,8
DA:154,9
DA:156,9
DA:157,0
DA:158,0
DA:159,0
DA:162,9
DA:163,0
DA:164,0
DA:165,0
DA:169,9
DA:176,9
DA:179,0
DA:181,0
DA:183,0
DA:184,0
DA:187,0
LF:27
LH:12
end_of_record
TN:
SF:/home/runner/work/dlt-daemon/dlt-daemon/src/gateway/dlt_gateway.c
FN:58,dlt_gateway_check_ip
FN:99,dlt_gateway_check_port
FN:137,dlt_gateway_check_ecu
FN:160,dlt_gateway_check_connect_trigger
FN:191,dlt_gateway_check_timeout
FN:215,dlt_gateway_check_interval
FN:238,dlt_gateway_check_send_serial
FN:257,dlt_gateway_allocate_control_messages
FN:295,dlt_gateway_check_control_messages
FN:362,dlt_gateway_check_periodic_control_messages
FN:542,dlt_gateway_check_general_param
FN:566,dlt_gateway_check_param
FN:590,dlt_gateway_store_connection
FN:658,dlt_gateway_configure
FN:832,dlt_gateway_init
FN:866,dlt_gateway_deinit
FN:905,dlt_gateway_add_to_event_loop
FN:962,dlt_gateway_establish_connections
FN:1052,dlt_gateway_get_connection_receiver
FN:1081,dlt_gateway_parse_get_log_info
FN:1207,dlt_gateway_parse_get_default_log_level
FN:1256,dlt_gateway_control_service_logstorage
FN:1283,dlt_gateway_process_passive_node_messages
FN:1496,dlt_gateway_process_gateway_timer
FN:1533,dlt_gateway_forward_control_message
FN:1611,dlt_gateway_process_on_demand_request
FN:1679,dlt_gateway_send_control_message
FN:1758,dlt_gateway_get_connection
FNDA:6,dlt_gateway_establish_connections
FNDA:6,dlt_gateway_get_connection_receiver
FNDA:2,dlt_gateway_process_gateway_timer
FNDA:7,dlt_gateway_check_ip
FNDA:1,dlt_gateway_control_service_logstorage
FNDA:0,dlt_gateway_forward_control_message
FNDA:0,dlt_gateway_check_general_param
FNDA:5,dlt_gateway_configure
FNDA:6,dlt_gateway_check_ecu
FNDA:7,dlt_gateway_check_timeout
FNDA:7,dlt_gateway_check_connect_trigger
FNDA:17,dlt_gateway_allocate_control_messages
FNDA:10,dlt_gateway_deinit
FNDA:12,dlt_gateway_send_control_message
FNDA:0,dlt_gateway_get_connection
FNDA:3,dlt_gateway_parse_get_log_info
FNDA:5,dlt_gateway_process_passive_node_messages
FNDA:6,dlt_gateway_check_control_messages
FNDA:0,dlt_gateway_parse_get_default_log_level
FNDA:3,dlt_gateway_add_to_event_loop
FNDA:3,dlt_gateway_process_on_demand_request
FNDA:4,dlt_gateway_init
FNDA:2,dlt_gateway_check_periodic_control_messages
FNDA:6,dlt_gateway_check_send_serial
FNDA:32,dlt_gateway_check_param
FNDA:7,dlt_gateway_store_connection
FNDA:0,dlt_gateway_check_interval
FNDA:9,dlt_gateway_check_port
FNF:28
FNH:23
DA:58,7
DA:60,7
DA:61,1
DA:62,1
DA:68,6
DA:75,6
DA:76,6
DA:78,6
DA:79,0
DA:80,0
DA:86,0
DA:89,0
DA:99,9
DA:104,9
DA:105,1
DA:106,1
DA:109,8
DA:110,8
DA:111,8
DA:112,8
DA:113,0
DA:114,0
DA:118,8
DA:120,6
DA:121,6
DA:124,2
DA:127,2
DA:137,6
DA:140,6
DA:141,1
DA:142,1
DA:145,5
DA:147,5
DA:148,0
DA:160,7
DA:163,7
DA:164,1
DA:165,1
DA:168,6
DA:169,5
DA:171,1
DA:173,0
DA:176,1
DA:177,1
DA:178,1
DA:191,7
DA:194,7
DA:195,1
DA:196,1
DA:199,6
DA:202,6
DA:203,5
DA:215,0
DA:218,0
DA:219,0
DA:220,0
DA:223,0
DA:225,0
DA:226,0
DA:238,6
DA:241,6
DA:242,1
DA:243,1
DA:246,5
DA:248,5
DA:257,17
DA:259,17
DA:260,1
DA:261,1
DA:264,16
DA:265,7
DA:267,7
DA:268,0
DA:270,0
DA:274,9
DA:276,9
DA:277,0
DA:279,0
DA:282,9
DA:295,6
DA:300,6
DA:303,6
DA:304,1
DA:305,1
DA:308,5
DA:312,5
DA:314,18
DA:315,13
DA:316,0
DA:318,0
DA:321,13
DA:322,13
DA:323,13
DA:324,13
DA:325,13
DA:327,13
DA:330,13
DA:331,0
DA:334,0
DA:336,13
DA:339,0
DA:342,0
DA:345,13
DA:349,5
DA:350,5
DA:352,5
DA:362,2
DA:367,2
DA:370,2
DA:371,1
DA:372,1
DA:375,1
DA:379,1
DA:382,1
DA:384,3
DA:386,2
DA:389,2
DA:391,2
DA:392,2
DA:395,2
DA:398,3
DA:399,1
DA:400,0
DA:401,0
DA:403,0
DA:404,0
DA:412,1
DA:416,2
DA:418,2
DA:421,2
DA:422,1
DA:425,0
DA:428,2
DA:429,0
DA:431,0
DA:434,2
DA:435,2
DA:436,2
DA:437,2
DA:438,2
DA:440,2
DA:441,0
DA:446,2
DA:447,1
DA:451,2
DA:452,0
DA:455,0
DA:457,2
DA:460,0
DA:463,0
DA:466,2
DA:470,1
DA:471,1
DA:473,1
DA:542,0
DA:546,0
DA:547,0
DA:548,0
DA:551,0
DA:552,0
DA:566,32
DA:571,32
DA:572,1
DA:573,1
DA:576,31
DA:577,31
DA:590,7
DA:596,7
DA:598,7
DA:599,2
DA:600,2
DA:604,5
DA:605,5
DA:608,0
DA:612,5
DA:613,5
DA:614,5
DA:615,5
DA:616,5
DA:617,5
DA:618,5
DA:619,5
DA:620,5
DA:621,5
DA:622,5
DA:623,5
DA:624,5
DA:626,5
DA:629,0
DA:630,0
DA:631,0
DA:632,0
DA:633,0
DA:634,0
DA:635,0
DA:636,0
DA:640,5
DA:641,5
DA:642,0
DA:644,0
DA:658,5
DA:663,5
DA:665,5
DA:667,5
DA:668,1
DA:669,1
DA:673,4
DA:674,4
DA:679,4
DA:680,4
DA:681,0
DA:682,0
DA:683,0
DA:686,4
DA:687,4
DA:692,4
DA:693,4
DA:702,0
DA:705,4
DA:708,4
DA:709,0
DA:710,0
DA:711,0
DA:714,8
DA:719,4
DA:720,4
DA:725,4
DA:726,4
DA:728,4
DA:729,4
DA:730,0
DA:731,0
DA:734,4
DA:736,0
DA:737,0
DA:739,0
DA:742,0
DA:744,0
DA:747,0
DA:749,0
DA:751,0
DA:754,0
DA:758,0
DA:760,0
DA:761,0
DA:767,36
DA:768,32
DA:770,32
DA:773,32
DA:775,4
DA:778,4
DA:780,28
DA:782,0
DA:786,0
DA:790,28
DA:792,28
DA:793,0
DA:799,4
DA:803,4
DA:804,0
DA:810,4
DA:812,4
DA:813,0
DA:818,4
DA:819,4
DA:820,4
DA:822,4
DA:823,4
DA:828,4
DA:829,4
DA:832,4
DA:834,4
DA:836,4
DA:837,1
DA:838,1
DA:841,3
DA:845,3
DA:846,3
DA:848,3
DA:849,3
DA:851,0
DA:852,0
DA:861,3
DA:863,3
DA:866,10
DA:871,10
DA:872,0
DA:873,0
DA:876,10
DA:878,12
DA:879,2
DA:880,2
DA:881,2
DA:882,2
DA:883,2
DA:884,2
DA:886,6
DA:887,4
DA:888,4
DA:889,4
DA:893,10
DA:894,10
DA:905,3
DA:912,3
DA:913,0
DA:914,0
DA:918,3
DA:919,3
DA:920,3
DA:921,3
DA:924,3
DA:929,0
DA:930,0
DA:934,3
DA:936,9
DA:937,6
DA:939,6
DA:943,6
DA:947,6
DA:948,0
DA:949,0
DA:950,0
DA:952,6
DA:956,3
DA:957,3
DA:959,3
DA:962,6
DA:969,6
DA:971,6
DA:972,1
DA:973,1
DA:976,10
DA:977,5
DA:980,5
DA:981,5
DA:983,5
DA:985,5
DA:987,3
DA:988,0
DA:989,0
DA:993,2
DA:996,2
DA:998,2
DA:999,0
DA:1000,0
DA:1001,0
DA:1006,2
DA:1007,2
DA:1011,0
DA:1012,0
DA:1015,0
DA:1020,0
DA:1021,0
DA:1025,0
DA:1027,0
DA:1028,0
DA:1030,0
DA:1034,0
DA:1037,0
DA:1041,0
DA:1042,0
DA:1044,0
DA:1045,0
DA:1052,6
DA:1056,6
DA:1057,1
DA:1058,1
DA:1061,6
DA:1062,5
DA:1064,5
DA:1065,4
DA:1081,3
DA:1087,3
DA:1094,3
DA:1096,3
DA:1097,1
DA:1098,1
DA:1101,2
DA:1105,1
DA:1107,0
DA:1108,0
DA:1109,0
DA:1113,0
DA:1114,0
DA:1115,0
DA:1120,1
DA:1124,0
DA:1125,0
DA:1129,1
DA:1131,1
DA:1132,0
DA:1134,0
DA:1137,1
DA:1138,0
DA:1139,0
DA:1140,0
DA:1143,1
DA:1144,0
DA:1145,0
DA:1146,0
DA:1149,2
DA:1150,1
DA:1153,1
DA:1160,0
DA:1163,0
DA:1164,0
DA:1167,2
DA:1168,1
DA:1171,1
DA:1174,1
DA:1175,1
DA:1181,0
DA:1185,0
DA:1186,0
DA:1192,1
DA:1194,1
DA:1207,0
DA:1216,0
DA:1218,0
DA:1219,0
DA:1220,0
DA:1223,0
DA:1225,0
DA:1226,0
DA:1230,0
DA:1232,0
DA:1236,0
DA:1237,0
DA:1240,0
DA:1243,0
DA:1245,0
DA:1256,1
DA:1263,1
DA:1264,1
DA:1266,1
DA:1269,0
DA:1270,0
DA:1272,0
DA:1274,0
DA:1283,5
DA:1291,5
DA:1294,5
DA:1295,1
DA:1296,1
DA:1299,4
DA:1308,4
DA:1309,4
DA:1314,4
DA:1315,0
DA:1316,0
DA:1320,4
DA:1321,0
DA:1323,0
DA:1327,4
DA:1329,1
DA:1330,0
DA:1331,0
DA:1334,1
DA:1336,1
DA:1337,1
DA:1338,1
DA:1339,1
DA:1342,0
DA:1344,0
DA:1347,0
DA:1350,1
DA:1353,14
DA:1354,14
DA:1355,14
DA:1357,14
DA:1364,11
DA:1367,11
DA:1369,11
DA:1377,11
DA:1378,11
DA:1381,11
DA:1382,1
DA:1383,1
DA:1384,1
DA:1387,1
DA:1389,1
DA:1392,1
DA:1397,1
DA:1398,1
DA:1401,0
DA:1404,10
DA:1406,0
DA:1412,0
DA:1417,11
DA:1419,0
DA:1420,0
DA:1423,11
DA:1429,11
DA:1430,11
DA:1434,0
DA:1442,0
DA:1443,0
DA:1445,0
DA:1449,0
DA:1451,0
DA:1460,11
DA:1461,0
DA:1462,0
DA:1463,0
DA:1464,0
DA:1467,0
DA:1468,0
DA:1471,11
DA:1472,11
DA:1473,11
DA:1476,0
DA:1477,0
DA:1481,3
DA:1482,0
DA:1484,3
DA:1486,0
DA:1487,0
DA:1490,3
DA:1491,0
DA:1496,2
DA:1501,2
DA:1504,2
DA:1506,2
DA:1507,1
DA:1510,1
DA:1513,1
DA:1515,1
DA:1516,1
DA:1519,1
DA:1524,1
DA:1528,1
DA:1530,1
DA:1533,0
DA:1545,0
DA:1547,0
DA:1548,0
DA:1549,0
DA:1552,0
DA:1553,0
DA:1562,0
DA:1563,0
DA:1564,0
DA:1567,0
DA:1568,0
DA:1569,0
DA:1572,0
DA:1573,0
DA:1578,0
DA:1579,0
DA:1580,0
DA:1584,0
DA:1586,0
DA:1589,0
DA:1590,0
DA:1591,0
DA:1594,0
DA:1596,0
DA:1597,0
DA:1598,0
DA:1602,0
DA:1603,0
DA:1605,0
DA:1608,0
DA:1611,3
DA:1620,3
DA:1622,3
DA:1623,1
DA:1624,1
DA:1628,2
DA:1629,2
DA:1635,2
DA:1636,0
DA:1637,0
DA:1640,2
DA:1642,2
DA:1643,1
DA:1645,0
DA:1646,0
DA:1647,0
DA:1651,1
DA:1652,1
DA:1656,1
DA:1659,0
DA:1662,0
DA:1663,0
DA:1665,0
DA:1668,0
DA:1672,0
DA:1673,0
DA:1679,12
DA:1686,12
DA:1688,12
DA:1689,1
DA:1692,1
DA:1696,11
DA:1701,11
DA:1702,0
DA:1705,0
DA:1707,0
DA:1712,11
DA:1713,0
DA:1718,0
DA:1719,0
DA:1720,0
DA:1724,11
DA:1725,4
DA:1726,4
DA:1728,1
DA:1729,1
DA:1731,4
DA:1732,4
DA:1734,2
DA:1736,2
DA:1737,1
DA:1740,1
DA:1744,1
DA:1745,1
DA:1746,1
DA:1747,1
DA:1749,0
DA:1750,0
DA:1755,0
DA:1758,0
DA:1765,0
DA:1767,0
DA:1768,0
DA:1769,0
DA:1772,0
DA:1773,0
DA:1775,0
DA:1776,0
DA:1779,0
DA:1781,0
LF:633
LH:385
end_of_record
TN:
SF:/home/runner/work/dlt-daemon/dlt-daemon/src/lib/dlt_client.c
FN:104,dlt_client_register_message_callback
FN:109,dlt_client_register_fetch_next_message_callback
FN:114,dlt_client_init_port
FN:140,dlt_client_init
FN:173,dlt_client_connect
FN:478,dlt_client_cleanup
FN:518,dlt_client_main_loop
FN:585,dlt_client_send_message_to_socket
FN:627,dlt_client_send_ctrl_msg
FN:781,dlt_client_send_inject_msg
FN:816,dlt_client_send_log_level
FN:848,dlt_client_get_log_info
FN:879,dlt_client_get_default_log_level
FN:907,dlt_client_get_software_version
FN:931,dlt_client_send_trace_status
FN:958,dlt_client_send_default_log_level
FN:983,dlt_client_send_all_log_level
FN:1008,dlt_client_send_default_trace_status
FN:1033,dlt_client_send_all_trace_status
FN:1065,dlt_client_send_timing_pakets
FN:1089,dlt_client_send_store_config
FN:1102,dlt_client_send_reset_to_factory_default
FN:1115,dlt_client_setbaudrate
FN:1125,dlt_client_set_mode
FN:1135,dlt_client_set_server_ip
FN:1147,dlt_client_set_host_if_address
FN:1159,dlt_client_set_serial_device
FN:1171,dlt_client_set_socket_path
FN:1188,dlt_client_free_calloc_failed_get_log_info
FN:1220,dlt_client_parse_get_log_info_resp_text
FN:1374,dlt_client_cleanup_get_log_info
FNDA:1,dlt_client_send_log_level
FNDA:2,dlt_client_send_message_to_socket
FNDA:10,dlt_client_send_ctrl_msg
FNDA:0,dlt_client_register_fetch_next_message_callback
FNDA:5,dlt_client_cleanup
FNDA:0,dlt_client_send_all_log_level
FNDA:4,dlt_client_get_software_version
FNDA:6,dlt_client_set_server_ip
FNDA:0,dlt_client_setbaudrate
FNDA:0,dlt_client_set_serial_device
FNDA:3,dlt_client_register_message_callback
FNDA:3,dlt_client_init
FNDA:0,dlt_client_send_default_log_level
FNDA:4,dlt_client_get_log_info
FNDA:8,dlt_client_init_port
FNDA:1,dlt_client_get_default_log_level
FNDA:0,dlt_client_set_host_if_address
FNDA:2,dlt_client_cleanup_get_log_info
FNDA:0,dlt_client_send_default_trace_status
FNDA:0,dlt_client_set_socket_path
FNDA:0,dlt_client_send_reset_to_factory_default
FNDA:0,dlt_client_send_trace_status
FNDA:0,dlt_client_set_mode
FNDA:0,dlt_client_send_timing_pakets
FNDA:0,dlt_client_send_all_trace_status
FNDA:0,dlt_client_send_inject_msg
FNDA:0,dlt_client_free_calloc_failed_get_log_info
FNDA:3,dlt_client_main_loop
FNDA:2,dlt_client_parse_get_log_info_resp_text
FNDA:0,dlt_client_send_store_config
FNDA:9,dlt_client_connect
FNF:31
FNH:15
DA:104,3
DA:106,3
DA:107,3
DA:109,0
DA:111,0
DA:112,0
DA:114,8
DA:116,8
DA:117,0
DA:122,8
DA:125,8
DA:126,8
DA:127,8
DA:128,8
DA:129,8
DA:130,8
DA:131,8
DA:132,8
DA:133,8
DA:134,8
DA:135,8
DA:137,8
DA:140,3
DA:148,3
DA:150,3
DA:153,0
DA:154,0
DA:158,0
DA:161,0
DA:165,3
DA:166,0
DA:170,3
DA:173,9
DA:175,9
DA:176,9
DA:186,9
DA:190,9
DA:192,9
DA:195,9
DA:196,7
DA:197,7
DA:199,7
DA:200,0
DA:204,3
DA:207,11
DA:208,8
DA:209,0
DA:212,0
DA:213,0
DA:217,8
DA:219,0
DA:221,0
DA:222,0
DA:223,0
DA:226,8
DA:227,8
DA:228,8
DA:229,8
DA:231,8
DA:232,0
DA:234,0
DA:235,0
DA:237,16
DA:238,8
DA:240,8
DA:241,4
DA:242,4
DA:243,4
DA:244,0
DA:247,0
DA:248,0
DA:253,4
DA:254,4
DA:258,0
DA:259,0
DA:260,0
DA:265,0
DA:266,0
DA:273,7
DA:275,7
DA:276,3
DA:280,3
DA:283,4
DA:284,1
DA:292,6
DA:293,0
DA:295,0
DA:297,0
DA:298,0
DA:302,0
DA:305,0
DA:308,0
DA:309,0
DA:313,0
DA:314,0
DA:322,0
DA:323,0
DA:327,0
DA:329,0
DA:332,0
DA:333,0
DA:341,2
DA:343,2
DA:344,0
DA:347,0
DA:349,0
DA:353,2
DA:354,2
DA:356,2
DA:359,0
DA:362,0
DA:364,0
DA:367,2
DA:368,0
DA:373,0
DA:379,0
DA:381,0
DA:383,0
DA:386,0
DA:388,0
DA:392,0
DA:394,0
DA:397,0
DA:399,0
DA:402,0
DA:403,0
DA:405,0
DA:408,0
DA:410,0
DA:413,0
DA:415,0
DA:418,0
DA:419,0
DA:421,0
DA:423,0
DA:425,0
DA:429,0
DA:432,0
DA:433,0
DA:435,0
DA:436,0
DA:437,0
DA:439,0
DA:444,0
DA:447,0
DA:449,0
DA:452,0
DA:454,0
DA:456,0
DA:461,0
DA:462,0
DA:467,0
DA:470,6
DA:471,0
DA:472,0
DA:478,5
DA:482,5
DA:483,0
DA:485,5
DA:488,5
DA:489,5
DA:491,5
DA:492,0
DA:496,5
DA:497,0
DA:498,0
DA:501,5
DA:502,3
DA:503,3
DA:506,5
DA:507,2
DA:508,2
DA:511,5
DA:512,0
DA:513,0
DA:518,3
DA:523,3
DA:526,3
DA:530,413
DA:532,413
DA:534,413
DA:536,3
DA:539,3
DA:542,618
DA:543,618
DA:545,618
DA:548,208
DA:549,208
DA:551,208
DA:552,0
DA:553,0
DA:557,0
DA:558,0
DA:561,208
DA:562,208
DA:565,0
DA:566,0
DA:570,410
DA:572,0
DA:573,0
DA:575,410
DA:576,0
DA:579,0
DA:580,0
DA:585,2
DA:589,2
DA:590,2
DA:592,0
DA:593,0
DA:596,2
DA:598,0
DA:600,0
DA:602,0
DA:603,0
DA:604,0
DA:608,4
DA:610,2
DA:611,2
DA:613,0
DA:614,0
DA:617,2
DA:618,2
DA:620,0
DA:621,0
DA:627,10
DA:636,10
DA:640,10
DA:644,10
DA:646,10
DA:647,0
DA:648,0
DA:651,10
DA:652,10
DA:653,10
DA:656,10
DA:657,0
DA:658,0
DA:662,10
DA:665,10
DA:667,10
DA:668,0
DA:669,0
DA:673,10
DA:674,10
DA:680,10
DA:683,10
DA:685,10
DA:688,10
DA:689,0
DA:690,0
DA:694,10
DA:696,10
DA:697,10
DA:699,10
DA:701,10
DA:703,19
DA:704,19
DA:707,10
DA:710,10
DA:712,10
DA:714,10
DA:715,0
DA:719,0
DA:721,0
DA:724,10
DA:727,10
DA:729,10
DA:731,0
DA:732,0
DA:734,0
DA:735,0
DA:736,0
DA:739,10
DA:740,10
DA:742,10
DA:743,0
DA:744,0
DA:745,0
DA:748,10
DA:750,10
DA:751,0
DA:752,0
DA:753,0
DA:756,10
DA:757,10
DA:759,10
DA:766,0
DA:768,0
DA:769,0
DA:770,0
DA:775,10
DA:776,0
DA:781,0
DA:791,0
DA:793,0
DA:799,0
DA:801,0
DA:804,0
DA:806,0
DA:807,0
DA:810,0
DA:812,0
DA:816,1
DA:821,1
DA:824,1
DA:826,1
DA:829,1
DA:830,1
DA:831,1
DA:832,1
DA:833,1
DA:836,1
DA:843,1
DA:845,1
DA:848,4
DA:853,4
DA:856,4
DA:858,4
DA:861,4
DA:862,4
DA:863,4
DA:864,4
DA:865,4
DA:868,4
DA:874,4
DA:876,4
DA:879,1
DA:884,1
DA:888,1
DA:890,1
DA:893,1
DA:896,1
DA:902,1
DA:904,1
DA:907,4
DA:912,4
DA:915,4
DA:917,4
DA:920,4
DA:926,4
DA:928,4
DA:931,0
DA:935,0
DA:937,0
DA:940,0
DA:941,0
DA:942,0
DA:943,0
DA:944,0
DA:947,0
DA:949,0
DA:950,0
DA:953,0
DA:955,0
DA:958,0
DA:962,0
DA:964,0
DA:967,0
DA:968,0
DA:969,0
DA:972,0
DA:974,0
DA:975,0
DA:978,0
DA:980,0
DA:983,0
DA:987,0
DA:989,0
DA:992,0
DA:993,0
DA:994,0
DA:997,0
DA:999,0
DA:1000,0
DA:1003,0
DA:1005,0
DA:1008,0
DA:1012,0
DA:1014,0
DA:1017,0
DA:1018,0
DA:1019,0
DA:1022,0
DA:1024,0
DA:1025,0
DA:1028,0
DA:1030,0
DA:1033,0
DA:1037,0
DA:1038,0
DA:1039,0
DA:1042,0
DA:1044,0
DA:1045,0
DA:1046,0
DA:1049,0
DA:1050,0
DA:1051,0
DA:1054,0
DA:1056,0
DA:1057,0
DA:1060,0
DA:1062,0
DA:1065,0
DA:1069,0
DA:1071,0
DA:1074,0
DA:1075,0
DA:1078,0
DA:1080,0
DA:1081,0
DA:1084,0
DA:1086,0
DA:1089,0
DA:1093,0
DA:1096,0
DA:1097,0
DA:1102,0
DA:1106,0
DA:1109,0
DA:1110,0
DA:1115,0
DA:1117,0
DA:1120,0
DA:1122,0
DA:1125,0
DA:1127,0
DA:1130,0
DA:1131,0
DA:1135,6
DA:1137,6
DA:1139,6
DA:1140,0
DA:1141,0
DA:1147,0
DA:1149,0
DA:1151,0
DA:1152,0
DA:1153,0
DA:1159,0
DA:1161,0
DA:1163,0
DA:1164,0
DA:1165,0
DA:1171,0
DA:1173,0
DA:1175,0
DA:1176,0
DA:1177,0
DA:1188,0
DA:1196,0
DA:1197,0
DA:1199,0
DA:1200,0
DA:1202,0
DA:1203,0
DA:1206,0
DA:1207,0
DA:1209,0
DA:1210,0
DA:1213,0
DA:1214,0
DA:1215,0
DA:1217,0
DA:1220,2
DA:1228,2
DA:1230,2
DA:1254,2
DA:1258,2
DA:1260,0
DA:1261,0
DA:1265,0
DA:1266,0
DA:1271,0
DA:1276,0
DA:1280,2
DA:1281,2
DA:1282,2
DA:1284,2
DA:1285,2
DA:1287,2
DA:1288,0
DA:1289,0
DA:1290,0
DA:1293,5
DA:1294,3
DA:1296,3
DA:1299,3
DA:1300,3
DA:1301,3
DA:1303,3
DA:1304,3
DA:1306,3
DA:1307,0
DA:1309,0
DA:1310,0
DA:1313,9
DA:1314,6
DA:1316,6
DA:1318,6
DA:1322,6
DA:1323,6
DA:1327,6
DA:1328,6
DA:1332,6
DA:1333,6
DA:1335,6
DA:1336,6
DA:1338,6
DA:1339,0
DA:1340,0
DA:1341,0
DA:1344,6
DA:1352,3
DA:1353,3
DA:1355,3
DA:1356,3
DA:1358,3
DA:1359,0
DA:1360,0
DA:1361,0
DA:1364,3
DA:1374,2
DA:1380,2
DA:1383,5
DA:1384,3
DA:1386,9
DA:1387,6
DA:1388,6
DA:1391,3
DA:1393,3
DA:1397,2
DA:1400,2
DA:1403,2
LF:534
LH:240
end_of_record
TN:
SF:/home/runner/work/dlt-daemon/dlt-daemon/src/lib/dlt_env_ll.c
FN:58,dlt_env_extract_id
FN:90,dlt_env_helper_to_lower
FN:126,dlt_env_extract_symbolic_ll
FN:198,dlt_env_extract_ll
FN:239,dlt_env_extract_ll_item
FN:284,dlt_env_init_ll_set
FN:307,dlt_env_free_ll_set
FN:329,dlt_env_increase_ll_set
FN:364,dlt_env_extract_ll_set
FN:403,dlt_env_ids_match
FN:436,dlt_env_ll_item_get_matching_prio
FN:471,dlt_env_adjust_ll_from_env
FNDA:0,dlt_env_helper_to_lower
FNDA:0,dlt_env_init_ll_set
FNDA:0,dlt_env_extract_ll
FNDA:0,dlt_env_extract_symbolic_ll
FNDA:0,dlt_env_extract_id
FNDA:205,dlt_env_adjust_ll_from_env
FNDA:0,dlt_env_ll_item_get_matching_prio
FNDA:12079,dlt_env_free_ll_set
FNDA:0,dlt_env_extract_ll_item
FNDA:0,dlt_env_increase_ll_set
FNDA:0,dlt_env_ids_match
FNDA:0,dlt_env_extract_ll_set
FNF:12
FNH:2
DA:58,0
DA:62,0
DA:66,0
DA:72,0
DA:73,0
DA:77,0
DA:78,0
DA:90,0
DA:95,0
DA:99,0
DA:103,0
DA:105,0
DA:106,0
DA:107,0
DA:109,0
DA:112,0
DA:113,0
DA:116,0
DA:118,0
DA:121,0
DA:126,0
DA:127,0
DA:130,0
DA:134,0
DA:138,0
DA:139,0
DA:140,0
DA:141,0
DA:142,0
DA:143,0
DA:144,0
DA:145,0
DA:146,0
DA:147,0
DA:148,0
DA:149,0
DA:150,0
DA:151,0
DA:152,0
DA:153,0
DA:154,0
DA:159,0
DA:160,0
DA:163,0
DA:198,0
DA:200,0
DA:204,0
DA:209,0
DA:210,0
DA:212,0
DA:213,0
DA:214,0
DA:217,0
DA:218,0
DA:219,0
DA:220,0
DA:226,0
DA:227,0
DA:239,0
DA:243,0
DA:247,0
DA:252,0
DA:254,0
DA:258,0
DA:259,0
DA:261,0
DA:265,0
DA:266,0
DA:268,0
DA:269,0
DA:284,0
DA:286,0
DA:290,0
DA:291,0
DA:293,0
DA:295,0
DA:296,0
DA:299,0
DA:300,0
DA:307,12079
DA:309,12079
DA:313,12079
DA:314,0
DA:315,0
DA:318,12079
DA:319,12079
DA:329,0
DA:334,0
DA:338,0
DA:339,0
DA:341,0
DA:342,0
DA:344,0
DA:346,0
DA:347,0
DA:349,0
DA:350,0
DA:351,0
DA:364,0
DA:366,0
DA:370,0
DA:374,0
DA:379,0
DA:380,0
DA:385,0
DA:389,0
DA:390,0
DA:392,0
DA:403,0
DA:405,0
DA:409,0
DA:413,0
DA:417,0
DA:418,0
DA:436,0
DA:440,0
DA:444,0
DA:445,0
DA:447,0
DA:448,0
DA:450,0
DA:451,0
DA:453,0
DA:454,0
DA:471,205
DA:476,205
DA:484,205
DA:485,0
DA:487,0
DA:489,0
DA:491,0
DA:492,0
LF:132
LH:8
end_of_record
TN:
SF:/home/runner/work/dlt-daemon/dlt-daemon/src/lib/dlt_filetransfer.c
FN:84,getFilesize
FN:103,stringHash
FN:129,getFileSerialNumber
FN:155,getFileCreationDate
FN:175,getFileCreationDate2
FN:196,isFile
FN:206,doTimeout
FN:218,checkUserBufferForFreeSpace
FN:236,doRemoveFile
FN:241,dlt_user_log_file_errorMessage
FN:306,dlt_user_log_file_infoAbout
FN:369,dlt_user_log_file_complete
FN:404,dlt_user_log_file_packagesCount
FN:454,dlt_user_log_file_header_alias
FN:516,dlt_user_log_file_header
FN:576,dlt_user_log_file_data
FN:594,dlt_user_log_file_data_cancelable
FN:745,dlt_user_log_file_end
FNDA:0,isFile
FNDA:0,dlt_user_log_file_complete
FNDA:0,getFileSerialNumber
FNDA:0,dlt_user_log_file_header_alias
FNDA:0,dlt_user_log_file_data
FNDA:0,checkUserBufferForFreeSpace
FNDA:0,getFileCreationDate
FNDA:0,getFilesize
FNDA:0,dlt_user_log_file_end
FNDA:0,dlt_user_log_file_packagesCount
FNDA:0,dlt_user_log_file_data_cancelable
FNDA:0,doTimeout
FNDA:0,stringHash
FNDA:0,dlt_user_log_file_errorMessage
FNDA:0,dlt_user_log_file_header
FNDA:0,dlt_user_log_file_infoAbout
FNDA:0,getFileCreationDate2
FNDA:0,doRemoveFile
FNF:18
FNH:0
DA:84,0
DA:88,0
DA:90,0
DA:91,0
DA:94,0
DA:95,0
DA:103,0
DA:105,0
DA:109,0
DA:113,0
DA:117,0
DA:118,0
DA:129,0
DA:134,0
DA:135,0
DA:136,0
DA:138,0
DA:139,0
DA:140,0
DA:141,0
DA:142,0
DA:143,0
DA:146,0
DA:155,0
DA:159,0
DA:160,0
DA:161,0
DA:164,0
DA:165,0
DA:175,0
DA:180,0
DA:181,0
DA:183,0
DA:186,0
DA:187,0
DA:188,0
DA:189,0
DA:196,0
DA:199,0
DA:206,0
DA:209,0
DA:210,0
DA:211,0
DA:212,0
DA:218,0
DA:222,0
DA:224,0
DA:225,0
DA:236,0
DA:238,0
DA:241,0
DA:244,0
DA:245,0
DA:246,0
DA:248,0
DA:249,0
DA:254,0
DA:256,0
DA:257,0
DA:263,0
DA:264,0
DA:266,0
DA:267,0
DA:273,0
DA:275,0
DA:288,0
DA:296,0
DA:306,0
DA:309,0
DA:312,0
DA:314,0
DA:315,0
DA:321,0
DA:323,0
DA:324,0
DA:330,0
[...]
DA:1835,12121
DA:1836,12121
DA:1837,12121
DA:1838,12121
DA:1841,12121
DA:1842,0
DA:1843,0
DA:1846,12121
DA:1849,12121
DA:1852,9
DA:1854,9
DA:1857,9
DA:1861,9
DA:1863,9
DA:1867,9
DA:1868,9
DA:1869,9
DA:1870,9
DA:1871,9
DA:1872,9
DA:1873,9
DA:1874,9
DA:1875,9
DA:1877,9
DA:1880,12120
DA:1883,12120
DA:1886,12120
DA:1887,12118
DA:1889,12120
DA:1890,0
DA:1892,12120
DA:1893,12120
DA:1894,12120
DA:1896,12120
DA:1899,9
DA:1902,9
DA:1905,9
DA:1906,0
DA:1908,9
DA:1909,9
DA:1910,9
DA:1912,9
DA:1915,1665
DA:1919,1665
DA:1922,1665
DA:1925,1664
DA:1926,1664
DA:1928,1664
DA:1929,0
DA:1930,0
DA:1931,0
DA:1934,1664
DA:1936,427
DA:1937,427
DA:1938,427
DA:1940,1237
DA:1942,1237
DA:1943,1237
DA:1944,1237
DA:1948,0
DA:1949,0
DA:1950,0
DA:1951,0
DA:1953,0
DA:1957,1664
DA:1958,6
DA:1959,6
DA:1962,1658
DA:1963,1658
DA:1965,1658
DA:1968,6097
DA:1970,6097
DA:1973,6140
DA:1976,6140
DA:1977,0
DA:1978,0
DA:1979,0
DA:1982,6140
DA:1983,263
DA:1985,6097
DA:1988,1659
DA:1990,1659
DA:1993,1659
DA:1996,1659
DA:1997,0
DA:1999,0
DA:2000,0
DA:2004,0
DA:2010,133
DA:2015,133
DA:2018,133
DA:2019,88
DA:2021,133
DA:2022,133
DA:2023,133
DA:2029,133
DA:2030,88
DA:2034,133
DA:2035,0
DA:2036,0
DA:2037,0
DA:2041,133
DA:2044,12103
DA:2051,12103
DA:2058,12103
DA:2062,12103
DA:2063,12103
DA:2064,12103
DA:2065,12103
DA:2067,12103
DA:2073,12103
DA:2074,12103
DA:2077,12103
DA:2080,9
DA:2083,9
DA:2084,1
DA:2088,9
DA:2091,6979
DA:2093,6979
DA:2096,13958
DA:2097,6979
DA:2098,6979
DA:2099,6979
DA:2100,13958
DA:2103,0
DA:2105,0
DA:2111,0
DA:2112,0
DA:2113,0
DA:2114,0
DA:2118,0
DA:2119,0
DA:2120,0
DA:2121,0
DA:2122,0
DA:2125,0
DA:2127,0
DA:2129,0
DA:2131,0
DA:2134,0
DA:2136,0
DA:2140,0
DA:2141,0
DA:2142,0
DA:2143,0
DA:2146,0
DA:2147,0
DA:2149,0
DA:2153,0
DA:2156,12210
DA:2162,12210
DA:2166,12202
DA:2169,12195
DA:2172,12195
DA:2176,12195
DA:2177,12195
DA:2178,12195
DA:2181,12195
DA:2183,12195
DA:2184,0
DA:2187,0
DA:2192,12195
DA:2193,12195
DA:2194,12195
DA:2195,12195
DA:2197,12195
DA:2198,0
DA:2201,0
DA:2204,12195
DA:2206,12195
DA:2211,12195
DA:2213,12195
DA:2216,0
DA:2219,0
DA:2222,0
DA:2224,0
DA:2225,0
DA:2231,12184
DA:2234,12184
DA:2237,12183
DA:2239,0
DA:2240,0
DA:2243,12183
DA:2244,12183
DA:2245,12183
DA:2247,12183
DA:2250,41031
DA:2253,41031
DA:2254,40012
DA:2255,40012
DA:2257,40011
DA:2258,40011
DA:2264,1
DA:2266,1
DA:2267,1
DA:2268,1
DA:2273,0
DA:2277,1019
DA:2279,41031
DA:2281,53
DA:2284,53
DA:2285,37
DA:2287,35
DA:2288,35
DA:2294,2
DA:2296,1
DA:2297,1
DA:2298,1
DA:2303,16
DA:2305,53
DA:2307,859
DA:2309,859
DA:2312,859
DA:2313,0
DA:2318,7
DA:2324,7
DA:2325,1
DA:2326,1
DA:2330,6
DA:2335,6
DA:2340,6
DA:2342,6
DA:2343,0
DA:2346,0
DA:2350,6
DA:2353,6
DA:2354,4
DA:2355,4
DA:2356,4
DA:2357,4
DA:2360,2
DA:2361,2
DA:2362,2
DA:2363,2
DA:2364,2
DA:2368,6
DA:2371,6
DA:2372,6
DA:2373,6
DA:2375,6
DA:2381,6
DA:2384,8
DA:2389,8
DA:2390,1
DA:2391,1
DA:2394,7
DA:2399,0
DA:2401,0
DA:2402,0
DA:2405,0
DA:2409,0
DA:2412,0
DA:2413,0
DA:2414,0
DA:2417,0
DA:2418,0
DA:2419,0
DA:2421,0
DA:2426,0
DA:2428,0
DA:2431,9
DA:2434,9
DA:2435,1
DA:2436,1
DA:2439,8
DA:2441,8
DA:2444,8
DA:2445,8
DA:2446,8
DA:2449,8
DA:2451,8
DA:2454,7516
DA:2456,7516
DA:2459,15284
DA:2472,15284
DA:2475,15216
DA:2477,0
DA:2478,0
DA:2482,15216
DA:2483,15216
DA:2484,15216
DA:2487,15216
DA:2488,0
DA:2491,0
DA:2492,0
DA:2496,15216
DA:2497,0
DA:2498,15216
DA:2501,15216
DA:2504,15220
DA:2506,4
DA:2512,4
DA:2513,4
DA:2516,4
DA:2517,0
DA:2518,4
DA:2521,4
DA:2527,15216
DA:2528,15216
DA:2531,15216
DA:2533,15216
DA:2534,15216
DA:2536,15216
DA:2537,7702
DA:2539,15216
DA:2540,1877
DA:2543,15216
DA:2544,15216
DA:2546,15216
DA:2550,64
DA:2554,64
DA:2558,64
DA:2561,47
DA:2563,0
DA:2564,0
DA:2568,47
DA:2569,47
DA:2570,47
DA:2573,47
DA:2574,3
DA:2577,3
DA:2578,3
DA:2582,44
DA:2583,22
DA:2584,1
DA:2587,1
DA:2590,22
DA:2594,22
DA:2595,21
DA:2597,1
DA:2600,22
DA:2601,1
DA:2604,1
DA:2605,1
DA:2609,21
DA:2612,21
DA:2613,1
DA:2614,1
DA:2615,1
DA:2618,20
DA:2619,0
DA:2620,0
DA:2621,0
DA:2625,20
DA:2626,1
DA:2629,1
DA:2630,1
DA:2634,19
DA:2635,1
DA:2641,19
DA:2643,14
DA:2645,14
DA:2647,3
DA:2650,5
DA:2652,5
DA:2653,5
DA:2655,0
DA:2659,19
DA:2660,8
DA:2662,8
DA:2664,5
DA:2667,19
DA:2670,8
DA:2672,8
DA:2675,13
DA:2677,13
DA:2680,7
DA:2682,7
DA:2685,2
DA:2688,2
DA:2689,1
DA:2690,1
DA:2693,1
DA:2695,1
DA:2698,2
DA:2703,2
DA:2704,1
DA:2705,1
DA:2709,1
DA:2712,1
DA:2713,1
DA:2714,1
DA:2716,1
DA:2721,3
DA:2724,3
DA:2727,2
DA:2730,2503
DA:2735,2503
DA:2739,2502
DA:2742,2502
DA:2743,2502
DA:2744,2502
DA:2746,2502
DA:2749,2501
DA:2750,2501
DA:2752,0
DA:2755,8528
DA:2758,8528
DA:2762,8528
DA:2765,8528
DA:2770,0
DA:2775,0
DA:2778,0
DA:2787,0
DA:2799,0
DA:2805,0
DA:2811,0
DA:2812,0
DA:2817,0
DA:2818,0
DA:2823,0
DA:2824,0
DA:2828,0
DA:2829,0
DA:2837,0
DA:2842,0
DA:2848,0
DA:2851,0
DA:2853,0
DA:2856,0
DA:2858,0
DA:2861,0
DA:2863,0
DA:2866,0
DA:2868,0
DA:2871,0
DA:2873,0
DA:2876,0
DA:2878,0
DA:2881,0
DA:2883,0
DA:2886,0
DA:2888,0
DA:2891,0
DA:2893,0
DA:2896,0
DA:2898,0
DA:2901,0
DA:2903,0
DA:2906,0
DA:2908,0
DA:2911,0
DA:2913,0
DA:2916,0
DA:2918,0
DA:2921,0
DA:2923,0
DA:2926,0
DA:2929,0
DA:2932,0
DA:2934,0
DA:2937,0
DA:2939,0
DA:2942,0
DA:2944,0
DA:2947,0
DA:2949,0
DA:2952,0
DA:2954,0
DA:2957,0
DA:2959,0
DA:2962,0
DA:2964,0
DA:2967,0
DA:2969,0
DA:2972,0
DA:2975,0
DA:2978,0
DA:2982,0
DA:2985,0
DA:2989,0
DA:2992,0
DA:2996,0
DA:2999,0
DA:3003,0
DA:3006,0
DA:3010,0
DA:3018,22
DA:3020,22
DA:3021,0
DA:3022,0
DA:3043,9
DA:3045,9
DA:3046,0
DA:3047,0
DA:3053,9
DA:3055,9
DA:3056,0
DA:3057,0
DA:3064,6301
DA:3074,6301
DA:3075,6301
DA:3083,328
DA:3085,328
DA:3088,316
DA:3090,316
DA:3092,316
DA:3095,328
DA:3097,328
DA:3100,316
DA:3102,316
DA:3104,316
DA:3106,316
DA:3108,316
DA:3111,328
DA:3113,328
DA:3116,316
DA:3118,316
DA:3120,316
DA:3122,316
DA:3124,316
DA:3127,328
DA:3129,328
DA:3132,316
DA:3134,316
DA:3136,316
DA:3138,316
DA:3140,316
DA:3143,328
DA:3145,328
DA:3148,316
DA:3150,316
DA:3152,316
DA:3155,316
DA:3157,316
DA:3160,3551
DA:3170,3551
DA:3185,3536
DA:3186,3536
DA:3187,3536
DA:3188,3536
DA:3204,3536
DA:3205,1549
DA:3207,1549
DA:3208,1549
DA:3210,1549
DA:3213,1549
DA:3216,0
DA:3219,1549
DA:3220,0
DA:3222,0
DA:3225,0
DA:3227,0
DA:3230,0
DA:3232,0
DA:3233,0
DA:3234,0
DA:3235,0
DA:3239,0
DA:3240,0
DA:3243,1549
DA:3245,1549
DA:3248,1987
DA:3251,112
DA:3252,0
DA:3254,0
DA:3257,0
DA:3259,0
DA:3262,0
DA:3264,0
DA:3265,0
DA:3266,0
DA:3267,0
DA:3271,0
DA:3272,0
DA:3276,112
DA:3278,112
DA:3281,110
DA:3283,1875
DA:3285,0
DA:3286,0
DA:3288,0
DA:3289,0
DA:3291,0
DA:3294,0
DA:3295,0
DA:3298,0
DA:3304,0
DA:3305,0
DA:3307,0
DA:3308,0
DA:3310,0
DA:3313,0
DA:3314,0
DA:3317,0
DA:3323,1875
DA:3325,0
DA:3326,0
DA:3328,0
DA:3331,0
DA:3334,0
DA:3335,0
DA:3337,0
DA:3340,0
DA:3343,0
DA:3344,0
DA:3346,0
DA:3352,0
DA:3353,0
DA:3354,0
DA:3356,0
DA:3360,0
DA:3361,0
DA:3363,0
DA:3366,0
DA:3367,0
DA:3370,1875
DA:3373,1748
DA:3374,0
DA:3376,0
DA:3379,0
DA:3380,0
DA:3382,0
DA:3385,0
DA:3387,0
DA:3390,0
DA:3392,0
DA:3393,0
DA:3394,0
DA:3395,0
DA:3399,0
DA:3400,0
DA:3402,0
DA:3407,0
DA:3409,0
DA:3410,0
DA:3413,1748
DA:3414,0
DA:3416,0
DA:3419,0
DA:3420,0
DA:3424,0
DA:3427,0
DA:3428,0
DA:3429,0
DA:3431,0
DA:3433,0
DA:3436,0
DA:3437,0
DA:3438,0
DA:3440,0
DA:3442,0
DA:3445,0
DA:3446,0
DA:3447,0
DA:3456,1748
DA:3457,14
DA:3459,14
DA:3461,7
DA:3463,7
DA:3466,7
DA:3470,7
DA:3472,7
DA:3475,7
DA:3480,21
DA:3482,21
DA:3485,7
DA:3487,7
DA:3490,7
DA:3491,7
DA:3496,14
DA:3498,14
DA:3501,14
DA:3502,14
DA:3507,1699
DA:3509,1699
DA:3512,287
DA:3514,287
DA:3517,287
DA:3523,1412
DA:3525,1412
DA:3528,1412
DA:3534,14
DA:3536,14
DA:3539,7
DA:3541,7
DA:3544,7
DA:3554,7
DA:3556,7
DA:3559,7
DA:3569,0
DA:3571,0
DA:3572,0
DA:3574,0
DA:3577,0
DA:3578,0
DA:3579,0
DA:3587,127
DA:3590,14
DA:3591,0
DA:3593,0
DA:3596,0
DA:3597,0
DA:3599,0
DA:3602,0
DA:3604,0
DA:3607,0
DA:3609,0
DA:3610,0
DA:3611,0
DA:3612,0
DA:3616,0
DA:3617,0
DA:3619,0
DA:3624,0
DA:3626,0
DA:3627,0
DA:3630,14
DA:3631,0
DA:3633,0
DA:3634,0
DA:3636,0
DA:3639,0
DA:3640,0
DA:3641,0
DA:3643,0
DA:3645,0
DA:3646,0
DA:3648,0
DA:3651,0
DA:3652,0
DA:3653,0
DA:3662,7
DA:3664,7
DA:3669,7
DA:3671,7
DA:3687,7
DA:3689,7
DA:3694,7
DA:3709,0
DA:3711,0
DA:3712,0
DA:3714,0
DA:3717,0
DA:3718,0
DA:3719,0
DA:3727,113
DA:3730,112
DA:3732,112
DA:3735,110
DA:3737,110
DA:3738,0
DA:3740,0
DA:3743,0
DA:3745,0
DA:3748,0
DA:3750,0
DA:3751,0
DA:3752,0
DA:3753,0
DA:3757,0
DA:3758,0
DA:3761,110
DA:3764,9
DA:3766,9
DA:3767,9
DA:3769,1
DA:3772,0
DA:3774,0
DA:3777,0
DA:3779,0
DA:3781,0
DA:3788,3430
DA:3789,0
DA:3790,0
DA:3794,3430
DA:3795,0
DA:3797,0
DA:3799,0
DA:3800,0
DA:3808,12079
DA:3810,12079
DA:3812,12079
DA:3813,0
DA:3815,12079
DA:3817,12079
DA:3818,0
DA:3820,0
DA:3821,0
DA:3824,12079
DA:3826,12079
DA:3827,0
DA:3829,0
DA:3830,0
DA:3834,12079
DA:3836,12079
DA:3837,0
DA:3839,12079
DA:3850,12079
DA:3852,2
DA:3860,2
DA:3866,2
DA:3868,2
DA:3869,2
DA:3871,2
DA:3872,2
DA:3873,2
DA:3874,2
DA:3880,14
DA:3882,14
DA:3885,14
DA:3891,14
DA:3892,14
DA:3893,14
DA:3894,14
DA:3896,14
DA:3898,14
DA:3901,12
DA:3903,12
DA:3906,12
DA:3912,12
DA:3913,12
DA:3915,12
DA:3917,12
DA:3920,11
DA:3922,11
DA:3928,11
DA:3929,11
DA:3931,11
DA:3934,20
DA:3936,20
DA:3940,20
DA:3946,289
DA:3947,269
DA:3948,269
DA:3949,269
DA:3950,269
DA:3956,0
DA:3958,0
DA:3960,0
DA:3965,0
DA:3966,0
DA:3967,0
DA:3972,0
DA:3973,0
DA:3976,0
DA:3978,0
DA:3981,0
DA:3983,0
DA:3988,0
DA:3993,0
DA:3995,0
DA:3998,0
DA:4002,0
DA:4006,3
DA:4009,3
DA:4011,3
DA:4013,3
DA:4016,1
DA:4018,1
DA:4019,0
DA:4020,0
DA:4023,106
DA:4025,105
DA:4026,0
DA:4029,105
DA:4031,105
DA:4034,105
DA:4036,105
DA:4039,105
DA:4041,105
DA:4044,105
DA:4046,0
DA:4048,0
DA:4049,0
DA:4052,105
DA:4055,105
DA:4060,105
DA:4063,105
DA:4069,105
DA:4070,105
DA:4072,105
DA:4074,105
DA:4077,1
DA:4078,1
DA:4082,0
DA:4087,0
DA:4089,0
DA:4093,0
DA:4095,0
DA:4097,0
DA:4100,0
DA:4101,0
DA:4103,0
DA:4105,0
DA:4106,0
DA:4108,0
DA:4111,0
DA:4113,0
DA:4116,0
DA:4119,0
DA:4120,0
DA:4122,0
DA:4123,0
DA:4124,0
DA:4127,0
DA:4131,0
DA:4133,0
DA:4135,0
DA:4139,0
DA:4140,0
DA:4144,0
DA:4145,0
DA:4148,5
DA:4150,5
DA:4151,0
DA:4152,0
DA:4155,5
DA:4156,5
DA:4159,6
DA:4160,6
DA:4162,6
DA:4163,6
DA:4164,5
DA:4165,5
DA:4167,5
DA:4168,5
DA:4169,5
LF:1625
LH:1003
end_of_record
TN:
SF:/home/runner/work/dlt-daemon/dlt-daemon/src/shared/dlt_config_file_parser.c
FN:52,dlt_config_file_trim_line
FN:96,dlt_config_file_is_section_name
FN:122,dlt_config_file_set_section
FN:172,dlt_config_file_set_section_data
FN:252,dlt_config_file_get_section_name_from_string
FN:282,dlt_config_file_get_key_value
FN:322,dlt_config_file_read_line
FN:355,dlt_config_file_read_file
FN:408,dlt_config_file_find_section
FN:429,dlt_config_file_init
FN:463,dlt_config_file_release
FN:492,dlt_config_file_get_section_name
FN:505,dlt_config_file_get_num_sections
FN:519,dlt_config_file_get_value
FN:556,dlt_config_file_check_section_name_exists
FNDA:4,dlt_config_file_check_section_name_exists
FNDA:14,dlt_config_file_read_file
FNDA:540,dlt_config_file_find_section
FNDA:14,dlt_config_file_release
FNDA:339,dlt_config_file_get_key_value
FNDA:339,dlt_config_file_set_section_data
FNDA:379,dlt_config_file_trim_line
FNDA:40,dlt_config_file_get_section_name_from_string
FNDA:40,dlt_config_file_set_section
FNDA:40,dlt_config_file_get_section_name
FNDA:14,dlt_config_file_init
FNDA:536,dlt_config_file_get_value
FNDA:14,dlt_config_file_get_num_sections
FNDA:40,dlt_config_file_is_section_name
FNDA:379,dlt_config_file_read_line
FNF:15
FNH:15
DA:52,379
DA:54,379
DA:60,6683
DA:61,6304
DA:63,6304
DA:64,5925
DA:67,379
DA:80,406
DA:96,40
DA:100,40
DA:103,179
DA:104,139
DA:106,139
DA:122,40
DA:124,40
DA:127,40
DA:128,0
DA:129,0
DA:133,40
DA:134,0
DA:135,0
DA:138,40
DA:141,40
DA:143,40
DA:144,0
DA:145,0
DA:148,40
DA:150,40
DA:151,0
DA:152,0
DA:153,0
DA:154,0
DA:158,40
DA:159,40
DA:172,339
DA:176,339
DA:179,339
DA:180,339
DA:182,339
DA:183,0
DA:184,0
DA:188,339
DA:190,339
DA:192,40
DA:194,40
DA:195,0
DA:196,0
DA:199,40
DA:202,299
DA:204,1589
DA:205,1290
DA:208,299
DA:210,299
DA:211,0
DA:212,0
DA:216,339
DA:217,339
DA:218,339
DA:220,339
DA:222,339
DA:237,379
DA:252,40
DA:257,40
DA:260,386
DA:261,386
DA:262,40
DA:263,346
DA:266,306
DA:282,339
DA:288,339
DA:291,339
DA:293,339
DA:295,339
DA:300,339
DA:302,339
DA:304,339
DA:309,339
DA:322,379
DA:324,379
DA:334,40
DA:337,40
DA:341,339
DA:342,0
DA:355,14
DA:358,14
DA:359,14
DA:360,14
DA:365,434
DA:366,406
DA:369,27
DA:370,27
DA:373,379
DA:376,379
DA:378,379
DA:379,40
DA:382,40
DA:386,339
DA:388,339
DA:389,339
DA:392,0
DA:393,0
DA:397,14
DA:408,540
DA:413,540
DA:414,0
DA:415,0
DA:418,2490
DA:419,2486
DA:421,2486
DA:422,536
DA:429,14
DA:434,14
DA:435,0
DA:436,0
DA:439,14
DA:441,14
DA:442,0
DA:443,0
DA:446,14
DA:449,14
DA:450,0
DA:451,0
DA:452,0
DA:455,14
DA:458,14
DA:460,14
DA:463,14
DA:467,14
DA:468,14
DA:470,54
DA:471,40
DA:472,40
DA:473,40
DA:475,40
DA:476,40
DA:478,379
DA:480,339
DA:481,339
DA:482,339
DA:483,339
DA:487,14
DA:488,14
DA:490,14
DA:492,40
DA:496,40
DA:499,40
DA:500,40
DA:502,40
DA:505,14
DA:507,14
DA:514,14
DA:516,14
DA:519,536
DA:527,536
DA:533,536
DA:535,536
DA:538,536
DA:540,536
DA:542,3465
DA:543,3264
DA:544,335
DA:545,335
DA:548,2929
DA:552,201
DA:553,201
DA:556,4
DA:561,4
DA:564,4
DA:565,4
DA:566,4
LF:170
LH:142
end_of_record
TN:
SF:/home/runner/work/dlt-daemon/dlt-daemon/src/shared/dlt_log.c
FN:55,dlt_log_set_filename
FN:67,dlt_log_set_level
FN:80,dlt_log_init
FN:86,dlt_log_init_multiple_logfiles_support
FN:116,dlt_log_init_single_logfile
FN:129,dlt_log_init_multiple_logfiles
FN:164,dlt_user_printf
FN:191,dlt_log
FN:267,dlt_vlog
FN:288,dlt_vnlog
FN:315,dlt_log_multiple_files_write
FN:325,dlt_log_free
FN:336,dlt_log_free_single_logfile
FN:343,dlt_log_free_multiple_logfiles
FN:351,dlt_is_log_in_multiple_files_active
FNDA:2852,dlt_user_printf
FNDA:12,dlt_log_init
FNDA:17,dlt_log_set_filename
FNDA:4,dlt_log_init_multiple_logfiles
FNDA:1698462,dlt_log
FNDA:26,dlt_log_init_multiple_logfiles_support
FNDA:1712936,dlt_vlog
FNDA:4,dlt_log_init_single_logfile
FNDA:37,dlt_is_log_in_multiple_files_active
FNDA:2,dlt_log_free_single_logfile
FNDA:15,dlt_log_free
FNDA:3,dlt_log_free_multiple_logfiles
FNDA:12,dlt_log_multiple_files_write
FNDA:19,dlt_log_set_level
FNDA:12073,dlt_vnlog
FNF:15
FNH:15
DA:55,17
DA:58,17
DA:59,1
DA:60,1
DA:64,16
DA:67,19
DA:69,19
DA:70,0
DA:71,0
DA:73,0
DA:76,19
DA:78,19
DA:80,12
DA:82,12
DA:83,12
DA:86,26
DA:89,26
DA:90,0
DA:91,0
DA:94,26
DA:96,26
DA:101,7
DA:102,4
DA:103,4
DA:104,4
DA:105,1
DA:106,1
DA:109,3
DA:110,3
DA:116,4
DA:119,4
DA:120,4
DA:122,4
DA:123,0
DA:124,0
DA:129,4
DA:133,4
DA:135,4
DA:136,4
DA:139,4
DA:141,4
DA:143,4
DA:145,3
DA:146,3
DA:148,3
DA:158,3
DA:164,2852
DA:166,2852
DA:169,2852
DA:173,2852
DA:174,8
DA:179,8
DA:180,8
DA:181,2844
DA:182,2844
DA:183,2844
DA:186,2852
DA:188,2852
DA:191,1698462
DA:200,1698462
DA:203,1698461
DA:206,1697527
DA:209,1697527
DA:211,1697527
DA:212,511
DA:214,1022
DA:215,511
DA:216,511
DA:218,511
DA:220,511
DA:221,511
DA:222,1696979
DA:224,3393958
DA:225,1696979
DA:226,1696979
DA:228,1696979
DA:231,0
DA:234,0
DA:235,0
DA:237,0
DA:238,0
DA:240,0
DA:242,0
DA:244,0
DA:245,32
DA:248,32
DA:249,24
DA:250,12
DA:252,20
DA:253,40
DA:254,20
DA:255,20
DA:267,1712936
DA:269,1712936
DA:273,1712936
DA:276,1712936
DA:279,1685380
DA:281,1685380
DA:283,1685380
DA:285,1685380
DA:288,12073
DA:294,12073
DA:297,12073
DA:300,12073
DA:303,12073
DA:305,12073
DA:307,12073
DA:309,12073
DA:312,12073
DA:315,12
DA:317,12
DA:319,12
DA:321,12
DA:322,12
DA:323,12
DA:325,15
DA:327,15
DA:328,5
DA:329,3
DA:331,2
DA:334,15
DA:336,2
DA:338,2
DA:339,2
DA:341,2
DA:343,3
DA:345,3
DA:348,3
DA:351,37
DA:353,37
LF:130
LH:115
end_of_record
TN:
SF:/home/runner/work/dlt-daemon/dlt-daemon/src/shared/dlt_multiple_files.c
FN:44,multiple_files_buffer_storage_dir_info
FN:118,multiple_files_buffer_file_name
FN:134,multiple_files_buffer_get_idx_of_log_file
FN:148,multiple_files_buffer_create_new_file
FN:226,multiple_files_buffer_get_total_size
FN:269,multiple_files_buffer_delete_oldest_file
FN:347,multiple_files_buffer_check_size
FN:378,multiple_files_buffer_open_file_for_append
FN:408,multiple_files_buffer_init
FN:440,multiple_files_buffer_rotate_file
FN:456,multiple_files_buffer_write_chunk
FN:474,multiple_files_buffer_write
FN:486,multiple_files_buffer_free
FNDA:12,multiple_files_buffer_check_size
FNDA:21,multiple_files_buffer_get_total_size
FNDA:9,multiple_files_buffer_delete_oldest_file
FNDA:12,multiple_files_buffer_write_chunk
FNDA:9,multiple_files_buffer_create_new_file
FNDA:3,multiple_files_buffer_init
FNDA:3,multiple_files_buffer_open_file_for_append
FNDA:53,multiple_files_buffer_get_idx_of_log_file
FNDA:12,multiple_files_buffer_write
FNDA:3,multiple_files_buffer_free
FNDA:9,multiple_files_buffer_file_name
FNDA:12,multiple_files_buffer_storage_dir_info
FNDA:12,multiple_files_buffer_rotate_file
FNF:13
FNH:13
DA:44,12
DA:49,12
DA:53,12
DA:54,0
DA:55,0
DA:58,12
DA:59,12
DA:61,434
DA:63,422
DA:65,422
DA:66,110
DA:67,48
DA:69,48
DA:70,48
DA:72,36
DA:75,20
DA:81,48
DA:82,32
DA:84,20
DA:87,20
DA:94,12
DA:95,12
DA:97,12
DA:98,0
DA:102,12
DA:104,12
DA:105,0
DA:111,434
DA:113,12
DA:115,12
DA:118,9
DA:124,9
DA:127,9
DA:128,9
DA:131,9
DA:132,9
DA:134,53
DA:136,53
DA:138,53
DA:141,53
DA:143,53
DA:145,53
DA:148,9
DA:150,9
DA:151,0
DA:152,0
DA:162,9
DA:165,0
DA:166,0
DA:167,0
DA:169,0
DA:171,0
DA:172,0
DA:174,0
DA:176,0
DA:177,0
DA:178,0
DA:182,0
DA:184,0
DA:185,0
DA:186,0
DA:190,9
DA:191,9
DA:193,9
DA:194,9
DA:200,9
DA:202,9
DA:204,9
DA:206,9
DA:207,0
DA:208,0
DA:213,9
DA:214,9
DA:217,9
DA:219,0
DA:220,0
DA:226,21
DA:228,21
DA:229,0
DA:230,0
DA:239,21
DA:240,21
DA:241,0
DA:242,0
DA:245,779
DA:247,758
DA:253,80
DA:254,80
DA:255,80
DA:256,80
DA:258,0
DA:263,21
DA:266,21
DA:269,9
DA:271,9
DA:272,0
DA:273,0
DA:284,9
DA:285,9
DA:288,9
DA:290,9
DA:293,345
DA:294,336
DA:300,44
DA:302,0
DA:305,44
DA:306,0
DA:307,0
DA:308,0
DA:309,0
DA:310,0
DA:312,0
DA:315,0
DA:319,44
DA:320,44
DA:324,20
DA:330,9
DA:333,9
DA:334,9
DA:335,0
DA:336,0
DA:339,0
DA:340,0
DA:344,9
DA:347,12
DA:349,12
DA:350,0
DA:351,0
DA:357,12
DA:358,12
DA:359,0
DA:360,0
DA:363,12
DA:364,0
DA:365,0
DA:370,21
DA:372,9
DA:375,12
DA:378,3
DA:379,3
DA:381,3
DA:382,3
DA:385,3
DA:386,3
DA:389,0
DA:396,3
DA:397,0
DA:398,0
DA:402,3
DA:403,3
DA:405,3
DA:408,3
DA:417,3
DA:418,0
DA:419,0
DA:423,3
DA:424,3
DA:425,3
DA:426,3
DA:427,3
DA:428,3
DA:429,3
DA:430,3
DA:431,3
DA:433,3
DA:435,3
DA:436,3
DA:437,3
DA:440,12
DA:443,12
DA:446,9
DA:447,9
DA:450,9
DA:453,9
DA:456,12
DA:460,12
DA:461,0
DA:462,0
DA:465,12
DA:466,12
DA:467,0
DA:468,0
DA:474,12
DA:478,12
DA:480,12
DA:483,12
DA:486,3
DA:488,3
DA:489,0
DA:490,0
DA:493,3
DA:496,3
DA:498,3
LF:193
LH:133
end_of_record
TN:
SF:/home/runner/work/dlt-daemon/dlt-daemon/src/shared/dlt_offline_trace.c
FN:69,dlt_offline_trace_write
FNDA:0,dlt_offline_trace_write
FNF:1
FNH:0
DA:69,0
DA:78,0
DA:80,0
DA:83,0
DA:84,0
DA:85,0
LF:6
LH:0
end_of_record
TN:
SF:/home/runner/work/dlt-daemon/dlt-daemon/src/shared/dlt_protocol.c
FN:71,dlt_get_service_name
FNDA:11,dlt_get_service_name
FNF:1
FNH:1
DA:71,11
DA:73,11
DA:75,11
DA:76,11
DA:78,11
DA:79,11
DA:81,0
LF:7
LH:6
end_of_record
TN:
SF:/home/runner/work/dlt-daemon/dlt-daemon/src/shared/dlt_user_shared.c
FN:79,dlt_user_set_userheader
FN:96,dlt_user_check_userheader
FN:107,dlt_user_log_out2
FN:129,dlt_user_log_out2_with_timeout
FN:151,dlt_user_log_out3
FN:203,dlt_user_log_out3_with_timeout
FNDA:432,dlt_user_log_out2
FNDA:0,dlt_user_log_out3_with_timeout
FNDA:51,dlt_user_log_out2_with_timeout
FNDA:11831,dlt_user_check_userheader
FNDA:6375,dlt_user_log_out3
FNDA:6809,dlt_user_set_userheader
FNF:6
FNH:5
DA:79,6809
DA:81,6809
DA:84,6809
DA:87,6809
DA:88,6809
DA:89,6809
DA:90,6809
DA:91,6809
DA:93,6809
DA:96,11831
DA:98,11831
DA:101,23662
DA:102,11831
DA:103,23662
DA:104,11831
DA:107,432
DA:112,432
DA:116,94
DA:117,94
DA:118,94
DA:119,94
DA:121,94
DA:123,94
DA:124,0
DA:129,51
DA:131,51
DA:136,867
DA:137,51
DA:139,51
DA:140,51
DA:144,51
DA:145,51
DA:151,6375
DA:156,6375
DA:160,5856
DA:161,5856
DA:162,5856
DA:163,5856
DA:164,5856
DA:165,5856
DA:167,5856
DA:169,5856
DA:170,2
DA:186,0
DA:188,0
DA:197,0
DA:203,0
DA:205,0
DA:210,0
DA:211,0
DA:213,0
DA:214,0
DA:218,0
DA:219,0
LF:54
LH:42
end_of_record
