TN:
SF:/home/runner/work/dlt-daemon/dlt-daemon/src/console/dlt-control-common.c
FN:102,105,get_verbosity
FN:107,110,set_verbosity
FN:112,115,get_ecuid
FN:117,140,set_ecuid
FN:142,151,set_conf
FN:153,156,get_timeout
FN:158,166,set_timeout
FN:168,171,set_send_serial_header
FN:173,176,set_resync_serial_header
FN:178,242,dlt_parse_config_param
FN:253,288,prepare_extra_headers
FN:299,340,prepare_headers
FN:351,405,dlt_control_prepare_message
FN:418,456,dlt_control_init_connection
FN:467,472,dlt_control_listen_to_daemon
FN:491,521,dlt_control_callback
FN:536,591,dlt_control_send_message
FN:604,635,dlt_control_init
FN:643,661,dlt_control_deinit
FNDA:9,get_verbosity
FNDA:0,set_verbosity
FNDA:2,get_ecuid
FNDA:1,set_ecuid
FNDA:1,set_conf
FNDA:1,get_timeout
FNDA:1,set_timeout
FNDA:1,set_send_serial_header
FNDA:1,set_resync_serial_header
FNDA:1,dlt_parse_config_param
FNDA:1,prepare_extra_headers
FNDA:1,prepare_headers
FNDA:1,dlt_control_prepare_message
FNDA:1,dlt_control_init_connection
FNDA:1,dlt_control_listen_to_daemon
FNDA:1,dlt_control_callback
FNDA:1,dlt_control_send_message
FNDA:1,dlt_control_init
FNDA:1,dlt_control_deinit
FNF:19
FNH:18
DA:102,9
DA:104,23
DA:107,0
DA:109,1
DA:110,0
DA:112,2
DA:114,2
DA:117,1
DA:119,1
DA:121,1
DA:123,0
DA:124,0
DA:126,0
DA:127,0
DA:129,0
DA:131,0
DA:137,0
DA:140,1
DA:142,1
DA:144,1
DA:147,1
DA:149,0
DA:151,1
DA:153,1
DA:155,1
DA:158,1
DA:160,1
DA:162,1
DA:163,1
DA:165,0
DA:166,1
DA:168,1
DA:170,1
DA:171,1
DA:173,1
DA:175,1
DA:176,1
DA:178,1
DA:182,1
DA:183,1
DA:184,1
DA:188,1
DA:189,0
DA:192,1
DA:197,1
DA:199,1
DA:202,7
DA:203,6
DA:204,1
DA:205,1
DA:206,1
DA:208,2
DA:209,2
DA:215,1
DA:218,1
DA:221,1
DA:222,1
DA:223,1
DA:233,1
DA:235,0
DA:238,1
DA:239,0
DA:253,1
DA:257,1
DA:259,1
DA:262,1
DA:263,1
DA:266,1
DA:268,1
DA:271,1
DA:272,0
DA:273,0
DA:277,1
DA:279,1
DA:281,1
DA:284,1
DA:285,1
DA:287,1
DA:299,1
DA:303,1
DA:305,1
DA:308,1
DA:310,1
DA:311,0
DA:312,0
DA:316,1
DA:318,1
DA:324,1
DA:327,1
DA:330,1
DA:332,1
DA:333,0
DA:334,0
DA:337,1
DA:339,1
DA:351,1
DA:355,1
DA:357,1
DA:358,0
DA:359,0
DA:362,1
DA:364,1
DA:365,0
DA:366,0
DA:369,1
DA:370,0
DA:371,0
DA:372,0
DA:376,1
DA:379,1
DA:381,1
DA:382,0
DA:383,0
DA:384,0
DA:388,1
DA:391,1
DA:392,0
DA:393,0
DA:394,0
DA:398,1
DA:399,0
DA:400,0
DA:401,0
DA:418,1
DA:427,1
DA:429,1
DA:430,0
DA:431,0
DA:434,1
DA:436,1
DA:437,0
DA:438,0
DA:441,1
DA:443,1
DA:445,1
DA:447,0
DA:448,0
DA:449,0
DA:453,1
DA:455,1
DA:467,1
DA:469,1
DA:470,1
DA:471,1
DA:491,1
DA:493,1
DA:496,1
DA:497,0
DA:498,0
DA:502,1
DA:503,1
DA:505,0
DA:507,1
DA:510,1
DA:515,1
DA:516,1
DA:517,1
DA:518,1
DA:520,1
DA:536,1
DA:541,1
DA:542,0
DA:543,0
DA:546,1
DA:547,0
DA:548,0
DA:551,1
DA:554,1
DA:556,1
DA:557,0
DA:558,0
DA:561,1
DA:564,1
DA:566,1
DA:567,0
DA:568,0
DA:569,0
DA:572,0
DA:573,0
DA:580,1
DA:581,1
DA:584,1
DA:585,1
DA:590,1
DA:604,1
DA:606,1
DA:607,0
DA:608,0
DA:616,1
DA:617,1
DA:622,1
DA:623,0
DA:624,0
DA:625,0
DA:629,1
DA:630,0
DA:631,0
DA:643,1
DA:649,1
DA:650,1
DA:651,1
DA:652,1
DA:655,1
DA:656,0
DA:660,1
LF:205
LH:140
end_of_record
TN:
SF:/home/runner/work/dlt-daemon/dlt-daemon/src/console/dlt-convert.c
FN:101,128,usage
FN:130,190,empty_dir
FN:195,541,main
FNDA:0,usage
FNDA:0,empty_dir
FNDA:6,main
FNF:3
FNH:1
DA:101,0
DA:105,0
DA:128,0
DA:130,0
DA:132,0
DA:134,0
DA:136,0
DA:137,0
DA:138,0
DA:141,0
DA:142,0
DA:143,0
DA:144,0
DA:145,0
DA:146,0
DA:147,0
DA:149,0
DA:152,0
DA:153,0
DA:154,0
DA:155,0
DA:156,0
DA:157,0
DA:158,0
DA:160,0
DA:161,0
DA:164,0
DA:167,0
DA:169,0
DA:170,0
DA:171,0
DA:173,0
DA:177,0
DA:178,0
DA:179,0
DA:180,0
DA:181,0
DA:183,0
DA:187,0
DA:189,0
DA:195,6
DA:220,6
DA:223,6
DA:226,6
DA:233,6
DA:235,12
DA:236,6
DA:241,0
DA:243,0
DA:245,6
DA:247,6
DA:249,0
DA:251,0
DA:253,0
DA:255,0
DA:257,0
DA:259,0
DA:261,0
DA:263,0
DA:265,0
DA:267,0
DA:269,0
DA:270,0
DA:271,0
DA:273,0
DA:274,0
DA:275,0
DA:277,0
DA:278,0
DA:279,0
DA:281,0
DA:282,0
DA:283,0
DA:285,0
DA:286,0
DA:287,0
DA:289,0
DA:290,0
DA:291,0
DA:292,0
DA:293,0
DA:295,0
DA:298,0
DA:299,0
DA:308,6
DA:311,6
DA:312,0
DA:313,0
DA:314,0
DA:317,0
DA:320,6
DA:323,0
DA:324,0
DA:325,0
DA:326,0
DA:330,6
DA:332,0
DA:333,0
DA:334,0
DA:335,0
DA:336,0
DA:339,0
DA:345,0
DA:348,0
DA:352,0
DA:353,0
DA:354,0
DA:355,0
DA:356,0
DA:358,0
DA:360,0
DA:361,0
DA:362,0
DA:364,0
DA:368,0
DA:369,0
DA:370,0
DA:371,0
DA:372,0
DA:375,0
DA:379,0
DA:382,37
DA:383,31
DA:389,0
DA:394,0
DA:398,31
DA:399,643
DA:402,31
DA:403,31
DA:408,31
DA:411,31
DA:413,31
DA:414,0
DA:415,0
DA:416,0
DA:419,0
DA:420,0
DA:423,31
DA:424,0
DA:425,0
DA:426,0
DA:429,0
DA:430,0
DA:433,643
DA:434,612
DA:435,0
DA:437,612
DA:439,0
DA:440,0
DA:441,612
DA:444,612
DA:445,0
DA:449,612
DA:451,0
DA:454,0
DA:456,0
DA:458,0
DA:459,0
DA:462,0
DA:463,0
DA:469,612
DA:470,0
DA:471,0
DA:472,0
DA:473,0
DA:475,0
DA:477,0
DA:479,0
DA:481,0
DA:482,0
DA:487,612
DA:489,0
DA:491,0
DA:494,0
DA:495,0
DA:496,0
DA:507,31
DA:508,0
DA:510,0
DA:511,0
DA:515,6
DA:516,0
DA:520,6
DA:521,0
DA:522,0
DA:523,0
DA:524,0
DA:525,0
DA:527,0
DA:529,0
DA:531,6
DA:533,0
DA:534,0
DA:535,0
DA:538,6
DA:540,6
LF:196
LH:37
end_of_record
TN:
SF:/home/runner/work/dlt-daemon/dlt-daemon/src/console/dlt-receive.c
FN:147,180,usage
FN:183,231,convert_arg_to_byte_size
FN:237,311,dlt_receive_open_output_file
FN:314,320,dlt_receive_close_output_file
FN:326,637,main
FN:639,715,dlt_receive_message_callback
FN:95,110,signal_handler
FNDA:0,usage
FNDA:0,convert_arg_to_byte_size
FNDA:0,dlt_receive_open_output_file
FNDA:0,dlt_receive_close_output_file
FNDA:1,main
FNDA:185,dlt_receive_message_callback
FNDA:0,signal_handler
FNF:7
FNH:2
DA:95,0
DA:97,0
DA:98,0
DA:103,0
DA:104,0
DA:105,0
DA:110,0
DA:147,0
DA:151,0
DA:180,0
DA:183,0
DA:190,0
DA:191,0
DA:197,0
DA:203,0
DA:209,0
DA:213,0
DA:222,0
DA:223,0
DA:237,0
DA:242,0
DA:243,0
DA:250,0
DA:251,0
DA:253,0
DA:255,0
DA:256,0
DA:266,0
DA:277,0
DA:281,0
DA:283,0
DA:284,0
DA:288,0
DA:290,0
DA:294,0
DA:296,0
DA:298,0
DA:299,0
DA:300,0
DA:301,0
DA:302,0
DA:303,0
DA:307,0
DA:309,0
DA:310,0
DA:314,0
DA:316,0
DA:317,0
DA:318,0
DA:320,0
DA:326,1
DA:334,1
DA:335,1
DA:336,1
DA:337,1
DA:344,1
DA:345,1
DA:346,1
DA:347,1
DA:348,1
DA:349,1
DA:352,1
DA:354,2
DA:355,1
DA:356,0
DA:357,0
DA:358,0
DA:360,0
DA:361,0
DA:362,0
DA:364,0
DA:365,0
DA:366,0
DA:368,0
DA:369,0
DA:370,0
DA:372,0
DA:373,0
DA:374,0
DA:376,0
DA:377,0
DA:378,0
DA:380,0
DA:381,0
DA:382,0
DA:384,0
DA:385,0
DA:386,0
DA:388,0
DA:389,0
DA:390,0
DA:392,0
DA:393,0
DA:394,0
DA:396,0
DA:397,0
DA:398,0
DA:400,0
DA:401,0
DA:402,0
DA:404,0
DA:409,0
DA:412,0
DA:415,0
DA:416,0
DA:417,0
DA:418,0
DA:420,1
DA:421,1
DA:422,1
DA:424,1
DA:427,1
DA:429,1
DA:430,0
DA:431,0
DA:434,1
DA:435,1
DA:438,0
DA:439,0
DA:440,0
DA:442,0
DA:443,0
DA:444,0
DA:446,0
DA:447,0
DA:448,0
DA:451,0
DA:452,0
DA:454,0
DA:455,0
DA:457,0
DA:458,0
DA:463,0
DA:464,0
DA:465,0
DA:466,0
DA:467,0
DA:469,0
DA:472,0
DA:473,0
DA:475,0
DA:476,0
DA:482,1
DA:485,1
DA:488,1
DA:489,0
DA:491,1
DA:494,1
DA:495,1
DA:498,2
DA:499,1
DA:500,1
DA:501,0
DA:504,1
DA:505,1
DA:506,1
DA:508,1
DA:510,0
DA:513,1
DA:514,1
DA:516,1
DA:517,0
DA:518,0
DA:522,1
DA:524,0
DA:525,0
DA:526,0
DA:527,0
DA:530,1
DA:531,0
DA:532,0
DA:533,0
DA:537,0
DA:538,0
DA:539,0
DA:540,0
DA:543,0
DA:545,0
DA:546,0
DA:547,0
DA:550,0
DA:554,1
DA:555,1
DA:558,1
DA:561,1
DA:563,1
DA:564,0
DA:565,0
DA:566,0
DA:569,0
DA:586,1
DA:587,1
DA:588,0
DA:589,0
DA:591,1
DA:594,1
DA:595,0
DA:596,0
DA:597,0
DA:601,1
DA:602,0
DA:604,1
DA:609,1
DA:611,1
DA:613,1
DA:614,0
DA:615,0
DA:618,1
DA:619,1
DA:627,1
DA:628,1
DA:630,1
DA:632,1
DA:634,1
DA:636,1
DA:639,185
DA:647,185
DA:653,185
DA:654,185
DA:656,0
DA:658,185
DA:659,0
DA:661,185
DA:662,0
DA:663,185
DA:664,0
DA:668,0
DA:671,185
DA:672,0
DA:673,185
DA:674,0
DA:680,185
DA:681,185
DA:682,185
DA:683,185
DA:684,185
DA:686,185
DA:687,0
DA:689,0
DA:692,0
DA:696,0
DA:699,0
DA:703,185
DA:705,185
DA:707,185
DA:709,0
LF:246
LH:80
end_of_record
TN:
SF:/home/runner/work/dlt-daemon/dlt-daemon/src/console/logstorage/dlt-logstorage-common.c
FN:100,103,get_default_event_type
FN:105,108,set_default_event_type
FN:110,113,get_default_path
FN:115,121,set_default_path
FN:126,129,get_logstorage_control
FN:131,140,dlt_logstorage_get_handler_cb
FN:142,145,dlt_logstorage_get_handler_fd
FN:151,164,dlt_logstorage_init_handler
FN:170,183,dlt_logstorage_deinit_handler
FN:194,232,dlt_logstorage_check_config_file
FN:240,251,dlt_logstorage_check_directory_permission
FN:261,302,prepare_message_body
FN:311,328,dlt_logstorage_send_event
FN:87,90,get_handler_type
FN:92,98,set_handler_type
FNDA:3,get_default_event_type
FNDA:1,set_default_event_type
FNDA:1,get_default_path
FNDA:1,set_default_path
FNDA:0,get_logstorage_control
FNDA:0,dlt_logstorage_get_handler_cb
FNDA:0,dlt_logstorage_get_handler_fd
FNDA:0,dlt_logstorage_init_handler
FNDA:0,dlt_logstorage_deinit_handler
FNDA:0,dlt_logstorage_check_config_file
FNDA:0,dlt_logstorage_check_directory_permission
FNDA:1,prepare_message_body
FNDA:1,dlt_logstorage_send_event
FNDA:2,get_handler_type
FNDA:0,set_handler_type
FNF:15
FNH:7
DA:87,2
DA:89,2
DA:92,0
DA:94,0
DA:98,0
DA:100,3
DA:102,3
DA:105,1
DA:107,1
DA:108,1
DA:110,1
DA:112,1
DA:115,1
DA:119,1
DA:121,1
DA:126,0
DA:128,0
DA:131,0
DA:138,0
DA:139,0
DA:142,0
DA:144,0
DA:151,0
DA:153,0
DA:156,0
DA:161,0
DA:170,0
DA:172,0
DA:175,0
DA:180,0
DA:194,0
DA:196,0
DA:201,0
DA:202,0
DA:203,0
DA:206,0
DA:208,0
DA:210,0
DA:211,0
DA:212,0
DA:216,0
DA:218,0
DA:220,0
DA:224,0
DA:226,0
DA:227,0
DA:228,0
DA:229,0
DA:240,0
DA:242,0
DA:243,0
DA:244,0
DA:247,0
DA:261,1
DA:265,1
DA:266,0
DA:267,0
DA:270,1
DA:272,1
DA:274,1
DA:275,0
DA:276,0
DA:279,1
DA:281,1
DA:282,0
DA:283,0
DA:284,0
DA:285,0
DA:288,1
DA:292,1
DA:293,1
DA:297,1
DA:299,1
DA:301,1
DA:311,1
DA:314,1
DA:317,1
DA:318,0
DA:319,0
DA:322,1
DA:324,1
DA:325,1
DA:327,1
LF:83
LH:32
end_of_record
TN:
SF:/home/runner/work/dlt-daemon/dlt-daemon/src/console/logstorage/dlt-logstorage-ctrl.c
FN:110,116,catch_signal
FN:123,139,install_signal_handler
FN:152,189,analyze_response
FN:202,215,dlt_logstorage_ctrl_add_event
FN:224,279,dlt_logstorage_ctrl_execute_event_loop
FN:289,331,dlt_logstorage_ctrl_setup_event_loop
FN:337,369,dlt_logstorage_ctrl_single_request
FN:373,396,usage
FN:420,511,parse_args
FN:514,520,sd_notify
FN:532,587,main
FN:90,93,dlt_logstorage_exit
FN:99,102,dlt_logstorage_must_exit
FNDA:0,catch_signal
FNDA:0,install_signal_handler
FNDA:1,analyze_response
FNDA:0,dlt_logstorage_ctrl_add_event
FNDA:0,dlt_logstorage_ctrl_execute_event_loop
FNDA:0,dlt_logstorage_ctrl_setup_event_loop
FNDA:1,dlt_logstorage_ctrl_single_request
FNDA:0,usage
FNDA:1,parse_args
FNDA:0,sd_notify
FNDA:1,main
FNDA:0,dlt_logstorage_exit
FNDA:0,dlt_logstorage_must_exit
FNF:13
FNH:4
DA:90,0
DA:92,0
DA:93,0
DA:99,0
DA:101,0
DA:110,0
DA:112,0
DA:113,0
DA:116,0
DA:123,0
DA:125,0
DA:129,0
DA:132,0
DA:134,0
DA:136,0
DA:137,0
DA:139,0
DA:152,1
DA:155,1
DA:156,1
DA:157,1
DA:159,1
DA:172,1
DA:175,1
DA:176,0
DA:180,1
DA:181,0
DA:185,1
DA:186,1
DA:202,0
DA:204,0
DA:205,0
DA:206,0
DA:209,0
DA:211,0
DA:212,0
DA:214,0
DA:224,0
DA:233,0
DA:234,0
DA:236,0
DA:238,0
DA:239,0
DA:242,0
DA:243,0
DA:245,0
DA:248,0
DA:251,0
DA:252,0
DA:256,0
DA:257,0
DA:258,0
DA:260,0
DA:263,0
DA:264,0
DA:266,0
DA:270,0
DA:272,0
DA:273,0
DA:275,0
DA:289,0
DA:292,0
DA:294,0
DA:296,0
DA:299,0
DA:300,0
DA:301,0
DA:302,0
DA:305,0
DA:306,0
DA:307,0
DA:310,0
DA:312,0
DA:313,0
DA:314,0
DA:315,0
DA:318,0
DA:319,0
DA:323,0
DA:324,0
DA:327,0
DA:328,0
DA:330,0
DA:337,1
DA:342,1
DA:344,0
DA:345,0
DA:346,0
DA:349,0
DA:350,0
DA:351,0
DA:356,1
DA:357,0
DA:358,0
DA:359,0
DA:362,1
DA:364,1
DA:366,1
DA:368,1
DA:373,0
DA:393,0
DA:396,0
DA:420,1
DA:423,1
DA:425,3
DA:426,2
DA:427,1
DA:428,1
DA:430,1
DA:431,0
DA:432,0
DA:435,1
DA:436,1
DA:437,0
DA:438,0
DA:439,0
DA:441,0
DA:442,0
DA:443,0
DA:445,0
DA:446,0
DA:447,0
DA:449,0
DA:450,0
DA:451,0
DA:452,0
DA:453,0
DA:454,0
DA:455,0
DA:456,0
DA:457,0
DA:458,0
DA:460,0
DA:462,0
DA:463,0
DA:464,0
DA:467,0
DA:468,0
DA:469,0
DA:470,0
DA:471,0
DA:473,0
DA:474,0
DA:475,0
DA:477,1
DA:478,1
DA:479,1
DA:481,0
DA:482,0
DA:483,0
DA:484,0
DA:485,0
DA:487,0
DA:488,0
DA:490,0
DA:492,0
DA:493,0
DA:494,0
DA:495,0
DA:496,0
DA:501,1
DA:502,0
DA:503,0
DA:507,1
DA:508,0
DA:514,0
DA:519,0
DA:532,1
DA:536,1
DA:537,1
DA:538,1
DA:541,1
DA:546,1
DA:547,1
DA:549,1
DA:551,1
DA:552,0
DA:554,0
DA:558,0
DA:565,0
DA:566,0
DA:567,0
DA:568,0
DA:570,0
DA:572,0
DA:575,0
DA:576,0
DA:577,0
DA:581,0
DA:582,0
DA:585,1
LF:191
LH:41
end_of_record
TN:
SF:/home/runner/work/dlt-daemon/dlt-daemon/src/console/logstorage/dlt-logstorage-list.c
FN:102,121,logstorage_find_dev_info
FN:133,187,logstorage_store_dev_info
FN:199,231,logstorage_delete_dev_info
FN:78,91,print_list
FNDA:0,logstorage_find_dev_info
FNDA:0,logstorage_store_dev_info
FNDA:0,logstorage_delete_dev_info
FNDA:0,print_list
FNF:4
FNH:0
DA:78,0
DA:80,0
DA:81,0
DA:83,0
DA:84,0
DA:85,0
DA:88,0
DA:90,0
DA:102,0
DA:104,0
DA:106,0
DA:109,0
DA:111,0
DA:112,0
DA:113,0
DA:116,0
DA:133,0
DA:138,0
DA:139,0
DA:140,0
DA:143,0
DA:144,0
DA:145,0
DA:146,0
DA:149,0
DA:151,0
DA:152,0
DA:153,0
DA:156,0
DA:157,0
DA:159,0
DA:162,0
DA:164,0
DA:165,0
DA:166,0
DA:167,0
DA:169,0
DA:172,0
DA:173,0
DA:176,0
DA:178,0
DA:179,0
DA:181,0
DA:183,0
DA:184,0
DA:186,0
DA:199,0
DA:204,0
DA:206,0
DA:207,0
DA:208,0
DA:209,0
DA:213,0
DA:215,0
DA:216,0
DA:218,0
DA:219,0
DA:221,0
DA:222,0
DA:224,0
DA:225,0
DA:227,0
DA:228,0
DA:230,0
LF:64
LH:0
end_of_record
TN:
SF:/home/runner/work/dlt-daemon/dlt-daemon/src/daemon/dlt-daemon.c
FN:1167,1215,dlt_mkdir_recursive
FN:1218,1248,dlt_daemon_create_pipes_dir
FN:1256,1504,main
FN:1519,1575,dlt_daemon_local_init_p1
FN:1577,1682,dlt_daemon_local_init_p2
FN:1684,1731,dlt_daemon_init_serial
FN:1734,1806,dlt_daemon_init_fifo
FN:1884,1920,dlt_daemon_initialize_control_socket
FN:1922,2023,dlt_daemon_local_connection_init
FN:202,245,usage
FN:2025,2077,file_read_everything
FN:2079,2131,file_read_field
FN:2133,2160,dlt_daemon_local_ecu_version_init
FN:2162,2217,dlt_daemon_local_cleanup
FN:2219,2239,dlt_daemon_exit_trigger
FN:2241,2261,dlt_daemon_signal_handler
FN:2287,2348,dlt_daemon_daemonize
FN:2357,2612,dlt_daemon_log_internal
FN:250,404,option_handling
FN:2614,2624,dlt_daemon_check_numeric_setting
FN:2626,2794,dlt_daemon_process_client_connect
FN:2804,2916,dlt_daemon_create_secure_message
FN:2918,3007,dlt_daemon_process_client_messages
FN:3009,3076,dlt_daemon_process_client_messages_serial
FN:3078,3128,dlt_daemon_process_control_connect
FN:3167,3257,dlt_daemon_process_control_messages
FN:3259,3275,dlt_daemon_process_user_message_not_sup
FN:3295,3450,dlt_daemon_process_user_messages
FN:3452,3478,dlt_daemon_process_user_message_overflow
FN:3480,3496,dlt_daemon_send_message_overflow
FN:3498,3514,dlt_daemon_send_message_overflow_v2
FN:3516,3745,dlt_daemon_process_user_message_register_application
FN:3747,4196,dlt_daemon_process_user_message_register_context
FN:409,800,option_file_parser
FN:4198,4339,dlt_daemon_process_user_message_unregister_application
FN:4341,4469,dlt_daemon_process_user_message_unregister_context
FN:4471,4656,dlt_daemon_process_user_message_log
FN:4658,4688,enforce_context_ll_and_ts_keep_message
FN:4690,4721,enforce_context_ll_and_ts_keep_message_v2
FN:4769,4831,dlt_daemon_process_user_message_set_app_ll_ts
FN:4833,4859,dlt_daemon_process_user_message_log_mode
FN:4861,4883,dlt_daemon_process_user_message_marker
FN:4885,4924,dlt_daemon_send_ringbuffer_to_client
FN:4926,4965,dlt_daemon_send_ringbuffer_to_client_v2
FN:5017,5092,create_timer_fd
FN:5095,5148,dlt_daemon_close_socket
FNDA:1,dlt_mkdir_recursive
FNDA:1,dlt_daemon_create_pipes_dir
FNDA:1,main
FNDA:1,dlt_daemon_local_init_p1
FNDA:1,dlt_daemon_local_init_p2
FNDA:1,dlt_daemon_init_serial
FNDA:1,dlt_daemon_init_fifo
FNDA:1,dlt_daemon_initialize_control_socket
FNDA:1,dlt_daemon_local_connection_init
FNDA:0,usage
FNDA:0,file_read_everything
FNDA:0,file_read_field
FNDA:1,dlt_daemon_local_ecu_version_init
FNDA:1,dlt_daemon_local_cleanup
FNDA:0,dlt_daemon_exit_trigger
FNDA:0,dlt_daemon_signal_handler
FNDA:0,dlt_daemon_daemonize
FNDA:4,dlt_daemon_log_internal
FNDA:1,option_handling
FNDA:0,dlt_daemon_check_numeric_setting
FNDA:0,dlt_daemon_process_client_connect
FNDA:1,dlt_daemon_create_secure_message
FNDA:0,dlt_daemon_process_client_messages
FNDA:0,dlt_daemon_process_client_messages_serial
FNDA:1,dlt_daemon_process_control_connect
FNDA:2,dlt_daemon_process_control_messages
FNDA:0,dlt_daemon_process_user_message_not_sup
FNDA:269,dlt_daemon_process_user_messages
FNDA:0,dlt_daemon_process_user_message_overflow
FNDA:0,dlt_daemon_send_message_overflow
FNDA:0,dlt_daemon_send_message_overflow_v2
FNDA:1,dlt_daemon_process_user_message_register_application
FNDA:2,dlt_daemon_process_user_message_register_context
FNDA:1,option_file_parser
FNDA:0,dlt_daemon_process_user_message_unregister_application
FNDA:0,dlt_daemon_process_user_message_unregister_context
FNDA:441,dlt_daemon_process_user_message_log
FNDA:0,enforce_context_ll_and_ts_keep_message
FNDA:0,enforce_context_ll_and_ts_keep_message_v2
FNDA:0,dlt_daemon_process_user_message_set_app_ll_ts
FNDA:0,dlt_daemon_process_user_message_log_mode
FNDA:0,dlt_daemon_process_user_message_marker
FNDA:0,dlt_daemon_send_ringbuffer_to_client
FNDA:0,dlt_daemon_send_ringbuffer_to_client_v2
FNDA:1,create_timer_fd
FNDA:1,dlt_daemon_close_socket
FNF:46
FNH:23
DA:202,0
DA:205,0
DA:245,0
DA:250,1
DA:258,1
DA:259,0
DA:260,0
DA:267,1
DA:270,1
DA:277,1
DA:288,2
DA:289,1
DA:290,0
DA:291,0
DA:292,0
DA:293,0
DA:295,0
DA:296,0
DA:298,0
DA:300,0
DA:301,0
DA:302,0
DA:304,1
DA:305,1
DA:321,0
DA:322,0
DA:323,0
DA:333,0
DA:334,0
DA:336,0
DA:337,0
DA:338,0
DA:343,0
DA:344,0
DA:345,0
DA:348,0
DA:349,0
DA:357,0
DA:358,0
DA:359,0
DA:361,0
DA:364,0
DA:365,0
DA:367,0
DA:368,0
DA:369,0
DA:377,1
DA:380,1
DA:381,0
DA:382,0
DA:385,1
DA:386,1
DA:387,0
DA:388,0
DA:391,1
DA:392,1
DA:393,0
DA:394,0
DA:409,1
DA:410,1
DA:412,1
DA:413,1
DA:414,1
DA:420,1
DA:421,1
DA:422,1
DA:423,1
DA:424,1
DA:425,1
DA:426,1
DA:427,1
DA:434,1
DA:435,1
DA:438,1
DA:439,0
DA:443,1
DA:444,1
DA:445,1
DA:447,1
DA:448,1
DA:449,1
DA:450,1
DA:451,1
DA:452,1
DA:453,1
DA:454,1
DA:455,1
DA:456,1
DA:457,1
DA:458,1
DA:459,1
DA:460,1
DA:461,1
DA:462,1
DA:463,1
DA:464,1
DA:466,1
DA:474,1
DA:476,1
DA:477,1
DA:478,1
DA:479,1
DA:480,1
DA:481,1
DA:487,1
DA:488,1
DA:491,1
DA:492,1
DA:497,1
DA:499,1
DA:502,14
DA:503,6
DA:504,6
DA:505,6
DA:507,11
DA:508,10
DA:511,10
DA:512,5
DA:513,5
DA:515,5
DA:516,5
DA:517,5
DA:520,5
DA:523,6
DA:525,5
DA:526,0
DA:528,5
DA:529,0
DA:531,5
DA:532,0
DA:534,5
DA:535,0
DA:537,5
DA:538,0
DA:540,5
DA:541,0
DA:543,5
DA:544,0
DA:546,5
DA:547,0
DA:549,5
DA:550,0
DA:552,5
DA:553,0
DA:555,5
DA:556,0
DA:557,0
DA:559,5
DA:560,0
DA:561,0
DA:563,5
DA:564,0
DA:565,0
DA:567,5
DA:568,0
DA:569,0
DA:571,5
DA:572,0
DA:574,5
DA:575,0
DA:577,5
DA:581,0
DA:583,5
DA:584,0
DA:585,5
DA:586,0
DA:587,5
DA:588,0
DA:589,5
DA:590,0
DA:592,5
DA:593,0
DA:594,0
DA:595,0
DA:597,5
DA:598,0
DA:599,0
DA:600,0
DA:602,5
DA:603,0
DA:604,0
DA:605,0
DA:607,5
DA:608,0
DA:610,5
DA:612,0
DA:615,0
DA:617,5
DA:618,0
DA:620,5
DA:621,0
DA:623,5
DA:624,0
DA:626,5
DA:627,0
DA:629,5
DA:634,0
DA:636,5
DA:641,0
DA:644,5
DA:645,0
DA:647,5
DA:648,1
DA:649,4
DA:651,1
DA:653,3
DA:655,1
DA:656,1
DA:657,2
DA:659,0
DA:660,0
DA:661,2
DA:662,0
DA:663,0
DA:664,2
DA:665,1
DA:666,1
DA:667,0
DA:668,0
DA:669,1
DA:672,0
DA:673,0
DA:675,0
DA:678,0
DA:681,0
DA:682,0
DA:685,0
DA:689,0
DA:692,0
DA:693,0
DA:696,0
DA:700,0
DA:703,0
DA:704,0
DA:707,0
DA:713,0
DA:714,0
DA:715,0
DA:716,0
DA:721,0
DA:723,0
DA:743,0
DA:747,0
DA:749,0
DA:750,0
DA:752,0
DA:753,0
DA:754,0
DA:755,0
DA:758,0
DA:759,0
DA:762,0
DA:764,0
DA:765,0
DA:767,0
DA:768,0
DA:769,0
DA:770,0
DA:772,0
DA:775,0
DA:777,0
DA:781,0
DA:783,0
DA:784,0
DA:786,0
DA:794,1
DA:796,0
DA:1167,1
DA:1176,1
DA:1178,1
DA:1179,0
DA:1181,1
DA:1183,4
DA:1184,3
DA:1185,0
DA:1187,0
DA:1188,0
DA:1197,0
DA:1202,1
DA:1203,1
DA:1211,1
DA:1214,1
DA:1218,1
DA:1222,1
DA:1223,0
DA:1224,0
DA:1228,1
DA:1230,1
DA:1231,0
DA:1233,0
DA:1237,1
DA:1241,1
DA:1242,0
DA:1244,0
DA:1256,1
DA:1268,1
DA:1269,0
DA:1270,0
DA:1272,0
DA:1276,1
DA:1277,0
DA:1279,1
DA:1283,1
DA:1284,0
DA:1285,0
DA:1287,0
DA:1291,1
DA:1292,1
DA:1293,1
DA:1294,1
DA:1297,1
DA:1298,0
DA:1317,1
DA:1319,1
DA:1320,1
DA:1321,0
DA:1323,1
DA:1326,1
DA:1335,1
DA:1336,0
DA:1337,0
DA:1341,1
DA:1342,0
DA:1343,0
DA:1348,1
DA:1350,0
DA:1351,0
DA:1355,1
DA:1356,0
DA:1357,0
DA:1362,1
DA:1363,0
DA:1364,0
DA:1371,1
DA:1374,1
DA:1375,0
DA:1376,0
DA:1400,1
DA:1401,1
DA:1404,0
DA:1434,1
DA:1437,1
DA:1438,0
DA:1441,1
DA:1442,0
DA:1443,0
DA:1444,0
DA:1448,0
DA:1455,1
DA:1456,0
DA:1458,1
DA:1460,1
DA:1467,1
DA:1468,0
DA:1469,0
DA:1471,1
DA:1476,272
DA:1477,271
DA:1479,1
DA:1480,1
DA:1483,1
DA:1485,1
DA:1491,1
DA:1493,1
DA:1498,1
DA:1500,1
DA:1502,1
DA:1519,1
DA:1521,1
DA:1524,1
DA:1525,0
DA:1526,0
DA:1545,1
DA:1551,1
DA:1552,0
DA:1555,1
DA:1557,1
DA:1558,0
DA:1560,0
DA:1561,0
DA:1564,1
DA:1566,1
DA:1567,1
DA:1568,1
DA:1569,1
DA:1574,1
DA:1577,1
DA:1579,1
DA:1581,1
DA:1582,0
DA:1583,0
DA:1587,1
DA:1589,1
DA:1592,0
DA:1593,0
DA:1597,1
DA:1598,0
DA:1599,0
DA:1600,0
DA:1602,0
DA:1605,0
DA:1606,0
DA:1611,1
DA:1612,1
DA:1613,1
DA:1615,1
DA:1616,0
DA:1617,0
DA:1624,1
DA:1625,0
DA:1626,0
DA:1627,0
DA:1630,1
DA:1631,1
DA:1632,1
DA:1636,1
DA:1658,1
DA:1659,0
DA:1660,0
DA:1664,1
DA:1665,0
DA:1667,1
DA:1668,1
DA:1670,1
DA:1671,0
DA:1672,0
DA:1675,1
DA:1679,1
DA:1681,1
DA:1684,1
DA:1690,1
DA:1693,0
DA:1695,0
DA:1696,0
DA:1698,0
DA:1699,0
DA:1702,0
DA:1705,0
DA:1706,0
DA:1708,0
DA:1710,0
DA:1711,0
DA:1712,0
DA:1714,0
DA:1715,0
DA:1717,0
DA:1720,0
DA:1721,0
DA:1723,0
DA:1724,0
DA:1725,0
DA:1726,0
DA:1727,0
DA:1730,0
DA:1734,1
DA:1743,1
DA:1746,1
DA:1747,1
DA:1749,1
DA:1751,1
DA:1752,0
DA:1753,0
DA:1757,1
DA:1758,0
DA:1759,0
DA:1761,0
DA:1762,0
DA:1764,0
DA:1765,0
DA:1768,0
DA:1769,0
DA:1772,0
DA:1779,1
DA:1780,0
DA:1781,0
DA:1788,1
DA:1790,0
DA:1791,0
DA:1795,1
DA:1796,0
DA:1798,1
DA:1805,1
DA:1884,1
DA:1889,1
DA:1891,1
DA:1892,0
DA:1893,0
DA:1909,1
DA:1911,1
DA:1912,1
DA:1914,0
DA:1922,1
DA:1924,1
DA:1926,1
DA:1928,1
DA:1929,0
DA:1930,0
DA:1933,1
DA:1944,1
DA:1945,0
DA:1946,0
DA:1959,1
DA:1961,1
DA:1963,1
DA:1964,1
DA:1965,0
DA:1966,0
DA:1969,0
DA:1970,0
DA:1974,0
DA:1976,0
DA:1977,0
DA:1979,0
DA:1984,0
DA:1987,0
DA:1990,0
DA:1991,0
DA:1992,0
DA:2011,1
DA:2012,0
DA:2013,0
DA:2017,1
DA:2018,0
DA:2019,0
DA:2025,0
DA:2027,0
DA:2032,0
DA:2033,0
DA:2034,0
DA:2035,0
DA:2036,0
DA:2037,0
DA:2041,0
DA:2042,0
DA:2043,0
DA:2044,0
DA:2045,0
DA:2048,0
DA:2049,0
DA:2050,0
DA:2051,0
DA:2052,0
DA:2056,0
DA:2057,0
DA:2059,0
DA:2060,0
DA:2061,0
DA:2062,0
DA:2063,0
DA:2066,0
DA:2067,0
DA:2068,0
DA:2069,0
DA:2070,0
DA:2074,0
DA:2076,0
DA:2079,0
DA:2081,0
DA:2086,0
DA:2090,0
DA:2091,0
DA:2095,0
DA:2103,0
DA:2104,0
DA:2105,0
DA:2109,0
DA:2110,0
DA:2115,0
DA:2118,0
DA:2119,0
DA:2123,0
DA:2124,0
DA:2128,0
DA:2130,0
DA:2133,1
DA:2137,1
DA:2140,1
DA:2143,1
DA:2145,1
DA:2147,1
DA:2148,1
DA:2151,0
DA:2152,0
DA:2154,0
DA:2157,0
DA:2159,0
DA:2162,1
DA:2164,1
DA:2166,1
DA:2167,0
DA:2168,0
DA:2172,1
DA:2174,1
DA:2175,1
DA:2178,1
DA:2179,0
DA:2182,1
DA:2186,1
DA:2201,1
DA:2203,1
DA:2205,1
DA:2208,1
DA:2209,1
DA:2211,1
DA:2212,0
DA:2216,1
DA:2219,0
DA:2222,0
DA:2225,0
DA:2228,0
DA:2229,0
DA:2230,0
DA:2233,0
DA:2239,0
DA:2241,0
DA:2243,0
DA:2245,0
DA:2246,0
DA:2251,0
DA:2252,0
DA:2253,0
DA:2261,0
DA:2287,0
DA:2292,0
DA:2294,0
DA:2297,0
DA:2299,0
DA:2300,0
DA:2301,0
DA:2304,0
DA:2305,0
DA:2312,0
DA:2313,0
DA:2314,0
DA:2320,0
DA:2322,0
DA:2323,0
DA:2326,0
DA:2327,0
DA:2329,0
DA:2331,0
DA:2332,0
DA:2336,0
DA:2339,0
DA:2340,0
DA:2343,0
DA:2344,0
DA:2345,0
DA:2346,0
DA:2348,0
DA:2357,4
DA:2362,4
DA:2364,0
DA:2365,0
DA:2375,0
DA:2377,0
DA:2378,0
DA:2379,0
DA:2381,0
DA:2382,0
DA:2384,0
DA:2385,0
DA:2387,0
DA:2389,0
DA:2393,0
DA:2397,0
DA:2402,0
DA:2404,0
DA:2407,0
DA:2408,0
DA:2409,0
DA:2411,0
DA:2437,0
DA:2438,0
DA:2439,0
DA:2440,0
DA:2441,0
DA:2442,0
DA:2443,0
DA:2444,0
DA:2446,0
DA:2447,0
DA:2448,0
DA:2449,0
DA:2450,0
DA:2451,0
DA:2452,0
DA:2453,0
DA:2455,0
DA:2460,0
DA:2461,0
DA:2462,0
DA:2466,0
DA:2467,0
DA:2469,0
DA:2470,0
DA:2476,0
DA:2477,0
DA:2478,0
DA:2479,0
DA:2480,0
DA:2482,0
DA:2485,0
DA:2486,0
DA:2487,0
DA:2488,0
DA:2490,0
DA:2494,0
DA:2495,0
DA:2498,0
DA:2499,0
DA:2500,0
DA:2504,0
DA:2505,0
DA:2506,0
DA:2508,0
DA:2509,0
DA:2511,0
DA:2512,0
DA:2513,0
DA:2516,0
DA:2518,0
DA:2519,0
DA:2520,0
DA:2521,0
DA:2522,0
DA:2525,0
DA:2526,0
DA:2528,0
DA:2530,0
DA:2531,0
DA:2533,0
DA:2534,4
DA:2535,4
DA:2542,4
DA:2545,4
DA:2546,4
DA:2549,4
DA:2550,4
DA:2552,4
DA:2556,4
DA:2562,4
DA:2563,4
DA:2564,4
DA:2567,4
DA:2568,4
DA:2569,4
DA:2570,4
DA:2571,4
DA:2572,4
DA:2573,4
DA:2574,4
DA:2577,4
DA:2578,4
DA:2579,4
DA:2581,4
DA:2582,4
DA:2584,4
DA:2585,0
DA:2586,0
DA:2589,4
DA:2591,4
DA:2592,4
DA:2593,4
DA:2594,4
DA:2595,4
DA:2598,4
DA:2599,4
DA:2601,4
DA:2604,4
DA:2606,4
DA:2614,0
DA:2615,0
DA:2616,0
DA:2617,0
DA:2618,0
DA:2619,0
DA:2620,0
DA:2621,0
DA:2626,0
DA:2633,0
DA:2635,0
DA:2637,0
DA:2638,0
DA:2642,0
DA:2646,0
DA:2648,0
DA:2649,0
DA:2651,0
DA:2652,0
DA:2655,0
DA:2659,0
DA:2660,0
DA:2664,0
DA:2665,0
DA:2667,0
DA:2668,0
DA:2670,0
DA:2672,0
DA:2673,0
DA:2674,0
DA:2678,0
DA:2682,0
DA:2684,0
DA:2687,0
DA:2688,0
DA:2692,0
DA:2696,0
DA:2699,0
DA:2701,0
DA:2702,0
DA:2703,0
DA:2705,0
DA:2706,0
DA:2707,0
DA:2708,0
DA:2710,0
DA:2714,0
DA:2716,0
DA:2722,0
DA:2726,0
DA:2727,0
DA:2731,0
DA:2732,0
DA:2734,0
DA:2735,0
DA:2737,0
DA:2739,0
DA:2740,0
DA:2741,0
DA:2745,0
DA:2749,0
DA:2751,0
DA:2754,0
DA:2755,0
DA:2759,0
DA:2763,0
DA:2766,0
DA:2768,0
DA:2769,0
DA:2770,0
DA:2772,0
DA:2774,0
DA:2775,0
DA:2776,0
DA:2778,0
DA:2782,0
DA:2783,0
DA:2804,1
DA:2812,1
DA:2819,1
DA:2820,1
DA:2821,1
DA:2822,1
DA:2825,1
DA:2826,39
DA:2827,38
DA:2832,1
DA:2833,1
DA:2841,1
DA:2842,1
DA:2844,1
DA:2848,1
DA:2851,1
DA:2858,1
DA:2861,1
DA:2864,1
DA:2866,1
DA:2867,0
DA:2868,0
DA:2872,0
DA:2873,0
DA:2874,0
DA:2883,1
DA:2886,0
DA:2888,0
DA:2890,0
DA:2892,0
DA:2895,1
DA:2898,1
DA:2899,0
DA:2900,0
DA:2904,1
DA:2905,0
DA:2906,0
DA:2910,1025
DA:2911,1024
DA:2918,0
DA:2924,0
DA:2926,0
DA:2927,0
DA:2931,0
DA:2934,0
DA:2936,0
DA:2937,0
DA:2938,0
DA:2941,0
DA:2943,0
DA:2944,0
DA:2946,0
DA:2948,0
DA:2949,0
DA:2951,0
DA:2952,0
DA:2954,0
DA:2955,0
DA:2957,0
DA:2958,0
DA:2960,0
DA:2961,0
DA:2962,0
DA:2965,0
DA:2967,0
DA:2968,0
DA:2970,0
DA:2972,0
DA:2973,0
DA:2976,0
DA:2977,0
DA:2979,0
DA:2982,0
DA:2983,0
DA:2985,0
DA:2986,0
DA:2987,0
DA:2991,0
DA:2992,0
DA:2995,0
DA:2996,0
DA:2997,0
DA:3000,0
DA:3004,0
DA:3009,0
DA:3014,0
DA:3016,0
DA:3017,0
DA:3021,0
DA:3024,0
DA:3025,0
DA:3029,0
DA:3033,0
DA:3034,0
DA:3036,0
DA:3038,0
DA:3039,0
DA:3041,0
DA:3042,0
DA:3044,0
DA:3047,0
DA:3048,0
DA:3053,0
DA:3055,0
DA:3058,0
DA:3059,0
DA:3061,0
DA:3062,0
DA:3063,0
DA:3067,0
DA:3068,0
DA:3072,0
DA:3078,1
DA:3085,1
DA:3087,1
DA:3088,0
DA:3092,0
DA:3096,1
DA:3098,1
DA:3099,0
DA:3100,0
DA:3106,1
DA:3107,0
DA:3108,0
DA:3109,1
DA:3110,1
DA:3111,1
DA:3115,1
DA:3116,1
DA:3118,1
DA:3119,0
DA:3121,0
DA:3124,1
DA:3125,0
DA:3167,2
DA:3172,2
DA:3174,2
DA:3175,0
DA:3179,0
DA:3182,2
DA:3183,1
DA:3184,1
DA:3187,1
DA:3189,0
DA:3190,0
DA:3192,0
DA:3194,0
DA:3195,0
DA:3197,0
DA:3198,0
DA:3200,0
DA:3201,0
DA:3203,0
DA:3204,0
DA:3206,0
DA:3207,0
DA:3208,0
DA:3211,1
DA:3213,2
DA:3214,2
DA:3216,2
DA:3218,1
DA:3219,1
DA:3221,1
DA:3222,0
DA:3224,1
DA:3227,0
DA:3228,0
DA:3232,1
DA:3233,1
DA:3235,1
DA:3238,1
DA:3239,0
DA:3241,1
DA:3242,0
DA:3243,0
DA:3247,0
DA:3248,0
DA:3251,1
DA:3252,0
DA:3253,0
DA:3259,0
DA:3262,0
DA:3266,0
DA:3268,0
DA:3271,0
DA:3272,0
DA:3274,0
DA:3295,269
DA:3304,269
DA:3306,269
DA:3307,0
DA:3311,0
DA:3314,269
DA:3316,269
DA:3317,0
DA:3318,0
DA:3319,0
DA:3320,0
DA:3321,0
DA:3325,269
DA:3334,0
DA:3348,0
DA:3350,0
DA:3352,0
DA:3353,0
DA:3357,0
DA:3361,0
DA:3362,0
DA:3363,0
DA:3364,0
DA:3367,0
DA:3370,0
DA:3372,0
DA:3377,0
DA:3378,0
DA:3382,0
DA:3384,269
DA:3393,713
DA:3407,444
DA:3409,444
DA:3411,0
DA:3412,0
DA:3416,444
DA:3420,444
DA:3421,0
DA:3422,0
DA:3423,0
DA:3427,444
DA:3430,444
DA:3432,444
DA:3437,269
DA:3438,0
DA:3442,0
DA:3445,0
DA:3446,0
DA:3452,0
DA:3458,0
DA:3460,0
DA:3461,0
DA:3462,0
DA:3465,0
DA:3471,0
DA:3475,0
DA:3480,0
DA:3483,0
DA:3485,0
DA:3486,0
DA:3487,0
DA:3491,0
DA:3498,0
DA:3501,0
DA:3503,0
DA:3504,0
DA:3505,0
DA:3509,0
DA:3516,1
DA:3521,1
DA:3523,1
DA:3527,1
DA:3529,1
DA:3530,0
DA:3531,0
DA:3534,1
DA:3544,0
DA:3545,0
DA:3547,0
DA:3551,0
DA:3560,0
DA:3562,0
DA:3566,0
DA:3572,0
DA:3573,0
DA:3574,0
DA:3575,0
DA:3576,0
DA:3577,0
DA:3578,0
DA:3579,0
DA:3584,0
DA:3586,0
DA:3590,0
DA:3592,0
DA:3593,0
DA:3602,0
DA:3605,0
DA:3610,0
DA:3611,0
DA:3612,0
DA:3615,0
DA:3616,0
DA:3619,0
DA:3620,0
DA:3622,0
DA:3623,0
DA:3625,0
DA:3626,0
DA:3631,0
DA:3633,0
DA:3634,0
DA:3635,0
DA:3636,0
DA:3637,0
DA:3639,0
DA:3641,0
DA:3643,0
DA:3646,0
DA:3654,0
DA:3655,1
DA:3659,1
DA:3665,1
DA:3667,1
DA:3669,0
DA:3671,1
DA:3674,1
DA:3676,1
DA:3678,0
DA:3682,1
DA:3684,1
DA:3685,0
DA:3696,1
DA:3698,1
DA:3701,1
DA:3702,0
DA:3703,0
DA:3706,1
DA:3708,1
DA:3709,0
DA:3711,1
DA:3712,0
DA:3715,1
DA:3718,1
DA:3720,1
DA:3721,0
DA:3722,0
DA:3723,1
DA:3724,1
DA:3726,1
DA:3728,1
DA:3729,1
DA:3732,1
DA:3741,0
DA:3742,0
DA:3747,2
DA:3753,2
DA:3754,2
DA:3758,2
DA:3760,2
DA:3761,0
DA:3762,0
DA:3765,2
DA:3776,0
DA:3778,0
DA:3779,0
DA:3780,0
DA:3783,0
DA:3785,0
DA:3790,0
DA:3798,0
DA:3800,0
DA:3802,0
DA:3803,0
DA:3805,0
DA:3811,0
DA:3812,0
DA:3813,0
DA:3814,0
DA:3815,0
DA:3817,0
DA:3818,0
DA:3819,0
DA:3820,0
DA:3821,0
DA:3822,0
DA:3823,0
DA:3824,0
DA:3825,0
DA:3826,0
DA:3827,0
DA:3829,0
DA:3830,0
DA:3831,0
DA:3832,0
DA:3833,0
DA:3834,0
DA:3835,0
DA:3836,0
DA:3837,0
DA:3838,0
DA:3839,0
DA:3840,0
DA:3844,0
DA:3845,0
DA:3850,0
DA:3852,0
DA:3853,0
DA:3864,0
DA:3866,0
DA:3869,0
DA:3870,0
DA:3871,0
DA:3872,0
DA:3873,0
DA:3874,0
DA:3877,0
DA:3878,0
DA:3880,0
DA:3881,0
DA:3885,0
DA:3886,0
DA:3887,0
DA:3888,0
DA:3892,0
DA:3893,0
DA:3896,0
DA:3897,0
DA:3898,0
DA:3899,0
DA:3900,0
DA:3905,0
DA:3906,0
DA:3909,0
DA:3910,0
DA:3911,0
DA:3912,0
DA:3913,0
DA:3914,0
DA:3918,0
DA:3919,0
DA:3920,0
DA:3921,0
DA:3922,0
DA:3923,0
DA:3926,0
DA:3927,0
DA:3928,0
DA:3929,0
DA:3931,0
DA:3933,0
DA:3937,0
DA:3938,0
DA:3941,0
DA:3943,0
DA:3946,0
DA:3947,0
DA:3949,0
DA:3952,0
DA:3954,0
DA:3955,0
DA:3956,0
DA:3959,0
DA:3960,0
DA:3962,0
DA:3963,0
DA:3964,0
DA:3967,0
DA:3968,0
DA:3969,0
DA:3972,0
DA:3973,0
DA:3974,0
DA:3983,0
DA:3984,0
DA:3985,0
DA:3986,0
DA:3988,0
DA:3989,0
DA:3990,0
DA:3993,0
DA:3995,0
DA:3997,0
DA:3999,0
DA:4000,0
DA:4001,0
DA:4002,0
DA:4003,0
DA:4004,0
DA:4005,0
DA:4006,0
DA:4007,0
DA:4010,0
DA:4011,0
DA:4014,0
DA:4015,0
DA:4017,0
DA:4018,0
DA:4020,0
DA:4021,0
DA:4022,0
DA:4023,0
DA:4024,0
DA:4028,0
DA:4029,0
DA:4030,0
DA:4031,2
DA:4035,2
DA:4040,2
DA:4042,2
DA:4044,0
DA:4046,2
DA:4049,2
DA:4051,2
DA:4052,0
DA:4057,2
DA:4059,2
DA:4060,0
DA:4071,2
DA:4073,2
DA:4076,2
DA:4077,0
DA:4078,0
DA:4081,2
DA:4083,2
DA:4084,0
DA:4088,0
DA:4092,2
DA:4093,2
DA:4096,0
DA:4102,2
DA:4103,2
DA:4106,0
DA:4111,2
DA:4112,2
DA:4115,2
DA:4116,0
DA:4119,0
DA:4121,2
DA:4123,2
DA:4125,2
DA:4127,2
DA:4128,0
DA:4131,2
DA:4134,2
DA:4136,2
DA:4137,2
DA:4139,0
DA:4142,2
DA:4144,0
DA:4145,0
DA:4146,0
DA:4149,0
DA:4151,0
DA:4152,0
DA:4153,0
DA:4156,0
DA:4157,0
DA:4158,0
DA:4161,0
DA:4162,0
DA:4163,0
DA:4168,0
DA:4169,0
DA:4170,0
DA:4171,0
DA:4172,0
DA:4174,0
DA:4176,0
DA:4179,2
DA:4180,2
DA:4182,2
DA:4183,0
DA:4186,0
DA:4191,0
DA:4192,0
DA:4198,0
DA:4201,0
DA:4206,0
DA:4208,0
DA:4209,0
DA:4210,0
DA:4213,0
DA:4218,0
DA:4219,0
DA:4220,0
DA:4221,0
DA:4222,0
DA:4226,0
DA:4228,0
DA:4233,0
DA:4234,0
DA:4235,0
DA:4236,0
DA:4237,0
DA:4239,0
DA:4242,0
DA:4246,0
DA:4247,0
DA:4248,0
DA:4251,0
DA:4252,0
DA:4253,0
DA:4254,0
DA:4255,0
DA:4257,0
DA:4259,0
DA:4260,0
DA:4261,0
DA:4262,0
DA:4267,0
DA:4269,0
DA:4270,0
DA:4272,0
DA:4274,0
DA:4276,0
DA:4280,0
DA:4283,0
DA:4285,0
DA:4287,0
DA:4289,0
DA:4292,0
DA:4296,0
DA:4298,0
DA:4302,0
DA:4303,0
DA:4305,0
DA:4306,0
DA:4308,0
DA:4310,0
DA:4311,0
DA:4312,0
DA:4313,0
DA:4314,0
DA:4320,0
DA:4321,0
DA:4322,0
DA:4324,0
DA:4327,0
DA:4329,0
DA:4334,0
DA:4335,0
DA:4341,0
DA:4347,0
DA:4349,0
DA:4350,0
DA:4352,0
DA:4355,0
DA:4360,0
DA:4361,0
DA:4362,0
DA:4363,0
DA:4364,0
DA:4366,0
DA:4368,0
DA:4372,0
DA:4374,0
DA:4379,0
DA:4380,0
DA:4381,0
DA:4382,0
DA:4383,0
DA:4384,0
DA:4385,0
DA:4388,0
DA:4389,0
DA:4390,0
DA:4397,0
DA:4399,0
DA:4400,0
DA:4404,0
DA:4406,0
DA:4412,0
DA:4413,0
DA:4417,0
DA:4422,0
DA:4423,0
DA:4426,0
DA:4428,0
DA:4432,0
DA:4438,0
DA:4440,0
DA:4441,0
DA:4444,0
DA:4446,0
DA:4452,0
DA:4453,0
DA:4456,0
DA:4461,0
DA:4462,0
DA:4465,0
DA:4466,0
DA:4471,441
DA:4476,441
DA:4478,441
DA:4479,0
DA:4480,0
DA:4545,441
DA:4546,0
DA:4547,0
DA:4548,0
DA:4549,0
DA:4550,0
DA:4558,0
DA:4560,0
DA:4571,0
DA:4583,0
DA:4584,0
DA:4587,0
DA:4588,0
DA:4590,0
DA:4593,0
DA:4594,0
DA:4595,0
DA:4597,441
DA:4598,441
DA:4599,441
DA:4600,441
DA:4602,441
DA:4603,0
DA:4611,0
DA:4613,0
DA:4622,0
DA:4634,0
DA:4635,441
DA:4639,441
DA:4640,441
DA:4642,441
DA:4645,441
DA:4646,0
DA:4647,0
DA:4650,0
DA:4651,0
DA:4658,0
DA:4666,441
DA:4676,0
DA:4687,0
DA:4690,0
DA:4698,0
DA:4708,0
DA:4720,0
DA:4769,0
DA:4780,0
DA:4782,0
DA:4783,0
DA:4784,0
DA:4787,0
DA:4789,0
DA:4794,0
DA:4798,0
DA:4800,0
DA:4802,0
DA:4806,0
DA:4807,0
DA:4809,0
DA:4810,0
DA:4812,0
DA:4813,0
DA:4814,0
DA:4816,0
DA:4817,0
DA:4820,0
DA:4821,0
DA:4822,0
DA:4823,0
DA:4833,0
DA:4839,0
DA:4841,0
DA:4842,0
DA:4843,0
DA:4848,0
DA:4853,0
DA:4856,0
DA:4858,0
DA:4861,0
DA:4866,0
DA:4868,0
DA:4869,0
DA:4870,0
DA:4875,0
DA:4880,0
DA:4882,0
DA:4885,0
DA:4891,0
DA:4893,0
DA:4894,0
DA:4895,0
DA:4898,0
DA:4899,0
DA:4900,0
DA:4903,0
DA:4908,0
DA:4910,0
DA:4912,0
DA:4914,0
DA:4915,0
DA:4917,0
DA:4918,0
DA:4919,0
DA:4926,0
DA:4932,0
DA:4934,0
DA:4935,0
DA:4936,0
DA:4939,0
DA:4940,0
DA:4941,0
DA:4944,0
DA:4949,0
DA:4951,0
DA:4953,0
DA:4955,0
DA:4956,0
DA:4958,0
DA:4959,0
DA:4960,0
DA:5017,1
DA:5022,1
DA:5023,0
DA:5024,0
DA:5027,1
DA:5029,1
DA:5030,0
DA:5031,0
DA:5034,1
DA:5036,0
DA:5041,1
DA:5043,1
DA:5044,0
DA:5046,1
DA:5047,1
DA:5048,1
DA:5049,1
DA:5051,1
DA:5052,0
DA:5091,1
DA:5095,1
DA:5097,1
DA:5099,1
DA:5101,1
DA:5102,0
DA:5103,0
DA:5107,1
DA:5109,1
DA:5111,1
DA:5113,1
DA:5114,0
DA:5115,1
DA:5116,1
DA:5118,0
DA:5119,0
DA:5125,1
DA:5126,1
DA:5129,1
DA:5130,0
DA:5132,1
DA:5133,1
DA:5136,0
DA:5137,0
DA:5140,1
DA:5143,1
DA:5145,1
DA:5147,1
LF:1699
LH:508
end_of_record
TN:
SF:/home/runner/work/dlt-daemon/dlt-daemon/src/daemon/dlt_daemon_client.c
FN:103,158,dlt_daemon_client_send_all_multiple
FN:1031,1203,dlt_daemon_client_process_control_v2
FN:1205,1257,dlt_daemon_control_get_software_version
FN:1259,1310,dlt_daemon_control_get_software_version_v2
FN:1312,1357,dlt_daemon_control_get_default_log_level
FN:1359,1404,dlt_daemon_control_get_default_log_level_v2
FN:1406,1735,dlt_daemon_control_get_log_info
FN:161,280,dlt_daemon_client_send
FN:1737,2138,dlt_daemon_control_get_log_info_v2
FN:2140,2191,dlt_daemon_control_message_buffer_overflow
FN:2193,2244,dlt_daemon_control_message_buffer_overflow_v2
FN:2246,2286,dlt_daemon_control_service_response
FN:2288,2328,dlt_daemon_control_service_response_v2
FN:2330,2378,dlt_daemon_control_message_unregister_context
FN:2380,2449,dlt_daemon_control_message_unregister_context_v2
FN:2451,2498,dlt_daemon_control_message_connection_info
FN:2500,2547,dlt_daemon_control_message_connection_info_v2
FN:2549,2609,dlt_daemon_control_message_timezone
FN:2611,2664,dlt_daemon_control_message_timezone_v2
FN:2666,2710,dlt_daemon_control_message_marker
FN:2712,2824,dlt_daemon_control_callsw_cinjection
FN:282,403,dlt_daemon_client_send_v2
FN:2826,2948,dlt_daemon_control_callsw_cinjection_v2
FN:2950,2969,dlt_daemon_send_log_level
FN:2971,2992,dlt_daemon_send_log_level_v2
FN:2994,3035,dlt_daemon_find_multiple_context_and_send_log_level
FN:3037,3078,dlt_daemon_find_multiple_context_and_send_log_level_v2
FN:3081,3139,dlt_daemon_control_set_log_level
FN:3141,3213,dlt_daemon_control_set_log_level_v2
FN:3215,3235,dlt_daemon_send_trace_status
FN:3237,3259,dlt_daemon_send_trace_status_v2
FN:3261,3302,dlt_daemon_find_multiple_context_and_send_trace_status
FN:3304,3345,dlt_daemon_find_multiple_context_and_send_trace_status_v2
FN:3347,3406,dlt_daemon_control_set_trace_status
FN:3408,3471,dlt_daemon_control_set_trace_status_v2
FN:3473,3504,dlt_daemon_control_set_default_log_level
FN:3506,3537,dlt_daemon_control_set_default_log_level_v2
FN:3539,3571,dlt_daemon_control_set_all_log_level
FN:3573,3605,dlt_daemon_control_set_all_log_level_v2
FN:3607,3638,dlt_daemon_control_set_default_trace_status
FN:3640,3671,dlt_daemon_control_set_default_trace_status_v2
FN:3673,3707,dlt_daemon_control_set_all_trace_status
FN:3709,3743,dlt_daemon_control_set_all_trace_status_v2
FN:3745,3768,dlt_daemon_control_set_timing_packets
FN:3770,3793,dlt_daemon_control_set_timing_packets_v2
FN:3795,3866,dlt_daemon_control_message_time
FN:3868,3899,dlt_daemon_process_one_s_timer
FN:3901,3959,dlt_daemon_process_sixty_s_timer
FN:3998,4009,dlt_daemon_process_systemd_timer
FN:4012,4171,dlt_daemon_control_service_logstorage
FN:405,465,dlt_daemon_client_send_message_to_all_client
FN:4173,4332,dlt_daemon_control_service_logstorage_v2
FN:4334,4370,dlt_daemon_control_passive_node_connect
FN:4372,4409,dlt_daemon_control_passive_node_connect_v2
FN:4411,4480,dlt_daemon_control_passive_node_connect_status_v2
FN:4482,4550,dlt_daemon_control_passive_node_connect_status
FN:467,595,dlt_daemon_client_send_message_to_all_client_v2
FN:597,673,dlt_daemon_client_send_control_message
FN:675,855,dlt_daemon_client_send_control_message_v2
FN:857,1029,dlt_daemon_client_process_control
FNDA:0,dlt_daemon_client_send_all_multiple
FNDA:0,dlt_daemon_client_process_control_v2
FNDA:0,dlt_daemon_control_get_software_version
FNDA:0,dlt_daemon_control_get_software_version_v2
FNDA:0,dlt_daemon_control_get_default_log_level
FNDA:0,dlt_daemon_control_get_default_log_level_v2
FNDA:0,dlt_daemon_control_get_log_info
FNDA:447,dlt_daemon_client_send
FNDA:0,dlt_daemon_control_get_log_info_v2
FNDA:0,dlt_daemon_control_message_buffer_overflow
FNDA:0,dlt_daemon_control_message_buffer_overflow_v2
FNDA:1,dlt_daemon_control_service_response
FNDA:0,dlt_daemon_control_service_response_v2
FNDA:0,dlt_daemon_control_message_unregister_context
FNDA:0,dlt_daemon_control_message_unregister_context_v2
FNDA:1,dlt_daemon_control_message_connection_info
FNDA:0,dlt_daemon_control_message_connection_info_v2
FNDA:0,dlt_daemon_control_message_timezone
FNDA:0,dlt_daemon_control_message_timezone_v2
FNDA:0,dlt_daemon_control_message_marker
FNDA:0,dlt_daemon_control_callsw_cinjection
FNDA:0,dlt_daemon_client_send_v2
FNDA:0,dlt_daemon_control_callsw_cinjection_v2
FNDA:0,dlt_daemon_send_log_level
FNDA:0,dlt_daemon_send_log_level_v2
FNDA:0,dlt_daemon_find_multiple_context_and_send_log_level
FNDA:0,dlt_daemon_find_multiple_context_and_send_log_level_v2
FNDA:0,dlt_daemon_control_set_log_level
FNDA:0,dlt_daemon_control_set_log_level_v2
FNDA:0,dlt_daemon_send_trace_status
FNDA:0,dlt_daemon_send_trace_status_v2
FNDA:0,dlt_daemon_find_multiple_context_and_send_trace_status
FNDA:0,dlt_daemon_find_multiple_context_and_send_trace_status_v2
FNDA:0,dlt_daemon_control_set_trace_status
FNDA:0,dlt_daemon_control_set_trace_status_v2
FNDA:0,dlt_daemon_control_set_default_log_level
FNDA:0,dlt_daemon_control_set_default_log_level_v2
FNDA:0,dlt_daemon_control_set_all_log_level
FNDA:0,dlt_daemon_control_set_all_log_level_v2
FNDA:0,dlt_daemon_control_set_default_trace_status
FNDA:0,dlt_daemon_control_set_default_trace_status_v2
FNDA:0,dlt_daemon_control_set_all_trace_status
FNDA:0,dlt_daemon_control_set_all_trace_status_v2
FNDA:0,dlt_daemon_control_set_timing_packets
FNDA:0,dlt_daemon_control_set_timing_packets_v2
FNDA:0,dlt_daemon_control_message_time
FNDA:0,dlt_daemon_process_one_s_timer
FNDA:0,dlt_daemon_process_sixty_s_timer
FNDA:0,dlt_daemon_process_systemd_timer
FNDA:1,dlt_daemon_control_service_logstorage
FNDA:441,dlt_daemon_client_send_message_to_all_client
FNDA:0,dlt_daemon_control_service_logstorage_v2
FNDA:0,dlt_daemon_control_passive_node_connect
FNDA:0,dlt_daemon_control_passive_node_connect_v2
FNDA:0,dlt_daemon_control_passive_node_connect_status_v2
FNDA:0,dlt_daemon_control_passive_node_connect_status
FNDA:0,dlt_daemon_client_send_message_to_all_client_v2
FNDA:2,dlt_daemon_client_send_control_message
FNDA:0,dlt_daemon_client_send_control_message_v2
FNDA:1,dlt_daemon_client_process_control
FNF:60
FNH:7
DA:84,0
DA:103,0
DA:112,0
DA:114,0
DA:115,0
DA:116,0
DA:119,0
DA:128,0
DA:130,0
DA:131,0
DA:132,0
DA:135,0
DA:137,0
DA:138,0
DA:142,0
DA:161,447
DA:169,447
DA:170,0
DA:171,0
DA:174,447
DA:176,1
DA:177,0
DA:178,0
DA:179,0
DA:182,1
DA:183,0
DA:184,0
DA:188,1
DA:195,446
DA:196,446
DA:197,0
DA:198,0
DA:202,0
DA:203,0
DA:204,0
DA:214,446
DA:215,446
DA:220,446
DA:231,446
DA:233,0
DA:234,0
DA:236,0
DA:244,446
DA:245,446
DA:246,0
DA:247,446
DA:249,446
DA:251,446
DA:252,0
DA:255,446
DA:256,0
DA:257,0
DA:258,0
DA:260,0
DA:263,0
DA:264,0
DA:265,0
DA:266,0
DA:268,0
DA:269,0
DA:272,0
DA:273,0
DA:282,0
DA:290,0
DA:291,0
DA:292,0
DA:295,0
DA:297,0
DA:298,0
DA:299,0
DA:300,0
DA:303,0
DA:304,0
DA:305,0
DA:309,0
DA:316,0
DA:317,0
DA:318,0
DA:320,0
DA:324,0
DA:325,0
DA:326,0
DA:337,0
DA:338,0
DA:343,0
DA:354,0
DA:356,0
DA:357,0
DA:359,0
DA:367,0
DA:368,0
DA:369,0
DA:370,0
DA:372,0
DA:374,0
DA:375,0
DA:378,0
DA:379,0
DA:380,0
DA:381,0
DA:383,0
DA:386,0
DA:387,0
DA:388,0
DA:389,0
DA:391,0
DA:392,0
DA:395,0
DA:396,0
DA:405,441
DA:410,441
DA:412,441
DA:413,0
DA:414,0
DA:418,441
DA:419,0
DA:421,0
DA:424,0
DA:425,0
DA:426,0
DA:430,0
DA:434,441
DA:435,441
DA:437,0
DA:440,441
DA:441,0
DA:443,0
DA:444,0
DA:448,441
DA:449,0
DA:450,0
DA:451,441
DA:452,0
DA:453,0
DA:454,441
DA:455,0
DA:456,0
DA:460,441
DA:461,441
DA:463,441
DA:464,441
DA:467,0
DA:473,0
DA:474,0
DA:478,0
DA:480,0
DA:482,0
DA:483,0
DA:484,0
DA:487,0
DA:489,0
DA:490,0
DA:491,0
DA:492,0
DA:494,0
DA:495,0
DA:497,0
DA:500,0
DA:504,0
DA:507,0
DA:508,0
DA:509,0
DA:511,0
DA:512,0
DA:515,0
DA:517,0
DA:518,0
DA:520,0
DA:521,0
DA:524,0
DA:525,0
DA:526,0
DA:529,0
DA:530,0
DA:531,0
DA:532,0
DA:535,0
DA:536,0
DA:537,0
DA:538,0
DA:542,0
DA:543,0
DA:544,0
DA:547,0
DA:548,0
DA:549,0
DA:551,0
DA:553,0
DA:556,0
DA:557,0
DA:560,0
DA:563,0
DA:564,0
DA:567,0
DA:568,0
DA:571,0
DA:572,0
DA:573,0
DA:577,0
DA:578,0
DA:579,0
DA:580,0
DA:581,0
DA:582,0
DA:583,0
DA:584,0
DA:585,0
DA:589,0
DA:592,0
DA:593,0
DA:594,0
DA:597,2
DA:603,2
DA:605,2
DA:609,2
DA:611,2
DA:615,2
DA:616,2
DA:622,2
DA:625,2
DA:629,2
DA:631,2
DA:634,2
DA:635,2
DA:636,2
DA:638,2
DA:640,2
DA:641,2
DA:643,0
DA:645,2
DA:646,2
DA:648,0
DA:651,2
DA:653,2
DA:655,2
DA:657,2
DA:658,0
DA:659,0
DA:662,2
DA:664,2
DA:667,2
DA:668,0
DA:669,0
DA:675,0
DA:686,0
DA:688,0
DA:696,0
DA:702,0
DA:705,0
DA:706,0
DA:707,0
DA:708,0
DA:710,0
DA:711,0
DA:713,0
DA:714,0
DA:718,0
DA:720,0
DA:723,0
DA:728,0
DA:733,0
DA:734,0
DA:737,0
DA:738,0
DA:739,0
DA:740,0
DA:765,0
DA:766,0
DA:767,0
DA:768,0
DA:769,0
DA:770,0
DA:771,0
DA:772,0
DA:774,0
DA:775,0
DA:776,0
DA:777,0
DA:778,0
DA:779,0
DA:780,0
DA:781,0
DA:783,0
DA:788,0
DA:789,0
DA:790,0
DA:794,0
DA:795,0
DA:796,0
DA:797,0
DA:798,0
DA:800,0
DA:804,0
DA:805,0
DA:806,0
DA:810,0
DA:812,0
DA:814,0
DA:817,0
DA:818,0
DA:822,0
DA:824,0
DA:826,0
DA:830,0
DA:831,0
DA:832,0
DA:835,0
DA:837,0
DA:838,0
DA:839,0
DA:840,0
DA:843,0
DA:845,0
DA:847,0
DA:848,0
DA:850,0
DA:851,0
DA:857,1
DA:863,1
DA:865,1
DA:868,1
DA:871,1
DA:875,1
DA:876,0
DA:877,0
DA:880,1
DA:881,1
DA:883,1
DA:885,1
DA:886,0
DA:887,0
DA:888,0
DA:890,0
DA:891,0
DA:892,0
DA:894,0
DA:895,0
DA:896,0
DA:898,0
DA:899,0
DA:900,0
DA:902,0
DA:903,0
DA:904,0
DA:905,0
DA:909,0
DA:913,0
DA:917,0
DA:923,0
DA:924,0
DA:925,0
DA:928,0
DA:929,0
DA:931,0
DA:932,0
DA:934,0
DA:936,0
DA:937,0
DA:939,0
DA:941,0
DA:942,0
DA:944,0
DA:946,0
DA:947,0
DA:949,0
DA:951,0
DA:952,0
DA:953,0
DA:955,0
DA:957,0
DA:958,0
DA:960,0
DA:961,0
DA:963,0
DA:965,0
DA:966,0
DA:968,0
DA:970,0
DA:971,0
DA:973,0
DA:975,0
DA:976,0
DA:978,0
DA:980,0
DA:981,0
DA:982,0
DA:984,0
DA:985,0
DA:986,0
DA:988,0
DA:989,0
DA:990,0
DA:992,0
DA:993,0
DA:995,0
DA:997,1
DA:998,1
DA:999,1
DA:1001,0
DA:1002,0
DA:1003,0
DA:1005,0
DA:1006,0
DA:1007,0
DA:1009,0
DA:1010,0
DA:1011,0
DA:1013,0
DA:1014,0
DA:1015,0
DA:1017,0
DA:1018,0
DA:1020,0
DA:1025,0
DA:1031,0
DA:1037,0
DA:1039,0
DA:1042,0
DA:1045,0
DA:1048,0
DA:1049,0
DA:1050,0
DA:1054,0
DA:1057,0
DA:1059,0
DA:1060,0
DA:1061,0
DA:1062,0
DA:1064,0
DA:1065,0
DA:1066,0
DA:1068,0
DA:1069,0
DA:1070,0
DA:1072,0
DA:1073,0
DA:1074,0
DA:1076,0
DA:1077,0
DA:1078,0
DA:1079,0
DA:1083,0
DA:1087,0
DA:1091,0
DA:1097,0
DA:1098,0
DA:1099,0
DA:1102,0
DA:1103,0
DA:1105,0
DA:1106,0
DA:1108,0
DA:1110,0
DA:1111,0
DA:1113,0
DA:1115,0
DA:1116,0
DA:1118,0
DA:1120,0
DA:1121,0
DA:1123,0
DA:1125,0
DA:1126,0
DA:1127,0
DA:1129,0
DA:1131,0
DA:1132,0
DA:1134,0
DA:1135,0
DA:1137,0
DA:1139,0
DA:1140,0
DA:1142,0
DA:1144,0
DA:1145,0
DA:1147,0
DA:1149,0
DA:1150,0
DA:1152,0
DA:1154,0
DA:1155,0
DA:1156,0
DA:1158,0
DA:1159,0
DA:1160,0
DA:1162,0
DA:1163,0
DA:1164,0
DA:1166,0
DA:1167,0
DA:1169,0
DA:1171,0
DA:1172,0
DA:1173,0
DA:1175,0
DA:1176,0
DA:1177,0
DA:1179,0
DA:1180,0
DA:1181,0
DA:1183,0
DA:1184,0
DA:1185,0
DA:1187,0
DA:1188,0
DA:1189,0
DA:1191,0
DA:1192,0
DA:1194,0
DA:1199,0
DA:1205,0
DA:1211,0
DA:1213,0
DA:1214,0
DA:1217,0
DA:1218,0
DA:1220,0
DA:1224,0
DA:1227,0
DA:1228,0
DA:1230,0
DA:1231,0
DA:1232,0
DA:1235,0
DA:1236,0
DA:1237,0
DA:1240,0
DA:1241,0
DA:1243,0
DA:1247,0
DA:1248,0
DA:1249,0
DA:1250,0
DA:1253,0
DA:1256,0
DA:1259,0
DA:1265,0
DA:1267,0
DA:1268,0
DA:1271,0
DA:1272,0
DA:1274,0
DA:1278,0
DA:1281,0
DA:1283,0
DA:1284,0
DA:1285,0
DA:1288,0
DA:1289,0
DA:1290,0
DA:1293,0
DA:1294,0
DA:1296,0
DA:1300,0
DA:1301,0
DA:1302,0
DA:1303,0
DA:1306,0
DA:1309,0
DA:1312,0
DA:1317,0
DA:1319,0
DA:1320,0
DA:1323,0
DA:1324,0
DA:1326,0
DA:1329,0
DA:1331,0
DA:1332,0
DA:1333,0
DA:1336,0
DA:1337,0
DA:1338,0
DA:1341,0
DA:1342,0
DA:1344,0
DA:1348,0
DA:1349,0
DA:1350,0
DA:1353,0
DA:1356,0
DA:1359,0
DA:1364,0
DA:1366,0
DA:1367,0
DA:1370,0
DA:1371,0
DA:1373,0
DA:1376,0
DA:1378,0
DA:1379,0
DA:1380,0
DA:1383,0
DA:1384,0
DA:1385,0
DA:1388,0
DA:1389,0
DA:1391,0
DA:1395,0
DA:1396,0
DA:1397,0
DA:1400,0
DA:1403,0
DA:1406,0
DA:1415,0
DA:1434,0
DA:1436,0
DA:1437,0
DA:1439,0
DA:1442,0
DA:1444,0
DA:1448,0
DA:1451,0
DA:1452,0
DA:1454,0
DA:1458,0
DA:1459,0
DA:1461,0
DA:1464,0
DA:1465,0
DA:1467,0
DA:1470,0
DA:1471,0
DA:1473,0
DA:1475,0
DA:1483,0
DA:1484,0
DA:1495,0
DA:1499,0
DA:1500,0
DA:1502,0
DA:1503,0
DA:1505,0
DA:1508,0
DA:1509,0
DA:1510,0
DA:1513,0
DA:1514,0
DA:1516,0
DA:1517,0
DA:1521,0
DA:1525,0
DA:1526,0
DA:1529,0
DA:1530,0
DA:1532,0
DA:1533,0
DA:1535,0
DA:1536,0
DA:1542,0
DA:1543,0
DA:1545,0
DA:1546,0
DA:1550,0
DA:1551,0
DA:1553,0
DA:1554,0
DA:1557,0
DA:1558,0
DA:1560,0
DA:1561,0
DA:1566,0
DA:1567,0
DA:1570,0
DA:1571,0
DA:1573,0
DA:1574,0
DA:1576,0
DA:1583,0
DA:1587,0
DA:1590,0
DA:1593,0
DA:1595,0
DA:1596,0
DA:1603,0
DA:1604,0
DA:1605,0
DA:1607,0
DA:1608,0
DA:1614,0
DA:1616,0
DA:1620,0
DA:1621,0
DA:1623,0
DA:1624,0
DA:1631,0
DA:1632,0
DA:1634,0
DA:1636,0
DA:1637,0
DA:1643,0
DA:1648,0
DA:1649,0
DA:1654,0
DA:1655,0
DA:1656,0
DA:1657,0
DA:1658,0
DA:1666,0
DA:1667,0
DA:1668,0
DA:1669,0
DA:1673,0
DA:1674,0
DA:1675,0
DA:1676,0
DA:1680,0
DA:1681,0
DA:1682,0
DA:1683,0
DA:1684,0
DA:1685,0
DA:1686,0
DA:1687,0
DA:1688,0
DA:1690,0
DA:1691,0
DA:1692,0
DA:1707,0
DA:1708,0
DA:1709,0
DA:1710,0
DA:1711,0
DA:1712,0
DA:1713,0
DA:1714,0
DA:1715,0
DA:1717,0
DA:1718,0
DA:1719,0
DA:1728,0
DA:1731,0
DA:1734,0
DA:1737,0
DA:1743,0
DA:1746,0
DA:1752,0
DA:1764,0
DA:1766,0
DA:1767,0
DA:1769,0
DA:1772,0
DA:1774,0
DA:1777,0
DA:1779,0
DA:1784,0
DA:1786,0
DA:1788,0
DA:1790,0
DA:1791,0
DA:1792,0
DA:1793,0
DA:1794,0
DA:1795,0
DA:1796,0
DA:1799,0
DA:1800,0
DA:1802,0
DA:1806,0
DA:1807,0
DA:1809,0
DA:1812,0
DA:1813,0
DA:1814,0
DA:1816,0
DA:1818,0
DA:1819,0
DA:1820,0
DA:1823,0
DA:1825,0
DA:1833,0
DA:1834,0
DA:1839,0
DA:1844,0
DA:1848,0
DA:1849,0
DA:1851,0
DA:1852,0
DA:1853,0
DA:1854,0
DA:1857,0
DA:1858,0
DA:1860,0
DA:1861,0
DA:1862,0
DA:1865,0
DA:1866,0
DA:1867,0
DA:1868,0
DA:1872,0
DA:1873,0
DA:1876,0
DA:1877,0
DA:1879,0
DA:1880,0
DA:1886,0
DA:1889,0
DA:1890,0
DA:1891,0
DA:1893,0
DA:1894,0
DA:1896,0
DA:1897,0
DA:1901,0
DA:1905,0
DA:1906,0
DA:1909,0
DA:1910,0
DA:1912,0
DA:1913,0
DA:1915,0
DA:1916,0
DA:1917,0
DA:1923,0
DA:1924,0
DA:1926,0
DA:1927,0
DA:1931,0
DA:1932,0
DA:1934,0
DA:1935,0
DA:1938,0
DA:1939,0
DA:1940,0
DA:1941,0
DA:1942,0
DA:1947,0
DA:1948,0
DA:1951,0
DA:1954,0
DA:1955,0
DA:1957,0
DA:1964,0
DA:1968,0
DA:1971,0
DA:1974,0
DA:1976,0
DA:1977,0
DA:1984,0
DA:1985,0
DA:1987,0
DA:1989,0
DA:1990,0
DA:1991,0
DA:1995,0
DA:1999,0
DA:2000,0
DA:2002,0
DA:2006,0
DA:2007,0
DA:2008,0
DA:2009,0
DA:2010,0
DA:2011,0
DA:2022,0
DA:2023,0
DA:2025,0
DA:2027,0
DA:2028,0
DA:2034,0
DA:2039,0
DA:2040,0
DA:2045,0
DA:2046,0
DA:2047,0
DA:2048,0
DA:2049,0
DA:2050,0
DA:2051,0
DA:2067,0
DA:2068,0
DA:2069,0
DA:2070,0
DA:2074,0
DA:2075,0
DA:2076,0
DA:2077,0
DA:2081,0
DA:2082,0
DA:2083,0
DA:2084,0
DA:2085,0
DA:2086,0
DA:2087,0
DA:2088,0
DA:2089,0
DA:2091,0
DA:2092,0
DA:2093,0
DA:2108,0
DA:2109,0
DA:2110,0
DA:2111,0
DA:2112,0
DA:2113,0
DA:2114,0
DA:2115,0
DA:2116,0
DA:2118,0
DA:2119,0
DA:2120,0
DA:2129,0
DA:2132,0
DA:2134,0
DA:2137,0
DA:2140,0
DA:2147,0
DA:2149,0
DA:2153,0
DA:2154,0
DA:2156,0
DA:2160,0
DA:2162,0
DA:2163,0
DA:2164,0
DA:2167,0
DA:2168,0
DA:2169,0
DA:2172,0
DA:2176,0
DA:2177,0
DA:2178,0
DA:2179,0
DA:2182,0
DA:2183,0
DA:2184,0
DA:2188,0
DA:2190,0
DA:2193,0
DA:2200,0
DA:2202,0
DA:2206,0
DA:2207,0
DA:2209,0
DA:2213,0
DA:2215,0
DA:2216,0
DA:2217,0
DA:2220,0
DA:2221,0
DA:2222,0
DA:2225,0
DA:2229,0
DA:2230,0
DA:2231,0
DA:2232,0
DA:2235,0
DA:2236,0
DA:2237,0
DA:2241,0
DA:2243,0
DA:2246,1
DA:2252,1
DA:2254,1
DA:2255,0
DA:2258,1
DA:2262,1
DA:2264,1
DA:2265,0
DA:2266,0
DA:2269,1
DA:2270,1
DA:2271,1
DA:2274,1
DA:2278,1
DA:2279,1
DA:2282,1
DA:2285,1
DA:2288,0
DA:2294,0
DA:2296,0
DA:2297,0
DA:2300,0
DA:2304,0
DA:2306,0
DA:2307,0
DA:2308,0
DA:2311,0
DA:2312,0
DA:2313,0
DA:2316,0
DA:2320,0
DA:2321,0
DA:2324,0
DA:2327,0
DA:2330,0
DA:2336,0
DA:2338,0
DA:2342,0
DA:2346,0
DA:2348,0
DA:2349,0
DA:2350,0
DA:2353,0
DA:2354,0
DA:2355,0
DA:2358,0
DA:2362,0
DA:2363,0
DA:2364,0
DA:2365,0
DA:2366,0
DA:2369,0
DA:2370,0
DA:2371,0
DA:2375,0
DA:2377,0
DA:2380,0
DA:2387,0
DA:2388,0
DA:2391,0
DA:2393,0
DA:2397,0
DA:2401,0
DA:2404,0
DA:2406,0
DA:2407,0
DA:2408,0
DA:2411,0
DA:2412,0
DA:2413,0
DA:2416,0
DA:2419,0
DA:2420,0
DA:2421,0
DA:2422,0
DA:2423,0
DA:2425,0
DA:2427,0
DA:2429,0
DA:2431,0
DA:2432,0
DA:2433,0
DA:2434,0
DA:2435,0
DA:2436,0
DA:2437,0
DA:2440,0
DA:2441,0
DA:2442,0
DA:2446,0
DA:2448,0
DA:2451,1
DA:2457,1
DA:2459,1
DA:2463,1
DA:2467,1
DA:2469,1
DA:2470,0
DA:2471,0
DA:2474,1
DA:2475,1
DA:2476,1
DA:2479,1
DA:2483,1
DA:2484,1
DA:2485,1
DA:2486,1
DA:2489,1
DA:2490,0
DA:2491,0
DA:2495,1
DA:2497,1
DA:2500,0
DA:2506,0
DA:2508,0
DA:2512,0
DA:2516,0
DA:2518,0
DA:2519,0
DA:2520,0
DA:2523,0
DA:2524,0
DA:2525,0
DA:2528,0
DA:2532,0
DA:2533,0
DA:2534,0
DA:2535,0
DA:2538,0
DA:2539,0
DA:2540,0
DA:2544,0
DA:2546,0
DA:2549,0
DA:2554,0
DA:2556,0
DA:2560,0
DA:2564,0
DA:2566,0
DA:2567,0
DA:2568,0
DA:2571,0
DA:2572,0
DA:2573,0
DA:2576,0
DA:2580,0
DA:2581,0
DA:2583,0
DA:2585,0
DA:2586,0
DA:2588,0
DA:2597,0
DA:2600,0
DA:2601,0
DA:2602,0
DA:2606,0
DA:2608,0
DA:2611,0
DA:2616,0
DA:2618,0
DA:2622,0
DA:2626,0
DA:2628,0
DA:2629,0
DA:2630,0
DA:2633,0
DA:2634,0
DA:2635,0
DA:2638,0
DA:2642,0
DA:2643,0
DA:2645,0
DA:2647,0
DA:2648,0
DA:2650,0
DA:2652,0
DA:2655,0
DA:2656,0
DA:2657,0
DA:2661,0
DA:2663,0
DA:2666,0
DA:2671,0
DA:2673,0
DA:2677,0
DA:2681,0
DA:2683,0
DA:2684,0
DA:2685,0
DA:2688,0
DA:2689,0
DA:2690,0
DA:2693,0
DA:2697,0
DA:2698,0
DA:2701,0
DA:2702,0
DA:2703,0
DA:2707,0
DA:2709,0
DA:2712,0
DA:2728,0
DA:2730,0
DA:2731,0
DA:2733,0
DA:2736,0
DA:2737,0
DA:2740,0
DA:2741,0
DA:2742,0
DA:2746,0
DA:2751,0
DA:2752,0
DA:2756,0
DA:2757,0
DA:2758,0
DA:2761,0
DA:2762,0
DA:2766,0
DA:2768,0
DA:2770,0
DA:2771,0
DA:2775,0
DA:2776,0
DA:2777,0
DA:2780,0
DA:2782,0
DA:2783,0
DA:2784,0
DA:2787,0
DA:2789,0
DA:2790,0
DA:2791,0
DA:2794,0
DA:2795,0
DA:2800,0
DA:2804,0
DA:2805,0
DA:2807,0
DA:2808,0
DA:2811,0
DA:2813,0
DA:2816,0
DA:2821,0
DA:2826,0
DA:2844,0
DA:2846,0
DA:2847,0
DA:2849,0
DA:2852,0
DA:2855,0
DA:2858,0
DA:2859,0
DA:2861,0
DA:2865,0
DA:2870,0
DA:2871,0
DA:2876,0
DA:2878,0
DA:2879,0
DA:2880,0
DA:2881,0
DA:2884,0
DA:2885,0
DA:2889,0
DA:2890,0
DA:2892,0
DA:2894,0
DA:2895,0
DA:2899,0
DA:2900,0
DA:2901,0
DA:2904,0
DA:2906,0
DA:2907,0
DA:2908,0
DA:2911,0
DA:2913,0
DA:2914,0
DA:2915,0
DA:2918,0
DA:2919,0
DA:2924,0
DA:2928,0
DA:2929,0
DA:2931,0
DA:2932,0
DA:2935,0
DA:2937,0
DA:2940,0
DA:2945,0
DA:2950,0
DA:2953,0
DA:2958,0
DA:2959,0
DA:2961,0
DA:2962,0
DA:2964,0
DA:2965,0
DA:2966,0
DA:2969,0
DA:2971,0
DA:2974,0
DA:2979,0
DA:2980,0
DA:2982,0
DA:2983,0
DA:2984,0
DA:2987,0
DA:2988,0
DA:2989,0
DA:2992,0
DA:2994,0
DA:2998,0
DA:3002,0
DA:3006,0
DA:3007,0
DA:3008,0
DA:3011,0
DA:3013,0
DA:3016,0
DA:3017,0
DA:3019,0
DA:3020,0
DA:3021,0
DA:3023,0
DA:3025,0
DA:3027,0
DA:3028,0
DA:3029,0
DA:3032,0
DA:3037,0
DA:3041,0
DA:3045,0
DA:3049,0
DA:3050,0
DA:3051,0
DA:3054,0
DA:3056,0
DA:3059,0
DA:3060,0
DA:3062,0
DA:3063,0
DA:3064,0
DA:3066,0
DA:3068,0
DA:3070,0
DA:3071,0
DA:3072,0
DA:3075,0
DA:3081,0
DA:3084,0
DA:3086,0
DA:3087,0
DA:3093,0
DA:3094,0
DA:3096,0
DA:3099,0
DA:3101,0
DA:3102,0
DA:3104,0
DA:3105,0
DA:3106,0
DA:3107,0
DA:3109,0
DA:3110,0
DA:3111,0
DA:3112,0
DA:3113,0
DA:3116,0
DA:3117,0
DA:3118,0
DA:3120,0
DA:3121,0
DA:3122,0
DA:3124,0
DA:3125,0
DA:3127,0
DA:3130,0
DA:3131,0
DA:3133,0
DA:3134,0
DA:3135,0
DA:3141,0
DA:3144,0
DA:3147,0
DA:3153,0
DA:3154,0
DA:3156,0
DA:3159,0
DA:3163,0
DA:3164,0
DA:3165,0
DA:3166,0
DA:3167,0
DA:3168,0
DA:3169,0
DA:3170,0
DA:3171,0
DA:3173,0
DA:3174,0
DA:3176,0
DA:3177,0
DA:3178,0
DA:3179,0
DA:3181,0
DA:3183,0
DA:3184,0
DA:3185,0
DA:3188,0
DA:3189,0
DA:3190,0
DA:3192,0
DA:3193,0
DA:3194,0
DA:3196,0
DA:3197,0
DA:3199,0
DA:3200,0
DA:3203,0
DA:3204,0
DA:3206,0
DA:3207,0
DA:3209,0
DA:3215,0
DA:3219,0
DA:3224,0
DA:3225,0
DA:3227,0
DA:3228,0
DA:3230,0
DA:3231,0
DA:3232,0
DA:3235,0
DA:3237,0
DA:3241,0
DA:3246,0
DA:3247,0
DA:3249,0
DA:3250,0
DA:3251,0
DA:3254,0
DA:3255,0
DA:3256,0
DA:3259,0
DA:3261,0
DA:3265,0
DA:3269,0
DA:3273,0
DA:3274,0
DA:3275,0
DA:3278,0
DA:3280,0
DA:3283,0
DA:3284,0
DA:3286,0
DA:3287,0
DA:3288,0
DA:3290,0
DA:3292,0
DA:3294,0
DA:3295,0
DA:3296,0
DA:3299,0
DA:3304,0
DA:3308,0
DA:3312,0
DA:3316,0
DA:3317,0
DA:3318,0
DA:3321,0
DA:3323,0
DA:3326,0
DA:3327,0
DA:3329,0
DA:3330,0
DA:3331,0
DA:3333,0
DA:3335,0
DA:3337,0
DA:3338,0
DA:3339,0
DA:3342,0
DA:3347,0
DA:3350,0
DA:3352,0
DA:3353,0
DA:3359,0
DA:3360,0
DA:3362,0
DA:3365,0
DA:3367,0
DA:3368,0
DA:3370,0
DA:3371,0
DA:3372,0
DA:3373,0
DA:3375,0
DA:3376,0
DA:3377,0
DA:3378,0
DA:3379,0
DA:3383,0
DA:3384,0
DA:3385,0
DA:3387,0
DA:3388,0
DA:3389,0
DA:3391,0
DA:3392,0
DA:3394,0
DA:3397,0
DA:3398,0
DA:3400,0
DA:3401,0
DA:3402,0
DA:3408,0
DA:3411,0
DA:3420,0
DA:3424,0
DA:3427,0
DA:3429,0
DA:3430,0
DA:3432,0
DA:3433,0
DA:3434,0
DA:3435,0
DA:3438,0
DA:3440,0
DA:3441,0
DA:3442,0
DA:3446,0
DA:3447,0
DA:3448,0
DA:3450,0
DA:3451,0
DA:3452,0
DA:3454,0
DA:3455,0
DA:3457,0
DA:3458,0
DA:3461,0
DA:3462,0
DA:3464,0
DA:3465,0
DA:3467,0
DA:3473,0
DA:3476,0
DA:3481,0
DA:3484,0
DA:3487,0
DA:3490,0
DA:3491,0
DA:3492,0
DA:3493,0
DA:3495,0
DA:3498,0
DA:3500,0
DA:3502,0
DA:3506,0
DA:3509,0
DA:3514,0
DA:3517,0
DA:3520,0
DA:3523,0
DA:3524,0
DA:3525,0
DA:3526,0
DA:3528,0
DA:3531,0
DA:3533,0
DA:3535,0
DA:3539,0
DA:3542,0
DA:3548,0
DA:3549,0
DA:3550,0
DA:3553,0
DA:3556,0
DA:3559,0
DA:3560,0
DA:3563,0
DA:3564,0
DA:3567,0
DA:3569,0
DA:3573,0
DA:3576,0
DA:3582,0
DA:3583,0
DA:3584,0
DA:3587,0
DA:3590,0
DA:3593,0
DA:3594,0
DA:3597,0
DA:3598,0
DA:3601,0
DA:3603,0
DA:3607,0
DA:3610,0
DA:3616,0
DA:3619,0
DA:3622,0
DA:3625,0
DA:3626,0
DA:3627,0
DA:3629,0
DA:3632,0
DA:3634,0
DA:3636,0
DA:3640,0
DA:3643,0
DA:3649,0
DA:3652,0
DA:3655,0
DA:3658,0
DA:3659,0
DA:3660,0
DA:3662,0
DA:3665,0
DA:3667,0
DA:3669,0
DA:3673,0
DA:3676,0
DA:3682,0
DA:3683,0
DA:3684,0
DA:3687,0
DA:3690,0
DA:3693,0
DA:3694,0
DA:3695,0
DA:3696,0
DA:3698,0
DA:3701,0
DA:3703,0
DA:3705,0
DA:3709,0
DA:3712,0
DA:3718,0
DA:3719,0
DA:3720,0
DA:3723,0
DA:3726,0
DA:3729,0
DA:3730,0
DA:3731,0
DA:3732,0
DA:3734,0
DA:3737,0
DA:3739,0
DA:3741,0
DA:3745,0
DA:3748,0
DA:3753,0
DA:3756,0
DA:3759,0
DA:3761,0
DA:3762,0
DA:3764,0
DA:3766,0
DA:3770,0
DA:3773,0
DA:3778,0
DA:3781,0
DA:3784,0
DA:3786,0
DA:3787,0
DA:3789,0
DA:3791,0
DA:3795,0
DA:3800,0
DA:3802,0
DA:3803,0
DA:3806,0
DA:3812,0
DA:3813,0
DA:3816,0
DA:3817,0
DA:3823,0
DA:3826,0
DA:3827,0
DA:3829,0
DA:3832,0
DA:3833,0
DA:3834,0
DA:3836,0
DA:3837,0
DA:3838,0
DA:3841,0
DA:3843,0
DA:3845,0
DA:3847,0
DA:3848,0
DA:3851,0
DA:3853,0
DA:3856,0
DA:3859,0
DA:3862,0
DA:3865,0
DA:3868,0
DA:3870,0
DA:3873,0
DA:3875,0
DA:3876,0
DA:3877,0
DA:3880,0
DA:3882,0
DA:3883,0
DA:3888,0
DA:3889,0
DA:3890,0
DA:3893,0
DA:3894,0
DA:3896,0
DA:3898,0
DA:3901,0
DA:3904,0
DA:3907,0
DA:3909,0
DA:3910,0
DA:3911,0
DA:3914,0
DA:3916,0
DA:3917,0
DA:3922,0
DA:3923,0
DA:3924,0
DA:3926,0
DA:3927,0
DA:3930,0
DA:3931,0
DA:3935,0
DA:3937,0
DA:3942,0
DA:3943,0
DA:3944,0
DA:3945,0
DA:3947,0
DA:3948,0
DA:3951,0
DA:3952,0
DA:3956,0
DA:3958,0
DA:3998,0
DA:4006,0
DA:4008,0
DA:4012,1
DA:4024,1
DA:4027,1
DA:4030,1
DA:4032,1
DA:4033,0
DA:4034,0
DA:4037,1
DA:4038,0
DA:4041,0
DA:4042,0
DA:4045,1
DA:4048,1
DA:4050,1
DA:4051,0
DA:4052,0
DA:4053,0
DA:4054,0
DA:4057,0
DA:4060,0
DA:4064,2
DA:4065,1
DA:4068,1
DA:4069,0
DA:4070,0
DA:4072,0
DA:4073,0
DA:4075,0
DA:4077,0
DA:4078,0
DA:4082,0
DA:4083,0
DA:4084,0
DA:4089,1
DA:4090,0
DA:4094,1
DA:4097,0
DA:4098,0
DA:4100,0
DA:4101,0
DA:4105,1
DA:4107,1
DA:4108,0
DA:4110,0
DA:4111,0
DA:4113,0
DA:4114,0
DA:4115,0
DA:4117,0
DA:4120,0
DA:4124,0
DA:4126,0
DA:4130,0
DA:4134,1
DA:4136,0
DA:4139,0
DA:4140,0
DA:4142,0
DA:4147,1
DA:4150,1
DA:4152,2
DA:4153,1
DA:4154,1
DA:4155,1
DA:4158,0
DA:4161,1
DA:4162,1
DA:4165,0
DA:4168,0
DA:4173,0
DA:4185,0
DA:4188,0
DA:4191,0
DA:4193,0
DA:4194,0
DA:4195,0
DA:4198,0
DA:4199,0
DA:4202,0
DA:4203,0
DA:4206,0
DA:4209,0
DA:4211,0
DA:4212,0
DA:4213,0
DA:4214,0
DA:4215,0
DA:4218,0
DA:4221,0
DA:4225,0
DA:4226,0
DA:4229,0
DA:4230,0
DA:4231,0
DA:4233,0
DA:4234,0
DA:4236,0
DA:4238,0
DA:4239,0
DA:4243,0
DA:4244,0
DA:4245,0
DA:4250,0
DA:4251,0
DA:4255,0
DA:4258,0
DA:4259,0
DA:4261,0
DA:4262,0
DA:4266,0
DA:4268,0
DA:4269,0
DA:4271,0
DA:4272,0
DA:4274,0
DA:4275,0
DA:4276,0
DA:4278,0
DA:4281,0
DA:4285,0
DA:4287,0
DA:4291,0
DA:4295,0
DA:4297,0
DA:4300,0
DA:4301,0
DA:4303,0
DA:4308,0
DA:4311,0
DA:4313,0
DA:4314,0
DA:4315,0
DA:4316,0
DA:4319,0
DA:4322,0
DA:4323,0
DA:4326,0
DA:4329,0
DA:4334,0
DA:4337,0
DA:4342,0
DA:4346,0
DA:4347,0
DA:4352,0
DA:4356,0
DA:4359,0
DA:4362,0
DA:4364,0
DA:4365,0
DA:4367,0
DA:4369,0
DA:4372,0
DA:4375,0
DA:4381,0
DA:4385,0
DA:4386,0
DA:4391,0
DA:4395,0
DA:4398,0
DA:4401,0
DA:4403,0
DA:4404,0
DA:4406,0
DA:4408,0
DA:4411,0
DA:4419,0
DA:4421,0
DA:4422,0
DA:4424,0
DA:4428,0
DA:4429,0
DA:4434,0
DA:4438,0
DA:4442,0
DA:4444,0
DA:4445,0
DA:4447,0
DA:4448,0
DA:4450,0
DA:4451,0
DA:4452,0
DA:4455,0
DA:4458,0
DA:4460,0
DA:4462,0
DA:4464,0
DA:4465,0
DA:4466,0
DA:4467,0
DA:4470,0
DA:4472,0
DA:4474,0
DA:4477,0
DA:4479,0
DA:4482,0
DA:4490,0
DA:4492,0
DA:4493,0
DA:4495,0
DA:4499,0
DA:4500,0
DA:4505,0
DA:4509,0
DA:4513,0
DA:4515,0
DA:4516,0
DA:4518,0
DA:4519,0
DA:4521,0
DA:4522,0
DA:4523,0
DA:4526,0
DA:4529,0
DA:4531,0
DA:4533,0
DA:4535,0
DA:4536,0
DA:4537,0
DA:4538,0
DA:4541,0
DA:4543,0
DA:4544,0
DA:4547,0
DA:4549,0
LF:1922
LH:127
end_of_record
TN:
SF:/home/runner/work/dlt-daemon/dlt-daemon/src/daemon/dlt_daemon_common.c
FN:1000,1207,dlt_daemon_application_add_v2
FN:107,122,dlt_daemon_cmp_apid_v2
FN:1209,1254,dlt_daemon_application_del
FN:124,143,dlt_daemon_cmp_apid_ctid
FN:1256,1304,dlt_daemon_application_del_v2
FN:1306,1330,dlt_daemon_application_find
FN:1332,1363,dlt_daemon_application_find_v2
FN:1366,1435,dlt_daemon_applications_load
FN:1437,1478,dlt_daemon_applications_save
FN:145,175,dlt_daemon_cmp_apid_ctid_v2
FN:1479,1518,dlt_daemon_applications_save_v2
FN:1520,1682,dlt_daemon_context_add
FN:1684,1857,dlt_daemon_context_add_v2
FN:177,194,dlt_daemon_find_users_list
FN:1894,1940,dlt_daemon_context_del
FN:1942,1988,dlt_daemon_context_del_v2
FN:196,213,dlt_daemon_find_users_list_v2
FN:1990,2016,dlt_daemon_context_find
FN:2018,2057,dlt_daemon_context_find_v2
FN:2059,2080,dlt_daemon_contexts_invalidate_fd
FN:2082,2103,dlt_daemon_contexts_invalidate_fd_v2
FN:2105,2146,dlt_daemon_contexts_clear
FN:2148,2236,dlt_daemon_contexts_load
FN:2238,2285,dlt_daemon_contexts_save
FN:2287,2332,dlt_daemon_contexts_save_v2
FN:2334,2353,dlt_daemon_configuration_save
FN:2355,2414,dlt_daemon_configuration_load
FN:2416,2471,dlt_daemon_user_send_log_level
FN:2473,2528,dlt_daemon_user_send_log_level_v2
FN:2530,2556,dlt_daemon_user_send_log_state
FN:2558,2584,dlt_daemon_user_send_log_state_v2
FN:2586,2634,dlt_daemon_control_reset_to_factory_default
FN:2636,2684,dlt_daemon_control_reset_to_factory_default_v2
FN:2686,2715,dlt_daemon_user_send_default_update
FN:2717,2746,dlt_daemon_user_send_default_update_v2
FN:2748,2794,dlt_daemon_user_send_all_log_level_update
FN:2796,2843,dlt_daemon_user_send_all_log_level_update_v2
FN:2845,2877,dlt_daemon_user_send_all_trace_status_update
FN:2879,2911,dlt_daemon_user_send_all_trace_status_update_v2
FN:2913,2943,dlt_daemon_user_send_all_log_state
FN:2945,2975,dlt_daemon_user_send_all_log_state_v2
FN:2977,3001,dlt_daemon_change_state
FN:409,467,dlt_daemon_init_runtime_configuration
FN:469,522,dlt_daemon_init
FN:524,560,dlt_daemon_free
FN:562,610,dlt_daemon_init_user_information
FN:612,633,dlt_daemon_applications_invalidate_fd
FN:635,656,dlt_daemon_applications_invalidate_fd_v2
FN:658,697,dlt_daemon_applications_clear
FN:699,740,dlt_daemon_applications_clear_v2
FN:742,765,dlt_daemon_application_reset_user_handle
FN:767,791,dlt_daemon_application_reset_user_handle_v2
FN:793,998,dlt_daemon_application_add
FN:96,105,dlt_daemon_cmp_apid
FNDA:0,dlt_daemon_application_add_v2
FNDA:0,dlt_daemon_cmp_apid_v2
FNDA:0,dlt_daemon_application_del
FNDA:10,dlt_daemon_cmp_apid_ctid
FNDA:0,dlt_daemon_application_del_v2
FNDA:16,dlt_daemon_application_find
FNDA:0,dlt_daemon_application_find_v2
FNDA:1,dlt_daemon_applications_load
FNDA:0,dlt_daemon_applications_save
FNDA:0,dlt_daemon_cmp_apid_ctid_v2
FNDA:0,dlt_daemon_applications_save_v2
FNDA:5,dlt_daemon_context_add
FNDA:0,dlt_daemon_context_add_v2
FNDA:68,dlt_daemon_find_users_list
FNDA:0,dlt_daemon_context_del
FNDA:0,dlt_daemon_context_del_v2
FNDA:0,dlt_daemon_find_users_list_v2
FNDA:27,dlt_daemon_context_find
FNDA:0,dlt_daemon_context_find_v2
FNDA:5,dlt_daemon_contexts_invalidate_fd
FNDA:0,dlt_daemon_contexts_invalidate_fd_v2
FNDA:1,dlt_daemon_contexts_clear
FNDA:0,dlt_daemon_contexts_load
FNDA:0,dlt_daemon_contexts_save
FNDA:0,dlt_daemon_contexts_save_v2
FNDA:0,dlt_daemon_configuration_save
FNDA:1,dlt_daemon_configuration_load
FNDA:5,dlt_daemon_user_send_log_level
FNDA:0,dlt_daemon_user_send_log_level_v2
FNDA:2,dlt_daemon_user_send_log_state
FNDA:0,dlt_daemon_user_send_log_state_v2
FNDA:0,dlt_daemon_control_reset_to_factory_default
FNDA:0,dlt_daemon_control_reset_to_factory_default_v2
FNDA:0,dlt_daemon_user_send_default_update
FNDA:0,dlt_daemon_user_send_default_update_v2
FNDA:0,dlt_daemon_user_send_all_log_level_update
FNDA:0,dlt_daemon_user_send_all_log_level_update_v2
FNDA:0,dlt_daemon_user_send_all_trace_status_update
FNDA:0,dlt_daemon_user_send_all_trace_status_update_v2
FNDA:1,dlt_daemon_user_send_all_log_state
FNDA:0,dlt_daemon_user_send_all_log_state_v2
FNDA:2,dlt_daemon_change_state
FNDA:1,dlt_daemon_init_runtime_configuration
FNDA:10,dlt_daemon_init
FNDA:1,dlt_daemon_free
FNDA:11,dlt_daemon_init_user_information
FNDA:5,dlt_daemon_applications_invalidate_fd
FNDA:0,dlt_daemon_applications_invalidate_fd_v2
FNDA:1,dlt_daemon_applications_clear
FNDA:0,dlt_daemon_applications_clear_v2
FNDA:3,dlt_daemon_application_reset_user_handle
FNDA:0,dlt_daemon_application_reset_user_handle_v2
FNDA:4,dlt_daemon_application_add
FNDA:0,dlt_daemon_cmp_apid
FNF:54
FNH:21
DA:96,0
DA:98,11
DA:104,11
DA:107,0
DA:109,0
DA:115,0
DA:117,0
DA:121,0
DA:124,10
DA:126,10
DA:133,10
DA:135,10
DA:137,10
DA:138,10
DA:145,0
DA:147,0
DA:154,0
DA:156,0
DA:160,0
DA:162,0
DA:164,0
DA:167,0
DA:169,0
DA:172,0
DA:177,68
DA:179,68
DA:183,68
DA:184,0
DA:185,0
DA:188,68
DA:189,56
DA:190,56
DA:192,12
DA:193,12
DA:196,0
DA:198,0
DA:202,0
DA:203,0
DA:204,0
DA:207,0
DA:208,0
DA:209,0
DA:211,0
DA:212,0
DA:409,1
DA:411,1
DA:414,1
DA:418,1
DA:420,1
DA:426,1
DA:427,0
DA:428,0
DA:430,1
DA:431,1
DA:435,1
DA:440,1
DA:441,0
DA:442,0
DA:444,1
DA:445,1
DA:449,1
DA:454,1
DA:455,0
DA:456,0
DA:458,1
DA:459,1
DA:463,1
DA:466,1
DA:469,10
DA:474,10
DA:476,10
DA:479,10
DA:480,10
DA:482,10
DA:483,10
DA:484,10
DA:486,10
DA:488,10
DA:490,10
DA:492,10
DA:500,10
DA:501,10
DA:503,10
DA:504,10
DA:505,10
DA:508,10
DA:511,10
DA:517,10
DA:521,10
DA:524,1
DA:529,1
DA:531,1
DA:535,2
DA:536,1
DA:538,1
DA:540,1
DA:541,1
DA:545,1
DA:553,1
DA:554,1
DA:557,1
DA:559,1
DA:562,11
DA:567,11
DA:569,11
DA:572,11
DA:574,11
DA:576,11
DA:577,0
DA:578,0
DA:581,11
DA:582,11
DA:583,11
DA:584,11
DA:586,0
DA:589,0
DA:591,0
DA:592,0
DA:593,0
DA:596,0
DA:597,0
DA:598,0
DA:599,0
DA:601,0
DA:602,0
DA:603,0
DA:604,0
DA:605,0
DA:612,5
DA:617,5
DA:619,5
DA:622,5
DA:624,5
DA:625,10
DA:626,5
DA:627,0
DA:635,0
DA:640,0
DA:642,0
DA:644,0
DA:645,0
DA:647,0
DA:648,0
DA:649,0
DA:650,0
DA:658,1
DA:663,1
DA:665,1
DA:668,1
DA:670,1
DA:673,2
DA:674,1
DA:686,1
DA:687,1
DA:690,1
DA:691,1
DA:693,1
DA:694,1
DA:696,1
DA:699,0
DA:704,0
DA:706,0
DA:709,0
DA:711,0
DA:713,0
DA:716,0
DA:717,0
DA:729,0
DA:730,0
DA:733,0
DA:734,0
DA:736,0
DA:737,0
DA:739,0
DA:742,3
DA:748,3
DA:751,0
DA:752,0
DA:753,0
DA:754,0
DA:755,0
DA:756,0
DA:760,0
DA:761,0
DA:763,0
DA:764,0
DA:767,0
DA:774,0
DA:777,0
DA:778,0
DA:779,0
DA:780,0
DA:781,0
DA:782,0
DA:786,0
DA:787,0
DA:789,0
DA:790,0
DA:793,4
DA:807,4
DA:810,4
DA:812,4
DA:815,4
DA:816,4
DA:817,4
DA:819,4
DA:826,4
DA:828,4
DA:829,4
DA:831,4
DA:832,4
DA:834,0
DA:835,0
DA:837,0
DA:840,0
DA:841,0
DA:842,0
DA:843,0
DA:846,0
DA:848,0
DA:849,0
DA:853,4
DA:855,4
DA:856,4
DA:857,4
DA:858,4
DA:859,4
DA:860,4
DA:868,0
DA:869,0
DA:876,4
DA:877,0
DA:878,0
DA:881,4
DA:882,4
DA:884,4
DA:885,4
DA:887,0
DA:888,0
DA:889,0
DA:893,4
DA:894,3
DA:895,3
DA:899,4
DA:912,3
DA:913,0
DA:918,3
DA:919,0
DA:920,0
DA:928,3
DA:929,3
DA:931,3
DA:932,3
DA:933,3
DA:937,4
DA:938,4
DA:939,4
DA:943,4
DA:1000,0
DA:1015,0
DA:1018,0
DA:1020,0
DA:1023,0
DA:1024,0
DA:1025,0
DA:1027,0
DA:1034,0
DA:1036,0
DA:1037,0
DA:1039,0
DA:1040,0
DA:1042,0
DA:1043,0
DA:1045,0
DA:1048,0
DA:1049,0
DA:1050,0
DA:1051,0
DA:1054,0
DA:1056,0
DA:1060,0
DA:1062,0
DA:1063,0
DA:1064,0
DA:1065,0
DA:1066,0
DA:1067,0
DA:1068,0
DA:1069,0
DA:1076,0
DA:1077,0
DA:1084,0
DA:1085,0
DA:1086,0
DA:1089,0
DA:1090,0
DA:1092,0
DA:1093,0
DA:1095,0
DA:1096,0
DA:1097,0
DA:1101,0
DA:1102,0
DA:1103,0
DA:1107,0
DA:1121,0
DA:1122,0
DA:1123,0
DA:1128,0
DA:1129,0
DA:1130,0
DA:1138,0
DA:1139,0
DA:1141,0
DA:1142,0
DA:1143,0
DA:1147,0
DA:1148,0
DA:1149,0
DA:1152,0
DA:1206,0
DA:1209,0
DA:1214,0
DA:1216,0
DA:1219,0
DA:1221,0
DA:1224,0
DA:1225,0
DA:1228,0
DA:1229,0
DA:1230,0
DA:1240,0
DA:1243,0
DA:1244,0
DA:1245,0
DA:1248,0
DA:1250,0
DA:1256,0
DA:1262,0
DA:1264,0
DA:1267,0
DA:1269,0
DA:1272,0
DA:1273,0
DA:1276,0
DA:1277,0
DA:1278,0
DA:1288,0
DA:1291,0
DA:1292,0
DA:1293,0
DA:1297,0
DA:1300,0
DA:1306,16
DA:1311,16
DA:1313,16
DA:1316,16
DA:1318,16
DA:1322,11
DA:1323,11
DA:1326,11
DA:1327,11
DA:1328,11
DA:1332,0
DA:1337,0
DA:1341,0
DA:1342,0
DA:1343,0
DA:1344,0
DA:1347,0
DA:1349,0
DA:1350,0
DA:1351,0
DA:1354,0
DA:1355,0
DA:1358,0
DA:1359,0
DA:1362,0
DA:1366,1
DA:1374,1
DA:1376,1
DA:1379,1
DA:1381,1
DA:1382,1
DA:1384,1
DA:1387,0
DA:1394,0
DA:1397,0
DA:1398,0
DA:1399,0
DA:1400,0
DA:1401,0
DA:1402,0
DA:1403,0
DA:1405,0
DA:1406,0
DA:1407,0
DA:1411,0
DA:1413,0
DA:1415,0
DA:1416,0
DA:1417,0
DA:1419,0
DA:1422,0
DA:1423,0
DA:1424,0
DA:1425,0
DA:1432,0
DA:1434,0
DA:1437,0
DA:1445,0
DA:1447,0
DA:1452,0
DA:1454,0
DA:1457,0
DA:1458,0
DA:1460,0
DA:1461,0
DA:1462,0
DA:1464,0
DA:1465,0
DA:1471,0
DA:1473,0
DA:1479,0
DA:1487,0
DA:1489,0
DA:1492,0
DA:1494,0
DA:1497,0
DA:1498,0
DA:1500,0
DA:1501,0
DA:1502,0
DA:1504,0
DA:1505,0
DA:1511,0
DA:1513,0
DA:1520,5
DA:1530,5
DA:1532,5
DA:1535,5
DA:1538,5
DA:1541,5
DA:1543,5
DA:1546,5
DA:1547,4
DA:1549,4
DA:1554,5
DA:1556,5
DA:1560,5
DA:1562,5
DA:1563,5
DA:1565,5
DA:1566,5
DA:1568,0
DA:1569,0
DA:1571,0
DA:1574,0
DA:1575,0
DA:1576,0
DA:1577,0
DA:1580,0
DA:1581,0
DA:1585,5
DA:1588,5
DA:1589,5
DA:1595,5
DA:1600,5
DA:1601,0
DA:1602,0
DA:1605,5
DA:1606,5
DA:1608,5
DA:1609,5
DA:1640,5
DA:1644,0
DA:1648,0
DA:1651,0
DA:1657,5
DA:1658,5
DA:1659,5
DA:1662,5
DA:1663,5
DA:1668,5
DA:1669,0
DA:1671,5
DA:1674,5
DA:1675,5
DA:1678,5
DA:1684,0
DA:1692,0
DA:1694,0
DA:1696,0
DA:1699,0
DA:1702,0
DA:1705,0
DA:1707,0
DA:1710,0
DA:1711,0
DA:1713,0
DA:1718,0
DA:1721,0
DA:1726,0
DA:1728,0
DA:1729,0
DA:1730,0
DA:1731,0
DA:1733,0
DA:1734,0
DA:1736,0
DA:1739,0
DA:1740,0
DA:1741,0
DA:1742,0
DA:1745,0
DA:1746,0
DA:1749,0
DA:1752,0
DA:1753,0
DA:1756,0
DA:1757,0
DA:1758,0
DA:1759,0
DA:1760,0
DA:1761,0
DA:1762,0
DA:1764,0
DA:1765,0
DA:1767,0
DA:1772,0
DA:1773,0
DA:1774,0
DA:1777,0
DA:1778,0
DA:1780,0
DA:1781,0
DA:1812,0
DA:1816,0
DA:1820,0
DA:1823,0
DA:1831,0
DA:1832,0
DA:1833,0
DA:1836,0
DA:1837,0
DA:1842,0
DA:1843,0
DA:1845,0
DA:1848,0
DA:1849,0
DA:1850,0
DA:1854,0
DA:1894,0
DA:1900,0
DA:1902,0
DA:1905,0
DA:1907,0
DA:1910,0
DA:1911,0
DA:1917,0
DA:1918,0
DA:1919,0
DA:1922,0
DA:1925,0
DA:1926,0
DA:1927,0
DA:1930,0
DA:1932,0
DA:1935,0
DA:1936,0
DA:1942,0
DA:1948,0
DA:1950,0
DA:1953,0
DA:1955,0
DA:1958,0
DA:1959,0
DA:1965,0
DA:1966,0
DA:1967,0
DA:1970,0
DA:1973,0
DA:1974,0
DA:1975,0
DA:1978,0
DA:1980,0
DA:1983,0
DA:1984,0
DA:1990,27
DA:1995,27
DA:1997,27
DA:2000,27
DA:2002,27
DA:2006,9
DA:2007,9
DA:2010,9
DA:2011,9
DA:2013,9
DA:2014,9
DA:2018,0
DA:2023,0
DA:2025,0
DA:2026,0
DA:2029,0
DA:2031,0
DA:2034,0
DA:2035,0
DA:2038,0
DA:2039,0
DA:2040,0
DA:2041,0
DA:2042,0
DA:2043,0
DA:2045,0
DA:2046,0
DA:2048,0
DA:2049,0
DA:2053,0
DA:2054,0
DA:2056,0
DA:2059,5
DA:2064,5
DA:2066,5
DA:2069,5
DA:2071,5
DA:2072,9
DA:2073,4
DA:2074,0
DA:2082,0
DA:2087,0
DA:2089,0
DA:2091,0
DA:2092,0
DA:2094,0
DA:2095,0
DA:2096,0
DA:2097,0
DA:2105,1
DA:2110,1
DA:2112,1
DA:2115,1
DA:2117,1
DA:2120,3
DA:2121,2
DA:2122,2
DA:2123,2
DA:2125,2
DA:2126,0
DA:2127,0
DA:2129,2
DA:2130,0
DA:2131,0
DA:2135,1
DA:2136,1
DA:2137,1
DA:2140,2
DA:2141,1
DA:2143,1
DA:2145,1
DA:2148,0
DA:2157,0
DA:2159,0
DA:2162,0
DA:2164,0
DA:2165,0
DA:2167,0
DA:2170,0
DA:2177,0
DA:2180,0
DA:2181,0
DA:2182,0
DA:2183,0
DA:2184,0
DA:2185,0
DA:2186,0
DA:2188,0
DA:2189,0
DA:2190,0
DA:2194,0
DA:2196,0
DA:2198,0
DA:2199,0
DA:2200,0
DA:2202,0
DA:2203,0
DA:2204,0
DA:2206,0
DA:2207,0
DA:2208,0
DA:2210,0
DA:2211,0
DA:2212,0
DA:2214,0
DA:2218,0
DA:2219,0
DA:2221,0
DA:2222,0
DA:2223,0
DA:2233,0
DA:2235,0
DA:2238,0
DA:2246,0
DA:2248,0
DA:2251,0
DA:2253,0
DA:2259,0
DA:2260,0
DA:2262,0
DA:2263,0
DA:2264,0
DA:2265,0
DA:2267,0
DA:2268,0
DA:2269,0
DA:2270,0
DA:2271,0
DA:2273,0
DA:2274,0
DA:2275,0
DA:2278,0
DA:2280,0
DA:2287,0
DA:2296,0
DA:2298,0
DA:2301,0
DA:2303,0
DA:2306,0
DA:2307,0
DA:2309,0
DA:2310,0
DA:2311,0
DA:2312,0
DA:2314,0
DA:2315,0
DA:2316,0
DA:2317,0
DA:2318,0
DA:2320,0
DA:2321,0
DA:2322,0
DA:2325,0
DA:2327,0
DA:2334,0
DA:2338,0
DA:2340,0
DA:2343,0
DA:2345,0
DA:2347,0
DA:2349,0
DA:2355,1
DA:2357,1
DA:2366,1
DA:2368,1
DA:2370,1
DA:2373,2
DA:2374,1
DA:2375,1
DA:2376,1
DA:2378,2
DA:2379,1
DA:2382,1
DA:2384,1
DA:2387,0
DA:2388,0
DA:2391,1
DA:2394,1
DA:2396,0
DA:2397,0
DA:2398,0
DA:2400,0
DA:2408,1
DA:2410,0
DA:2416,5
DA:2423,5
DA:2425,5
DA:2426,0
DA:2427,0
DA:2430,5
DA:2431,0
DA:2432,0
DA:2435,5
DA:2436,4
DA:2437,2
DA:2440,3
DA:2441,3
DA:2443,5
DA:2444,5
DA:2447,5
DA:2449,5
DA:2450,5
DA:2451,5
DA:2454,5
DA:2455,5
DA:2458,5
DA:2459,0
DA:2461,0
DA:2463,0
DA:2464,0
DA:2465,0
DA:2466,0
DA:2470,5
DA:2473,0
DA:2478,0
DA:2480,0
DA:2482,0
DA:2483,0
DA:2484,0
DA:2487,0
DA:2488,0
DA:2489,0
DA:2492,0
DA:2493,0
DA:2494,0
DA:2497,0
DA:2498,0
DA:2500,0
DA:2501,0
DA:2504,0
DA:2506,0
DA:2508,0
DA:2511,0
DA:2512,0
DA:2515,0
DA:2516,0
DA:2518,0
DA:2520,0
DA:2521,0
DA:2522,0
DA:2523,0
DA:2524,0
DA:2527,0
DA:2530,2
DA:2536,2
DA:2538,2
DA:2541,2
DA:2544,2
DA:2547,2
DA:2550,2
DA:2551,0
DA:2552,0
DA:2555,2
DA:2558,0
DA:2564,0
DA:2566,0
DA:2569,0
DA:2572,0
DA:2575,0
DA:2578,0
DA:2579,0
DA:2580,0
DA:2583,0
DA:2586,0
DA:2592,0
DA:2594,0
DA:2595,0
DA:2596,0
DA:2599,0
DA:2600,0
DA:2601,0
DA:2605,0
DA:2607,0
DA:2609,0
DA:2610,0
DA:2611,0
DA:2615,0
DA:2617,0
DA:2619,0
DA:2620,0
DA:2621,0
DA:2625,0
DA:2626,0
DA:2627,0
DA:2633,0
DA:2636,0
DA:2642,0
DA:2644,0
DA:2645,0
DA:2646,0
DA:2649,0
DA:2650,0
DA:2651,0
DA:2655,0
DA:2657,0
DA:2659,0
DA:2660,0
DA:2661,0
DA:2665,0
DA:2667,0
DA:2669,0
DA:2670,0
DA:2671,0
DA:2675,0
DA:2676,0
DA:2677,0
DA:2683,0
DA:2686,0
DA:2692,0
DA:2694,0
DA:2695,0
DA:2696,0
DA:2699,0
DA:2701,0
DA:2704,0
DA:2705,0
DA:2707,0
DA:2708,0
DA:2709,0
DA:2710,0
DA:2711,0
DA:2717,0
DA:2723,0
DA:2725,0
DA:2726,0
DA:2727,0
DA:2730,0
DA:2732,0
DA:2735,0
DA:2736,0
DA:2738,0
DA:2739,0
DA:2740,0
DA:2741,0
DA:2742,0
DA:2748,0
DA:2755,0
DA:2757,0
DA:2760,0
DA:2762,0
DA:2765,0
DA:2766,0
DA:2768,0
DA:2769,0
DA:2770,0
DA:2772,0
DA:2782,0
DA:2783,0
DA:2787,0
DA:2788,0
DA:2789,0
DA:2790,0
DA:2796,0
DA:2803,0
DA:2805,0
DA:2808,0
DA:2810,0
DA:2813,0
DA:2814,0
DA:2816,0
DA:2817,0
DA:2818,0
DA:2820,0
DA:2831,0
DA:2832,0
DA:2836,0
DA:2837,0
DA:2838,0
DA:2839,0
DA:2845,0
DA:2851,0
DA:2853,0
DA:2856,0
DA:2858,0
DA:2861,0
DA:2863,0
DA:2864,0
DA:2866,0
DA:2867,0
DA:2868,0
DA:2870,0
DA:2871,0
DA:2872,0
DA:2873,0
DA:2879,0
DA:2885,0
DA:2887,0
DA:2890,0
DA:2892,0
DA:2895,0
DA:2897,0
DA:2898,0
DA:2900,0
DA:2901,0
DA:2902,0
DA:2904,0
DA:2905,0
DA:2906,0
DA:2907,0
DA:2913,1
DA:2919,1
DA:2921,1
DA:2922,0
DA:2923,0
DA:2926,1
DA:2928,1
DA:2931,2
DA:2932,1
DA:2934,1
DA:2935,1
DA:2936,1
DA:2937,0
DA:2938,0
DA:2945,0
DA:2951,0
DA:2953,0
DA:2954,0
DA:2955,0
DA:2958,0
DA:2960,0
DA:2963,0
DA:2964,0
DA:2966,0
DA:2967,0
DA:2968,0
DA:2969,0
DA:2970,0
DA:2977,2
DA:2979,2
DA:2980,0
DA:2981,0
DA:2982,0
DA:2983,0
DA:2984,2
DA:2985,2
DA:2986,2
DA:2987,2
DA:2988,0
DA:2989,0
DA:2990,0
DA:2991,0
DA:2992,0
DA:2993,0
DA:2994,0
DA:2995,0
DA:2996,0
DA:2997,0
DA:2998,0
DA:2999,0
DA:3001,2
LF:1038
LH:291
end_of_record
TN:
SF:/home/runner/work/dlt-daemon/dlt-daemon/src/daemon/dlt_daemon_connection.c
FN:110,130,dlt_connection_send_multiple
FN:144,150,dlt_connection_get_next
FN:152,172,dlt_connection_destroy_receiver
FN:188,259,dlt_connection_get_receiver
FN:272,326,dlt_connection_get_callback
FN:337,343,dlt_connection_destroy
FN:360,428,dlt_connection_create
FN:69,94,dlt_connection_send
FNDA:3,dlt_connection_send_multiple
FNDA:2,dlt_connection_get_next
FNDA:10,dlt_connection_destroy_receiver
FNDA:9,dlt_connection_get_receiver
FNDA:272,dlt_connection_get_callback
FNDA:9,dlt_connection_destroy
FNDA:8,dlt_connection_create
FNDA:8,dlt_connection_send
FNF:8
FNH:8
DA:69,8
DA:74,8
DA:75,8
DA:77,8
DA:78,1
DA:79,1
DA:80,1
DA:85,6
DA:86,6
DA:89,6
DA:90,6
DA:110,3
DA:115,3
DA:118,2
DA:119,1
DA:121,2
DA:122,2
DA:125,2
DA:126,2
DA:144,2
DA:146,3
DA:147,1
DA:149,2
DA:152,10
DA:154,10
DA:157,10
DA:161,1
DA:162,1
DA:163,1
DA:164,1
DA:165,1
DA:166,6
DA:167,6
DA:168,6
DA:169,6
DA:170,6
DA:188,9
DA:194,9
DA:195,4
DA:202,4
DA:204,4
DA:205,4
DA:208,1
DA:209,1
DA:211,1
DA:212,1
DA:215,1
DA:216,1
DA:220,1
DA:221,1
DA:224,0
DA:227,1
DA:228,1
DA:235,1
DA:244,1
DA:246,1
DA:247,1
DA:250,2
DA:252,2
DA:253,2
DA:258,9
DA:272,272
DA:277,272
DA:278,272
DA:280,272
DA:284,0
DA:286,0
DA:287,0
DA:289,0
DA:295,269
DA:297,269
DA:298,0
DA:300,0
DA:301,0
DA:303,0
DA:309,1
DA:311,1
DA:312,2
DA:314,2
DA:315,0
DA:317,0
DA:318,0
DA:320,0
DA:321,0
DA:325,272
DA:337,9
DA:339,9
DA:340,9
DA:341,9
DA:342,9
DA:343,9
DA:360,8
DA:364,8
DA:368,8
DA:376,8
DA:378,8
DA:379,0
DA:380,0
DA:385,8
DA:387,8
DA:388,0
DA:389,0
DA:390,0
DA:394,8
DA:395,8
DA:404,8
DA:405,3
DA:408,3
DA:409,1
DA:410,1
DA:415,7
DA:417,7
DA:419,2
DA:421,7
DA:422,7
DA:427,7
LF:116
LH:97
end_of_record
TN:
SF:/home/runner/work/dlt-daemon/dlt-daemon/src/daemon/dlt_daemon_event_handler.c
FN:111,133,dlt_event_handler_enable_fd
FN:143,168,dlt_event_handler_disable_fd
FN:182,268,dlt_daemon_handle_event
FN:281,292,dlt_event_handler_find_connection
FN:304,332,dlt_daemon_remove_connection
FN:340,356,dlt_event_handler_cleanup_connections
FN:365,373,dlt_daemon_add_connection
FN:388,427,dlt_connection_check_activate
FN:445,465,dlt_event_handler_register_connection
FN:481,510,dlt_event_handler_unregister_connection
FN:79,100,dlt_daemon_prepare_event_handling
FNDA:10,dlt_event_handler_enable_fd
FNDA:3,dlt_event_handler_disable_fd
FNDA:273,dlt_daemon_handle_event
FNDA:11,dlt_event_handler_find_connection
FNDA:8,dlt_daemon_remove_connection
FNDA:2,dlt_event_handler_cleanup_connections
FNDA:6,dlt_daemon_add_connection
FNDA:14,dlt_connection_check_activate
FNDA:10,dlt_event_handler_register_connection
FNDA:3,dlt_event_handler_unregister_connection
FNDA:8,dlt_daemon_prepare_event_handling
FNF:11
FNH:11
DA:66,122
DA:67,122
DA:68,122
DA:69,3
DA:79,8
DA:83,8
DA:86,7
DA:88,7
DA:89,0
DA:90,0
DA:93,119
DA:94,112
DA:96,7
DA:97,7
DA:99,7
DA:111,10
DA:113,10
DA:115,2
DA:116,2
DA:118,2
DA:119,0
DA:120,0
DA:123,2
DA:124,2
DA:126,2
DA:127,0
DA:130,10
DA:131,10
DA:132,10
DA:143,3
DA:147,3
DA:149,10
DA:150,7
DA:152,3
DA:153,3
DA:156,7
DA:157,4
DA:160,3
DA:161,0
DA:162,0
DA:163,0
DA:168,3
DA:182,273
DA:188,273
DA:191,272
DA:193,272
DA:197,1
DA:200,1
DA:201,0
DA:203,1
DA:206,1357
DA:211,1087
DA:212,815
DA:214,272
DA:216,272
DA:217,272
DA:218,272
DA:220,0
DA:221,0
DA:225,272
DA:228,0
DA:233,0
DA:235,0
DA:237,0
DA:246,272
DA:247,272
DA:249,272
DA:250,0
DA:252,0
DA:256,272
DA:257,1
DA:281,11
DA:283,284
DA:285,310
DA:286,301
DA:287,2
DA:288,26
DA:304,8
DA:306,8
DA:309,8
DA:313,13
DA:315,5
DA:318,8
DA:320,0
DA:321,0
DA:322,8
DA:323,6
DA:325,2
DA:329,8
DA:331,8
DA:340,2
DA:344,2
DA:348,7
DA:350,5
DA:352,6
DA:353,4
DA:355,2
DA:365,6
DA:367,11
DA:369,25
DA:370,14
DA:372,11
DA:373,6
DA:388,14
DA:390,14
DA:391,1
DA:392,1
DA:395,13
DA:396,3
DA:398,3
DA:399,3
DA:401,3
DA:403,3
DA:404,0
DA:406,3
DA:410,10
DA:412,10
DA:413,10
DA:415,10
DA:417,10
DA:421,0
DA:422,0
DA:423,0
DA:445,10
DA:448,10
DA:449,1
DA:450,1
DA:453,4
DA:455,9
DA:456,0
DA:459,9
DA:461,9
DA:462,9
DA:464,9
DA:481,3
DA:483,3
DA:489,2
DA:491,3
DA:492,1
DA:493,1
DA:496,2
DA:497,0
DA:499,0
DA:500,0
DA:501,0
DA:505,2
DA:506,0
DA:509,2
LF:148
LH:119
end_of_record
TN:
SF:/home/runner/work/dlt-daemon/dlt-daemon/src/daemon/dlt_daemon_offline_logstorage.c
FN:1028,1074,dlt_daemon_logstorage_update_application_loglevel_v2
FN:1088,1126,dlt_daemon_logstorage_get_loglevel
FN:111,134,dlt_logstorage_split_apid_ctid
FN:1145,1199,dlt_daemon_logstorage_write
FN:1212,1243,dlt_daemon_logstorage_setup_internal_storage
FN:1245,1249,dlt_daemon_logstorage_set_logstorage_cache_size
FN:1251,1275,dlt_daemon_logstorage_cleanup
FN:1277,1320,dlt_daemon_logstorage_sync_cache
FN:1322,1350,dlt_daemon_logstorage_get_device
FN:148,173,dlt_logstorage_split_ecuid_apid
FN:188,225,dlt_logstorage_split_multi
FN:241,274,dlt_logstorage_split_key
FN:286,323,dlt_daemon_logstorage_update_passive_node_context
FN:335,380,dlt_daemon_logstorage_update_passive_node_context_v2
FN:396,430,dlt_daemon_logstorage_send_log_level
FN:43,53,dlt_logstorage_split_ecuid
FN:446,480,dlt_daemon_logstorage_send_log_level_v2
FN:497,522,dlt_daemon_logstorage_reset_log_level
FN:538,572,dlt_daemon_logstorage_force_reset_level
FN:593,632,dlt_logstorage_update_all_contexts
FN:653,700,dlt_logstorage_update_all_contexts_v2
FN:67,76,dlt_logstorage_split_ctid
FN:719,751,dlt_logstorage_update_context
FN:765,815,dlt_logstorage_update_context_loglevel
FN:829,880,dlt_logstorage_update_context_loglevel_v2
FN:89,98,dlt_logstorage_split_apid
FN:897,952,dlt_daemon_logstorage_reset_application_loglevel
FN:967,1013,dlt_daemon_logstorage_update_application_loglevel
FNDA:0,dlt_daemon_logstorage_update_application_loglevel_v2
FNDA:4,dlt_daemon_logstorage_get_loglevel
FNDA:1,dlt_logstorage_split_apid_ctid
FNDA:449,dlt_daemon_logstorage_write
FNDA:3,dlt_daemon_logstorage_setup_internal_storage
FNDA:2,dlt_daemon_logstorage_set_logstorage_cache_size
FNDA:3,dlt_daemon_logstorage_cleanup
FNDA:3,dlt_daemon_logstorage_sync_cache
FNDA:4,dlt_daemon_logstorage_get_device
FNDA:1,dlt_logstorage_split_ecuid_apid
FNDA:14,dlt_logstorage_split_multi
FNDA:22,dlt_logstorage_split_key
FNDA:0,dlt_daemon_logstorage_update_passive_node_context
FNDA:0,dlt_daemon_logstorage_update_passive_node_context_v2
FNDA:2,dlt_daemon_logstorage_send_log_level
FNDA:0,dlt_logstorage_split_ecuid
[...]
DA:3811,0
DA:3813,0
DA:3814,0
DA:3815,0
DA:3819,0
DA:3822,0
DA:3823,0
DA:3824,0
DA:3827,0
DA:3828,0
DA:3829,0
DA:3831,0
DA:3836,0
DA:3838,0
DA:3841,9
DA:3844,9
DA:3845,1
DA:3846,1
DA:3849,8
DA:3851,8
DA:3854,8
DA:3855,8
DA:3856,8
DA:3859,8
DA:3861,8
DA:3864,13775
DA:3866,13775
DA:3869,17138
DA:3878,17138
DA:3881,17070
DA:3883,0
DA:3884,0
DA:3888,17070
DA:3889,17070
DA:3890,17070
DA:3893,17070
DA:3894,0
DA:3897,0
DA:3898,0
DA:3902,17070
DA:3903,0
DA:3904,17070
DA:3907,17070
DA:3910,17078
DA:3912,8
DA:3918,8
DA:3919,8
DA:3922,8
DA:3923,0
DA:3924,8
DA:3927,8
DA:3933,17070
DA:3934,17070
DA:3937,17070
DA:3939,17070
DA:3940,17070
DA:3942,17070
DA:3943,3298
DA:3945,17070
DA:3946,2759
DA:3949,17070
DA:3950,17070
DA:3952,17070
DA:3955,55
DA:3959,55
DA:3963,55
DA:3966,38
DA:3968,0
DA:3969,0
DA:3973,38
DA:3974,38
DA:3975,38
DA:3978,38
DA:3979,3
DA:3982,3
DA:3983,3
DA:3987,35
DA:3988,22
DA:3989,1
DA:3991,1
DA:3994,22
DA:3998,13
DA:3999,12
DA:4001,1
DA:4004,13
DA:4005,1
DA:4008,1
DA:4009,1
DA:4013,12
DA:4016,12
DA:4017,1
DA:4018,1
DA:4019,1
DA:4022,11
DA:4023,0
DA:4024,0
DA:4025,0
DA:4029,11
DA:4030,1
DA:4034,1
DA:4035,1
DA:4039,10
DA:4040,1
DA:4045,10
DA:4047,9
DA:4049,9
DA:4051,3
DA:4053,1
DA:4054,1
DA:4055,1
DA:4057,0
DA:4060,4
DA:4061,4
DA:4063,4
DA:4065,3
DA:4068,10
DA:4071,8
DA:4073,8
DA:4076,8
DA:4078,8
DA:4081,3
DA:4083,3
DA:4086,2
DA:4089,2
DA:4090,1
DA:4091,1
DA:4094,1
DA:4097,1
DA:4100,2
DA:4105,2
DA:4106,1
DA:4107,1
DA:4111,1
DA:4114,1
DA:4115,1
DA:4116,1
DA:4118,1
DA:4121,3
DA:4124,3
DA:4127,2
DA:4130,2503
DA:4135,2503
DA:4139,2502
DA:4142,2502
DA:4143,2502
DA:4144,2502
DA:4146,2502
DA:4149,2501
DA:4150,2501
DA:4152,0
DA:4155,8910
DA:4158,8910
DA:4162,8910
DA:4165,8910
DA:4170,0
DA:4175,0
DA:4178,0
DA:4187,0
DA:4198,0
DA:4204,0
DA:4210,0
DA:4211,0
DA:4216,0
DA:4217,0
DA:4222,0
DA:4223,0
DA:4227,0
DA:4236,0
DA:4241,0
DA:4246,0
DA:4248,0
DA:4250,0
DA:4252,0
DA:4254,0
DA:4256,0
DA:4258,0
DA:4260,0
DA:4262,0
DA:4264,0
DA:4266,0
DA:4268,0
DA:4270,0
DA:4272,0
DA:4274,0
DA:4276,0
DA:4278,0
DA:4280,0
DA:4282,0
DA:4284,0
DA:4286,0
DA:4288,0
DA:4290,0
DA:4292,0
DA:4294,0
DA:4296,0
DA:4298,0
DA:4300,0
DA:4302,0
DA:4304,0
DA:4311,0
DA:4313,0
DA:4315,0
DA:4317,0
DA:4319,0
DA:4321,0
DA:4323,0
DA:4325,0
DA:4327,0
DA:4329,0
DA:4331,0
DA:4333,0
DA:4335,0
DA:4337,0
DA:4339,0
DA:4341,0
DA:4343,0
DA:4345,0
DA:4348,0
DA:4350,0
DA:4354,0
DA:4356,0
DA:4360,0
DA:4362,0
DA:4366,0
DA:4368,0
DA:4378,0
DA:4386,6
DA:4388,6
DA:4389,0
DA:4390,0
DA:4403,9
DA:4405,9
DA:4406,0
DA:4407,0
DA:4413,9
DA:4415,9
DA:4416,0
DA:4417,0
DA:4424,6037
DA:4433,6037
DA:4434,6037
DA:4441,328
DA:4443,328
DA:4446,316
DA:4448,316
DA:4450,316
DA:4453,12
DA:4455,12
DA:4458,0
DA:4460,0
DA:4462,0
DA:4465,328
DA:4467,328
DA:4470,316
DA:4472,316
DA:4474,316
DA:4476,316
DA:4478,316
DA:4481,12
DA:4483,12
DA:4486,0
DA:4488,0
DA:4490,0
DA:4492,0
DA:4494,0
DA:4497,328
DA:4499,328
DA:4502,316
DA:4504,316
DA:4506,316
DA:4508,316
DA:4510,316
DA:4513,12
DA:4515,12
DA:4518,0
DA:4520,0
DA:4522,0
DA:4524,0
DA:4526,0
DA:4529,328
DA:4531,328
DA:4534,316
DA:4536,316
DA:4538,316
DA:4540,316
DA:4542,316
DA:4545,12
DA:4547,12
DA:4550,0
DA:4552,0
DA:4554,0
DA:4556,0
DA:4558,0
DA:4561,328
DA:4563,328
DA:4566,316
DA:4568,316
DA:4570,316
DA:4573,316
DA:4575,316
DA:4578,3183
DA:4583,3183
DA:4598,3168
DA:4599,3168
DA:4600,3168
DA:4601,3168
DA:4617,3168
DA:4618,1365
DA:4619,1365
DA:4621,1365
DA:4622,1365
DA:4624,1365
DA:4627,1365
DA:4629,0
DA:4632,1365
DA:4633,0
DA:4635,0
DA:4638,0
DA:4640,0
DA:4643,0
DA:4645,0
DA:4646,0
DA:4647,0
DA:4648,0
DA:4652,0
DA:4653,0
DA:4656,1365
DA:4658,1365
DA:4660,1803
DA:4662,112
DA:4663,0
DA:4665,0
DA:4668,0
DA:4670,0
DA:4673,0
DA:4675,0
DA:4676,0
DA:4677,0
DA:4678,0
DA:4682,0
DA:4683,0
DA:4687,112
DA:4689,112
DA:4692,110
DA:4693,1691
DA:4694,0
DA:4695,0
DA:4697,0
DA:4698,0
DA:4700,0
DA:4703,0
DA:4704,0
DA:4707,0
DA:4713,0
DA:4714,0
DA:4716,0
DA:4717,0
DA:4719,0
DA:4722,0
DA:4723,0
DA:4726,0
DA:4731,1691
DA:4732,0
DA:4733,0
DA:4735,0
DA:4738,0
DA:4741,0
DA:4742,0
DA:4744,0
DA:4747,0
DA:4750,0
DA:4751,0
DA:4753,0
DA:4759,0
DA:4760,0
DA:4761,0
DA:4763,0
DA:4767,0
DA:4768,0
DA:4770,0
DA:4773,0
DA:4774,0
DA:4776,1691
DA:4778,1564
DA:4779,0
DA:4781,0
DA:4784,0
DA:4785,0
DA:4787,0
DA:4790,0
DA:4792,0
DA:4795,0
DA:4797,0
DA:4798,0
DA:4799,0
DA:4800,0
DA:4804,0
DA:4805,0
DA:4807,0
DA:4812,0
DA:4814,0
DA:4815,0
DA:4818,1564
DA:4819,0
DA:4821,0
DA:4824,0
DA:4825,0
DA:4828,0
DA:4831,0
DA:4832,0
DA:4833,0
DA:4835,0
DA:4836,0
DA:4839,0
DA:4840,0
DA:4841,0
DA:4843,0
DA:4844,0
DA:4847,0
DA:4848,0
DA:4849,0
DA:4857,1564
DA:4858,14
DA:4859,14
DA:4861,7
DA:4863,7
DA:4866,7
DA:4869,7
DA:4871,7
DA:4874,7
DA:4879,21
DA:4880,21
DA:4883,7
DA:4885,7
DA:4888,7
DA:4889,7
DA:4893,14
DA:4895,14
DA:4898,14
DA:4899,14
DA:4904,1515
DA:4905,1515
DA:4908,287
DA:4910,287
DA:4913,287
DA:4918,1228
DA:4920,1228
DA:4923,1228
DA:4929,14
DA:4930,14
DA:4933,7
DA:4935,7
DA:4938,7
DA:4947,7
DA:4949,7
DA:4952,7
DA:4962,0
DA:4963,0
DA:4964,0
DA:4966,0
DA:4969,0
DA:4970,0
DA:4971,0
DA:4977,127
DA:4979,14
DA:4980,0
DA:4982,0
DA:4985,0
DA:4986,0
DA:4988,0
DA:4991,0
DA:4993,0
DA:4996,0
DA:4998,0
DA:4999,0
DA:5000,0
DA:5001,0
DA:5005,0
DA:5006,0
DA:5008,0
DA:5013,0
DA:5015,0
DA:5016,0
DA:5019,14
DA:5020,0
DA:5021,0
DA:5022,0
DA:5024,0
DA:5027,0
DA:5028,0
DA:5029,0
DA:5031,0
DA:5032,0
DA:5033,0
DA:5035,0
DA:5038,0
DA:5039,0
DA:5040,0
DA:5048,7
DA:5050,7
DA:5055,7
DA:5057,7
DA:5071,7
DA:5073,7
DA:5078,7
DA:5092,0
DA:5093,0
DA:5094,0
DA:5096,0
DA:5099,0
DA:5100,0
DA:5101,0
DA:5107,113
DA:5109,112
DA:5111,112
DA:5114,110
DA:5116,110
DA:5117,0
DA:5119,0
DA:5122,0
DA:5124,0
DA:5127,0
DA:5129,0
DA:5130,0
DA:5131,0
DA:5132,0
DA:5136,0
DA:5137,0
DA:5140,110
DA:5143,9
DA:5145,9
DA:5146,9
DA:5147,1
DA:5149,0
DA:5151,0
DA:5154,0
DA:5156,0
DA:5158,0
DA:5163,3062
DA:5164,0
DA:5165,0
DA:5169,3062
DA:5170,0
DA:5172,0
DA:5174,0
DA:5175,0
DA:5183,16
DA:5188,16
DA:5203,1
DA:5204,1
DA:5205,1
DA:5206,1
DA:5222,1
DA:5223,0
DA:5224,0
DA:5227,0
DA:5228,0
DA:5230,0
DA:5235,0
DA:5238,0
DA:5239,0
DA:5241,0
DA:5246,0
DA:5249,0
DA:5251,0
DA:5252,0
DA:5253,0
DA:5254,0
DA:5258,0
DA:5259,0
DA:5262,0
DA:5264,0
DA:5266,1
DA:5268,0
DA:5269,0
DA:5271,0
DA:5276,0
DA:5279,0
DA:5281,0
DA:5282,0
DA:5283,0
DA:5284,0
DA:5288,0
DA:5289,0
DA:5293,0
DA:5295,0
DA:5298,0
DA:5299,1
DA:5300,0
DA:5301,0
DA:5303,0
DA:5304,0
DA:5306,0
DA:5309,0
DA:5310,0
DA:5313,0
DA:5319,0
DA:5320,0
DA:5322,0
DA:5323,0
DA:5325,0
DA:5328,0
DA:5329,0
DA:5332,0
DA:5337,1
DA:5338,0
DA:5339,0
DA:5341,0
DA:5344,0
DA:5347,0
DA:5348,0
DA:5350,0
DA:5353,0
DA:5356,0
DA:5357,0
DA:5358,0
DA:5364,0
DA:5365,0
DA:5366,0
DA:5368,0
DA:5372,0
DA:5373,0
DA:5375,0
DA:5378,0
DA:5379,0
DA:5381,1
DA:5383,0
DA:5384,0
DA:5386,0
DA:5390,0
DA:5392,0
DA:5397,0
DA:5400,0
DA:5402,0
DA:5403,0
DA:5404,0
DA:5405,0
DA:5409,0
DA:5410,0
DA:5412,0
DA:5417,0
DA:5419,0
DA:5420,0
DA:5423,0
DA:5424,0
DA:5426,0
DA:5429,0
DA:5430,0
DA:5433,0
DA:5436,0
DA:5437,0
DA:5438,0
DA:5440,0
DA:5441,0
DA:5444,0
DA:5445,0
DA:5446,0
DA:5448,0
DA:5449,0
DA:5452,0
DA:5453,0
DA:5454,0
DA:5462,0
DA:5463,0
DA:5464,0
DA:5466,0
DA:5468,0
DA:5471,0
DA:5474,0
DA:5476,0
DA:5479,0
DA:5484,0
DA:5485,0
DA:5488,0
DA:5490,0
DA:5494,0
DA:5498,0
DA:5500,0
DA:5504,0
DA:5509,0
DA:5510,0
DA:5513,0
DA:5515,0
DA:5523,0
DA:5525,0
DA:5534,0
DA:5535,0
DA:5538,0
DA:5540,0
DA:5552,0
DA:5554,0
DA:5567,0
DA:5568,0
DA:5569,0
DA:5571,0
DA:5574,0
DA:5575,0
DA:5576,0
DA:5582,1
DA:5584,0
DA:5585,0
DA:5587,0
DA:5591,0
DA:5593,0
DA:5598,0
DA:5601,0
DA:5603,0
DA:5604,0
DA:5605,0
DA:5606,0
DA:5610,0
DA:5611,0
DA:5613,0
DA:5618,0
DA:5620,0
DA:5621,0
DA:5624,0
DA:5625,0
DA:5626,0
DA:5627,0
DA:5629,0
DA:5632,0
DA:5633,0
DA:5634,0
DA:5636,0
DA:5637,0
DA:5638,0
DA:5640,0
DA:5643,0
DA:5644,0
DA:5645,0
DA:5653,0
DA:5655,0
DA:5661,0
DA:5675,0
DA:5677,0
DA:5695,0
DA:5696,0
DA:5697,0
DA:5699,0
DA:5702,0
DA:5703,0
DA:5704,0
DA:5710,1
DA:5712,0
DA:5714,0
DA:5719,0
DA:5720,0
DA:5722,0
DA:5727,0
DA:5730,0
DA:5732,0
DA:5733,0
DA:5734,0
DA:5735,0
DA:5739,0
DA:5740,0
DA:5743,0
DA:5746,0
DA:5748,0
DA:5749,0
DA:5750,1
DA:5752,0
DA:5754,0
DA:5759,0
DA:5761,0
DA:5767,0
DA:5768,0
DA:5769,0
DA:5773,0
DA:5774,0
DA:5776,0
DA:5778,0
DA:5779,0
DA:5787,21002
DA:5789,21002
DA:5791,21002
DA:5792,0
DA:5794,21002
DA:5796,21002
DA:5797,0
DA:5799,0
DA:5800,0
DA:5803,21002
DA:5805,21002
DA:5806,0
DA:5808,0
DA:5809,0
DA:5813,21002
DA:5815,21002
DA:5816,0
DA:5818,21002
DA:5829,21002
DA:5831,2
DA:5837,2
DA:5843,2
DA:5845,2
DA:5846,2
DA:5848,2
DA:5849,2
DA:5850,2
DA:5851,2
DA:5857,14
DA:5859,14
DA:5862,14
DA:5868,14
DA:5869,14
DA:5870,14
DA:5871,14
DA:5873,14
DA:5875,14
DA:5878,12
DA:5880,12
DA:5883,12
DA:5889,12
DA:5890,12
DA:5892,12
DA:5894,12
DA:5897,0
DA:5899,0
DA:5902,0
DA:5908,0
DA:5909,0
DA:5911,0
DA:5913,0
DA:5916,11
DA:5918,11
DA:5924,11
DA:5925,11
DA:5927,11
DA:5930,20
DA:5932,20
DA:5936,20
DA:5942,289
DA:5943,269
DA:5944,269
DA:5945,269
DA:5946,269
DA:5952,0
DA:5954,0
DA:5956,0
DA:5961,0
DA:5962,0
DA:5963,0
DA:5968,0
DA:5969,0
DA:5971,0
DA:5972,0
DA:5974,0
DA:5975,0
DA:5980,0
DA:5984,0
DA:5986,0
DA:5989,0
DA:5993,0
DA:5997,3
DA:5999,3
DA:6001,3
DA:6003,3
DA:6006,1
DA:6008,1
DA:6009,0
DA:6010,0
DA:6013,106
DA:6015,105
DA:6016,0
DA:6019,105
DA:6021,105
DA:6024,105
DA:6026,105
DA:6029,105
DA:6031,105
DA:6034,105
DA:6036,0
DA:6038,0
DA:6039,0
DA:6042,105
DA:6044,105
DA:6049,105
DA:6051,105
DA:6057,105
DA:6058,105
DA:6060,105
DA:6062,105
DA:6065,1
DA:6066,1
DA:6070,0
DA:6075,0
DA:6077,0
DA:6081,0
DA:6083,0
DA:6086,0
DA:6089,0
DA:6090,0
DA:6092,0
DA:6094,0
DA:6095,0
DA:6097,0
DA:6100,0
DA:6102,0
DA:6105,0
DA:6108,0
DA:6109,0
DA:6111,0
DA:6112,0
DA:6113,0
DA:6116,0
DA:6120,0
DA:6121,0
DA:6123,0
DA:6126,0
DA:6127,0
DA:6131,0
DA:6132,0
DA:6135,5
DA:6137,5
DA:6138,0
DA:6139,0
DA:6142,5
DA:6143,5
DA:6146,6
DA:6148,6
DA:6151,6
DA:6152,6
DA:6154,5
DA:6156,5
DA:6157,0
DA:6159,5
DA:6160,5
DA:6161,5
LF:2587
LH:1204
end_of_record
TN:
SF:/home/runner/work/dlt-daemon/dlt-daemon/src/shared/dlt_config_file_parser.c
FN:121,159,dlt_config_file_set_section
FN:171,221,dlt_config_file_set_section_data
FN:250,268,dlt_config_file_get_section_name_from_string
FN:280,308,dlt_config_file_get_key_value
FN:320,343,dlt_config_file_read_line
FN:353,394,dlt_config_file_read_file
FN:405,422,dlt_config_file_find_section
FN:425,457,dlt_config_file_init
FN:459,486,dlt_config_file_release
FN:488,497,dlt_config_file_get_section_name
FN:499,511,dlt_config_file_get_num_sections
FN:513,545,dlt_config_file_get_value
FN:52,68,dlt_config_file_trim_line
FN:547,559,dlt_config_file_check_section_name_exists
FN:95,110,dlt_config_file_is_section_name
FNDA:19,dlt_config_file_set_section
FNDA:156,dlt_config_file_set_section_data
FNDA:19,dlt_config_file_get_section_name_from_string
FNDA:156,dlt_config_file_get_key_value
FNDA:175,dlt_config_file_read_line
FNDA:8,dlt_config_file_read_file
FNDA:251,dlt_config_file_find_section
FNDA:8,dlt_config_file_init
FNDA:8,dlt_config_file_release
FNDA:19,dlt_config_file_get_section_name
FNDA:8,dlt_config_file_get_num_sections
FNDA:248,dlt_config_file_get_value
FNDA:175,dlt_config_file_trim_line
FNDA:3,dlt_config_file_check_section_name_exists
FNDA:19,dlt_config_file_is_section_name
FNF:15
FNH:15
DA:52,175
DA:54,175
DA:60,3046
DA:61,2871
DA:63,2871
DA:64,2696
DA:67,175
DA:80,186
DA:95,19
DA:99,19
DA:102,85
DA:103,66
DA:105,66
DA:121,19
DA:123,19
DA:126,19
DA:127,0
DA:128,0
DA:132,19
DA:133,0
DA:134,0
DA:137,19
DA:140,19
DA:142,19
DA:143,0
DA:144,0
DA:147,19
DA:149,19
DA:150,0
DA:151,0
DA:152,0
DA:153,0
DA:157,19
DA:158,19
DA:171,156
DA:175,156
DA:178,156
DA:179,156
DA:181,156
DA:182,0
DA:183,0
DA:187,156
DA:189,156
DA:191,19
DA:193,19
DA:194,0
DA:195,0
DA:198,19
DA:200,137
DA:202,715
DA:203,578
DA:206,137
DA:208,137
DA:209,0
DA:210,0
DA:214,156
DA:215,156
DA:216,156
DA:218,156
DA:220,156
DA:235,175
DA:250,19
DA:255,19
DA:258,189
DA:259,189
DA:260,19
DA:261,170
DA:264,151
DA:280,156
DA:286,156
DA:289,156
DA:291,156
DA:293,156
DA:298,156
DA:300,156
DA:302,156
DA:307,156
DA:320,175
DA:322,175
DA:332,19
DA:339,156
DA:353,8
DA:356,8
DA:357,8
DA:358,8
DA:363,202
DA:364,186
DA:367,11
DA:368,11
DA:371,175
DA:374,175
DA:376,175
DA:377,19
DA:380,19
DA:384,156
DA:386,156
DA:387,156
DA:390,0
DA:391,0
DA:394,8
DA:405,251
DA:409,251
DA:410,0
DA:411,0
DA:414,1178
DA:415,1175
DA:417,1175
DA:418,248
DA:425,8
DA:430,8
DA:431,0
DA:432,0
DA:435,8
DA:437,8
DA:438,0
DA:439,0
DA:442,8
DA:445,8
DA:446,0
DA:447,0
DA:448,0
DA:451,8
DA:454,8
DA:456,8
DA:459,8
DA:463,8
DA:464,8
DA:466,27
DA:467,19
DA:468,19
DA:469,19
DA:471,19
DA:472,19
DA:474,175
DA:476,156
DA:477,156
DA:478,156
DA:479,156
DA:483,8
DA:484,8
DA:486,8
DA:488,19
DA:490,19
DA:493,19
DA:494,19
DA:496,19
DA:499,8
DA:501,8
DA:508,8
DA:510,8
DA:513,248
DA:519,248
DA:525,248
DA:527,248
DA:530,248
DA:532,248
DA:534,1557
DA:535,1462
DA:536,153
DA:537,153
DA:539,1309
DA:543,95
DA:544,95
DA:547,3
DA:551,3
DA:554,3
DA:555,3
LF:167
LH:140
end_of_record
TN:
SF:/home/runner/work/dlt-daemon/dlt-daemon/src/shared/dlt_log.c
FN:117,128,dlt_log_init_single_logfile
FN:130,159,dlt_log_init_multiple_logfiles
FN:161,187,dlt_user_printf
FN:189,252,dlt_log
FN:254,273,dlt_vlog
FN:275,300,dlt_vnlog
FN:302,310,dlt_log_multiple_files_write
FN:312,321,dlt_log_free
FN:323,328,dlt_log_free_single_logfile
FN:330,337,dlt_log_free_multiple_logfiles
FN:339,342,dlt_is_log_in_multiple_files_active
FN:55,65,dlt_log_set_filename
FN:67,77,dlt_log_set_level
FN:79,82,dlt_log_init
FN:85,115,dlt_log_init_multiple_logfiles_support
FNDA:4,dlt_log_init_single_logfile
FNDA:4,dlt_log_init_multiple_logfiles
FNDA:2852,dlt_user_printf
FNDA:5619,dlt_log
FNDA:29140,dlt_vlog
FNDA:3,dlt_vnlog
FNDA:12,dlt_log_multiple_files_write
FNDA:7,dlt_log_free
FNDA:2,dlt_log_free_single_logfile
FNDA:3,dlt_log_free_multiple_logfiles
FNDA:37,dlt_is_log_in_multiple_files_active
FNDA:9,dlt_log_set_filename
FNDA:11,dlt_log_set_level
FNDA:12,dlt_log_init
FNDA:18,dlt_log_init_multiple_logfiles_support
FNF:15
FNH:15
DA:55,9
DA:58,9
DA:59,1
DA:60,1
DA:64,8
DA:67,11
DA:69,11
DA:70,0
DA:71,0
DA:73,0
DA:75,11
DA:77,11
DA:79,12
DA:81,12
DA:85,18
DA:89,18
DA:90,0
DA:91,0
DA:94,18
DA:96,18
DA:101,7
DA:102,4
DA:103,4
DA:104,4
DA:105,1
DA:107,1
DA:110,3
DA:111,3
DA:117,4
DA:120,4
DA:121,4
DA:123,4
DA:124,0
DA:125,0
DA:130,4
DA:134,4
DA:136,4
DA:137,4
DA:140,4
DA:142,4
DA:144,4
DA:147,3
DA:148,3
DA:151,3
DA:155,3
DA:161,2852
DA:163,2852
DA:167,2852
DA:171,2852
DA:172,8
DA:177,8
DA:178,8
DA:179,2844
DA:180,2844
DA:181,2844
DA:184,2852
DA:186,2852
DA:189,5619
DA:196,5619
DA:199,5618
DA:202,5535
DA:205,5535
DA:207,5535
DA:208,118
DA:210,236
DA:211,118
DA:212,118
DA:213,118
DA:214,118
DA:215,5380
DA:217,10760
DA:218,5380
DA:219,5380
DA:221,0
DA:224,0
DA:225,0
DA:226,0
DA:227,0
DA:228,0
DA:230,0
DA:231,32
DA:234,32
DA:235,24
DA:236,12
DA:237,12
DA:238,20
DA:239,40
DA:240,20
DA:241,20
DA:242,20
DA:254,29140
DA:256,29140
DA:260,29140
DA:263,29140
DA:266,5482
DA:268,5482
DA:270,5482
DA:272,5482
DA:275,3
DA:281,3
DA:284,3
DA:287,3
DA:290,3
DA:292,3
DA:294,3
DA:296,3
DA:299,3
DA:302,12
DA:304,12
DA:306,12
DA:308,12
DA:309,12
DA:310,12
DA:312,7
DA:314,7
DA:315,5
DA:316,3
DA:318,2
DA:321,7
DA:323,2
DA:325,2
DA:326,2
DA:328,2
DA:330,3
DA:332,3
DA:336,3
DA:339,37
DA:341,37
LF:128
LH:114
end_of_record
TN:
SF:/home/runner/work/dlt-daemon/dlt-daemon/src/shared/dlt_multiple_files.c
FN:119,135,multiple_files_buffer_file_name
FN:137,150,multiple_files_buffer_get_idx_of_log_file
FN:152,222,multiple_files_buffer_create_new_file
FN:224,265,multiple_files_buffer_get_total_size
FN:267,350,multiple_files_buffer_delete_oldest_file
FN:352,384,multiple_files_buffer_check_size
FN:386,416,multiple_files_buffer_open_file_for_append
FN:418,444,multiple_files_buffer_init
FN:44,117,multiple_files_buffer_storage_dir_info
FN:446,462,multiple_files_buffer_rotate_file
FN:464,479,multiple_files_buffer_write_chunk
FN:481,491,multiple_files_buffer_write
FN:493,507,multiple_files_buffer_free
FNDA:9,multiple_files_buffer_file_name
FNDA:52,multiple_files_buffer_get_idx_of_log_file
FNDA:9,multiple_files_buffer_create_new_file
FNDA:21,multiple_files_buffer_get_total_size
FNDA:9,multiple_files_buffer_delete_oldest_file
FNDA:12,multiple_files_buffer_check_size
FNDA:3,multiple_files_buffer_open_file_for_append
FNDA:3,multiple_files_buffer_init
FNDA:12,multiple_files_buffer_storage_dir_info
FNDA:12,multiple_files_buffer_rotate_file
FNDA:12,multiple_files_buffer_write_chunk
FNDA:12,multiple_files_buffer_write
FNDA:3,multiple_files_buffer_free
FNF:13
FNH:13
DA:44,12
DA:48,12
DA:52,12
DA:53,0
DA:54,0
DA:57,12
DA:58,12
DA:61,421
DA:63,409
DA:65,409
DA:66,181
DA:67,35
DA:69,35
DA:72,23
DA:75,20
DA:81,35
DA:84,20
DA:87,20
DA:94,12
DA:95,12
DA:97,12
DA:102,12
DA:104,12
DA:111,421
DA:112,409
DA:114,12
DA:116,12
DA:119,9
DA:125,9
DA:130,9
DA:131,9
DA:132,9
DA:133,0
DA:135,9
DA:137,52
DA:139,52
DA:142,52
DA:145,52
DA:147,52
DA:149,52
DA:152,9
DA:154,9
DA:155,0
DA:156,0
DA:166,9
DA:169,0
DA:170,0
DA:171,0
DA:173,0
DA:176,0
DA:177,0
DA:179,0
DA:180,0
DA:181,0
DA:184,0
DA:186,0
DA:187,0
DA:188,0
DA:191,9
DA:192,9
DA:194,9
DA:195,9
DA:196,9
DA:200,9
DA:202,9
DA:203,9
DA:205,9
DA:206,0
DA:207,0
DA:212,9
DA:213,9
DA:215,9
DA:217,0
DA:218,0
DA:224,21
DA:226,21
DA:227,0
DA:228,0
DA:237,21
DA:238,21
DA:239,0
DA:240,0
DA:243,756
DA:245,735
DA:251,78
DA:252,78
DA:253,78
DA:254,78
DA:256,0
DA:261,21
DA:264,21
DA:267,9
DA:269,9
DA:270,0
DA:271,0
DA:282,9
DA:283,9
DA:286,9
DA:288,9
DA:291,335
DA:292,326
DA:298,43
DA:300,0
DA:303,43
DA:304,0
DA:305,0
DA:306,0
DA:307,0
DA:308,0
DA:310,0
DA:313,0
DA:317,43
DA:318,43
DA:319,27
DA:329,27
DA:335,9
DA:338,9
DA:339,9
DA:340,0
DA:341,0
DA:344,0
DA:345,0
DA:349,9
DA:352,12
DA:354,12
DA:355,0
DA:356,0
DA:362,12
DA:363,12
DA:364,0
DA:366,0
DA:369,12
DA:370,0
DA:371,0
DA:376,21
DA:377,21
DA:379,9
DA:383,12
DA:386,3
DA:388,3
DA:391,3
DA:392,3
DA:395,3
DA:396,3
DA:397,3
DA:400,0
DA:406,3
DA:407,0
DA:408,0
DA:412,3
DA:413,3
DA:415,3
DA:418,3
DA:422,3
DA:423,0
DA:424,0
DA:428,3
DA:429,3
DA:430,3
DA:431,3
DA:432,3
DA:433,3
DA:434,3
DA:435,3
DA:436,3
DA:438,3
DA:441,3
DA:442,6
DA:443,0
DA:446,12
DA:449,12
DA:453,9
DA:454,9
DA:457,9
DA:461,9
DA:464,12
DA:467,12
DA:468,0
DA:469,0
DA:472,12
DA:473,12
DA:474,0
DA:475,0
DA:481,12
DA:484,12
DA:487,12
DA:490,12
DA:493,3
DA:495,3
DA:496,0
DA:497,0
DA:500,3
DA:504,3
DA:506,3
LF:194
LH:135
end_of_record
TN:
SF:/home/runner/work/dlt-daemon/dlt-daemon/src/shared/dlt_offline_trace.c
FN:69,87,dlt_offline_trace_write
FNDA:0,dlt_offline_trace_write
FNF:1
FNH:0
DA:69,0
DA:73,0
DA:76,0
DA:79,0
DA:81,0
DA:83,0
LF:6
LH:0
end_of_record
TN:
SF:/home/runner/work/dlt-daemon/dlt-daemon/src/shared/dlt_protocol.c
FN:69,81,dlt_get_service_name
FNDA:9,dlt_get_service_name
FNF:1
FNH:1
DA:69,9
DA:71,9
DA:73,9
DA:74,9
DA:75,9
DA:77,9
DA:78,9
DA:80,0
LF:8
LH:7
end_of_record
TN:
SF:/home/runner/work/dlt-daemon/dlt-daemon/src/shared/dlt_user_shared.c
FN:113,120,dlt_user_check_userheader
FN:122,130,dlt_get_version_from_userheader
FN:132,152,dlt_user_log_out2
FN:154,173,dlt_user_log_out2_with_timeout
FN:175,220,dlt_user_log_out3
FN:222,242,dlt_user_log_out3_with_timeout
FN:79,94,dlt_user_set_userheader
FN:96,111,dlt_user_set_userheader_v2
FNDA:1338,dlt_user_check_userheader
FNDA:150,dlt_get_version_from_userheader
FNDA:448,dlt_user_log_out2
FNDA:8,dlt_user_log_out2_with_timeout
FNDA:6456,dlt_user_log_out3
FNDA:0,dlt_user_log_out3_with_timeout
FNDA:6766,dlt_user_set_userheader
FNDA:142,dlt_user_set_userheader_v2
FNF:8
FNH:7
DA:79,6766
DA:81,6766
DA:84,6766
DA:87,6766
DA:88,6766
DA:89,6766
DA:90,6766
DA:91,6766
DA:93,6766
DA:96,142
DA:98,142
DA:101,142
DA:104,142
DA:105,142
DA:106,142
DA:107,142
DA:108,142
DA:110,142
DA:113,1338
DA:115,1338
DA:118,1338
DA:119,2676
DA:122,150
DA:124,150
DA:127,150
DA:129,150
DA:132,448
DA:137,448
DA:141,389
DA:142,389
DA:143,389
DA:144,389
DA:146,389
DA:148,389
DA:154,8
DA:156,8
DA:161,8
DA:162,8
DA:164,8
DA:168,8
DA:169,8
DA:175,6456
DA:180,6456
DA:184,6375
DA:185,6375
DA:186,6375
DA:187,6375
DA:188,6375
DA:189,6375
DA:191,6375
DA:193,6375
DA:194,1308
DA:207,0
DA:208,0
DA:222,0
DA:225,0
DA:230,0
DA:231,0
DA:233,0
DA:237,0
DA:238,0
LF:61
LH:52
end_of_record
